Copyright 1986-2020 Xilinx, Inc. All Rights Reserved.
------------------------------------------------------------------------------------
| Tool Version : Vivado v.2020.1 (win64) Build 2902540 Wed May 27 19:54:49 MDT 2020
| Date         : Tue Nov 28 20:32:08 2023
| Host         : DESKTOP-5H8FS8B running 64-bit major release  (build 9200)
| Command      : upgrade_ip
| Device       : xc7a100tcsg324-1
------------------------------------------------------------------------------------

Upgrade Log for IP 'design_1_myTimer_0_0'

1. Summary
----------

SUCCESS in the upgrade of design_1_myTimer_0_0 (com.tr:user:myTimer:1.0) from (Rev. 6) to (Rev. 7)






Copyright 1986-2020 Xilinx, Inc. All Rights Reserved.
------------------------------------------------------------------------------------
| Tool Version : Vivado v.2020.1 (win64) Build 2902540 Wed May 27 19:54:49 MDT 2020
| Date         : Tue Nov 28 20:25:21 2023
| Host         : DESKTOP-5H8FS8B running 64-bit major release  (build 9200)
| Command      : upgrade_ip
| Device       : xc7a100tcsg324-1
------------------------------------------------------------------------------------

Upgrade Log for IP 'design_1_myTimer_0_0'

1. Summary
----------

SUCCESS in the upgrade of design_1_myTimer_0_0 (com.tr:user:myTimer:1.0) from (Rev. 5) to (Rev. 6)






Copyright 1986-2020 Xilinx, Inc. All Rights Reserved.
------------------------------------------------------------------------------------
| Tool Version : Vivado v.2020.1 (win64) Build 2902540 Wed May 27 19:54:49 MDT 2020
| Date         : Tue Nov 28 19:17:55 2023
| Host         : DESKTOP-5H8FS8B running 64-bit major release  (build 9200)
| Command      : upgrade_ip
| Device       : xc7a100tcsg324-1
------------------------------------------------------------------------------------

Upgrade Log for IP 'design_1_myTimer_0_0'

1. Summary
----------

SUCCESS in the upgrade of design_1_myTimer_0_0 (com.tr:user:myTimer:1.0) from (Rev. 4) to (Rev. 5)

