
*** Running vivado
    with args -log design_1_wrapper.vdi -applog -m64 -product Vivado -messageDb vivado.pb -mode batch -source design_1_wrapper.tcl -notrace



****** Vivado v2020.1 (64-bit)
  **** SW Build 2902540 on Wed May 27 19:54:49 MDT 2020
  **** IP Build 2902112 on Wed May 27 22:43:36 MDT 2020
    ** Copyright 1986-2020 Xilinx, Inc. All Rights Reserved.

source design_1_wrapper.tcl -notrace
INFO: [IP_Flow 19-234] Refreshing IP repositories
INFO: [IP_Flow 19-1700] Loaded user IP repository 'c:/Users/alise/Desktop/VIVADO/UTIL/IP_REPO'.
INFO: [IP_Flow 19-2313] Loaded Vivado IP repository 'C:/Xilinx/Vivado/2020.1/data/ip'.
Command: link_design -top design_1_wrapper -part xc7a100tcsg324-1
Design is defaulting to srcset: sources_1
Design is defaulting to constrset: constrs_1
INFO: [Device 21-403] Loading part xc7a100tcsg324-1
INFO: [Project 1-454] Reading design checkpoint 'c:/Users/alise/Desktop/VIVADO/PROJECTS/NEXYS_ESP/NEXYS_ESP.srcs/sources_1/bd/design_1/ip/design_1_axi_uartlite_0_0/design_1_axi_uartlite_0_0.dcp' for cell 'design_1_i/axi_uartlite_0'
INFO: [Project 1-454] Reading design checkpoint 'c:/Users/alise/Desktop/VIVADO/PROJECTS/NEXYS_ESP/NEXYS_ESP.srcs/sources_1/bd/design_1/ip/design_1_axi_uartlite_1_0/design_1_axi_uartlite_1_0.dcp' for cell 'design_1_i/axi_uartlite_1'
INFO: [Project 1-454] Reading design checkpoint 'c:/Users/alise/Desktop/VIVADO/PROJECTS/NEXYS_ESP/NEXYS_ESP.srcs/sources_1/bd/design_1/ip/design_1_clk_wiz_1_0/design_1_clk_wiz_1_0.dcp' for cell 'design_1_i/clk_wiz_1'
INFO: [Project 1-454] Reading design checkpoint 'c:/Users/alise/Desktop/VIVADO/PROJECTS/NEXYS_ESP/NEXYS_ESP.srcs/sources_1/bd/design_1/ip/design_1_mdm_1_0/design_1_mdm_1_0.dcp' for cell 'design_1_i/mdm_1'
INFO: [Project 1-454] Reading design checkpoint 'c:/Users/alise/Desktop/VIVADO/PROJECTS/NEXYS_ESP/NEXYS_ESP.srcs/sources_1/bd/design_1/ip/design_1_microblaze_0_0/design_1_microblaze_0_0.dcp' for cell 'design_1_i/microblaze_0'
INFO: [Project 1-454] Reading design checkpoint 'c:/Users/alise/Desktop/VIVADO/PROJECTS/NEXYS_ESP/NEXYS_ESP.srcs/sources_1/bd/design_1/ip/design_1_microblaze_0_axi_intc_0/design_1_microblaze_0_axi_intc_0.dcp' for cell 'design_1_i/microblaze_0_axi_intc'
INFO: [Project 1-454] Reading design checkpoint 'c:/Users/alise/Desktop/VIVADO/PROJECTS/NEXYS_ESP/NEXYS_ESP.srcs/sources_1/bd/design_1/ip/design_1_mig_7series_0_0/design_1_mig_7series_0_0.dcp' for cell 'design_1_i/mig_7series_0'
INFO: [Project 1-454] Reading design checkpoint 'c:/Users/alise/Desktop/VIVADO/PROJECTS/NEXYS_ESP/NEXYS_ESP.srcs/sources_1/bd/design_1/ip/design_1_reset_inv_0_0/design_1_reset_inv_0_0.dcp' for cell 'design_1_i/reset_inv_0'
INFO: [Project 1-454] Reading design checkpoint 'c:/Users/alise/Desktop/VIVADO/PROJECTS/NEXYS_ESP/NEXYS_ESP.srcs/sources_1/bd/design_1/ip/design_1_rst_clk_wiz_1_100M_0/design_1_rst_clk_wiz_1_100M_0.dcp' for cell 'design_1_i/rst_clk_wiz_1_100M'
INFO: [Project 1-454] Reading design checkpoint 'c:/Users/alise/Desktop/VIVADO/PROJECTS/NEXYS_ESP/NEXYS_ESP.srcs/sources_1/bd/design_1/ip/design_1_rst_mig_7series_0_81M_0/design_1_rst_mig_7series_0_81M_0.dcp' for cell 'design_1_i/rst_mig_7series_0_81M'
INFO: [Project 1-454] Reading design checkpoint 'c:/Users/alise/Desktop/VIVADO/PROJECTS/NEXYS_ESP/NEXYS_ESP.srcs/sources_1/bd/design_1/ip/design_1_xbar_1/design_1_xbar_1.dcp' for cell 'design_1_i/microblaze_0_axi_periph/xbar'
INFO: [Project 1-454] Reading design checkpoint 'c:/Users/alise/Desktop/VIVADO/PROJECTS/NEXYS_ESP/NEXYS_ESP.srcs/sources_1/bd/design_1/ip/design_1_auto_ds_0/design_1_auto_ds_0.dcp' for cell 'design_1_i/microblaze_0_axi_periph/m00_couplers/auto_ds'
INFO: [Project 1-454] Reading design checkpoint 'c:/Users/alise/Desktop/VIVADO/PROJECTS/NEXYS_ESP/NEXYS_ESP.srcs/sources_1/bd/design_1/ip/design_1_auto_pc_0/design_1_auto_pc_0.dcp' for cell 'design_1_i/microblaze_0_axi_periph/m00_couplers/auto_pc'
INFO: [Project 1-454] Reading design checkpoint 'c:/Users/alise/Desktop/VIVADO/PROJECTS/NEXYS_ESP/NEXYS_ESP.srcs/sources_1/bd/design_1/ip/design_1_auto_ds_1/design_1_auto_ds_1.dcp' for cell 'design_1_i/microblaze_0_axi_periph/m01_couplers/auto_ds'
INFO: [Project 1-454] Reading design checkpoint 'c:/Users/alise/Desktop/VIVADO/PROJECTS/NEXYS_ESP/NEXYS_ESP.srcs/sources_1/bd/design_1/ip/design_1_auto_pc_1/design_1_auto_pc_1.dcp' for cell 'design_1_i/microblaze_0_axi_periph/m01_couplers/auto_pc'
INFO: [Project 1-454] Reading design checkpoint 'c:/Users/alise/Desktop/VIVADO/PROJECTS/NEXYS_ESP/NEXYS_ESP.srcs/sources_1/bd/design_1/ip/design_1_auto_ds_2/design_1_auto_ds_2.dcp' for cell 'design_1_i/microblaze_0_axi_periph/m02_couplers/auto_ds'
INFO: [Project 1-454] Reading design checkpoint 'c:/Users/alise/Desktop/VIVADO/PROJECTS/NEXYS_ESP/NEXYS_ESP.srcs/sources_1/bd/design_1/ip/design_1_auto_pc_2/design_1_auto_pc_2.dcp' for cell 'design_1_i/microblaze_0_axi_periph/m02_couplers/auto_pc'
INFO: [Project 1-454] Reading design checkpoint 'c:/Users/alise/Desktop/VIVADO/PROJECTS/NEXYS_ESP/NEXYS_ESP.srcs/sources_1/bd/design_1/ip/design_1_auto_cc_0/design_1_auto_cc_0.dcp' for cell 'design_1_i/microblaze_0_axi_periph/m03_couplers/auto_cc'
INFO: [Project 1-454] Reading design checkpoint 'c:/Users/alise/Desktop/VIVADO/PROJECTS/NEXYS_ESP/NEXYS_ESP.srcs/sources_1/bd/design_1/ip/design_1_auto_pc_3/design_1_auto_pc_3.dcp' for cell 'design_1_i/microblaze_0_axi_periph/s00_couplers/auto_pc'
INFO: [Project 1-454] Reading design checkpoint 'c:/Users/alise/Desktop/VIVADO/PROJECTS/NEXYS_ESP/NEXYS_ESP.srcs/sources_1/bd/design_1/ip/design_1_auto_us_0/design_1_auto_us_0.dcp' for cell 'design_1_i/microblaze_0_axi_periph/s00_couplers/auto_us'
INFO: [Project 1-454] Reading design checkpoint 'c:/Users/alise/Desktop/VIVADO/PROJECTS/NEXYS_ESP/NEXYS_ESP.srcs/sources_1/bd/design_1/ip/design_1_auto_us_1/design_1_auto_us_1.dcp' for cell 'design_1_i/microblaze_0_axi_periph/s01_couplers/auto_us'
INFO: [Project 1-454] Reading design checkpoint 'c:/Users/alise/Desktop/VIVADO/PROJECTS/NEXYS_ESP/NEXYS_ESP.srcs/sources_1/bd/design_1/ip/design_1_auto_us_2/design_1_auto_us_2.dcp' for cell 'design_1_i/microblaze_0_axi_periph/s02_couplers/auto_us'
INFO: [Project 1-454] Reading design checkpoint 'c:/Users/alise/Desktop/VIVADO/PROJECTS/NEXYS_ESP/NEXYS_ESP.srcs/sources_1/bd/design_1/ip/design_1_dlmb_bram_if_cntlr_0/design_1_dlmb_bram_if_cntlr_0.dcp' for cell 'design_1_i/microblaze_0_local_memory/dlmb_bram_if_cntlr'
INFO: [Project 1-454] Reading design checkpoint 'c:/Users/alise/Desktop/VIVADO/PROJECTS/NEXYS_ESP/NEXYS_ESP.srcs/sources_1/bd/design_1/ip/design_1_dlmb_v10_0/design_1_dlmb_v10_0.dcp' for cell 'design_1_i/microblaze_0_local_memory/dlmb_v10'
INFO: [Project 1-454] Reading design checkpoint 'c:/Users/alise/Desktop/VIVADO/PROJECTS/NEXYS_ESP/NEXYS_ESP.srcs/sources_1/bd/design_1/ip/design_1_ilmb_bram_if_cntlr_0/design_1_ilmb_bram_if_cntlr_0.dcp' for cell 'design_1_i/microblaze_0_local_memory/ilmb_bram_if_cntlr'
INFO: [Project 1-454] Reading design checkpoint 'c:/Users/alise/Desktop/VIVADO/PROJECTS/NEXYS_ESP/NEXYS_ESP.srcs/sources_1/bd/design_1/ip/design_1_ilmb_v10_0/design_1_ilmb_v10_0.dcp' for cell 'design_1_i/microblaze_0_local_memory/ilmb_v10'
INFO: [Project 1-454] Reading design checkpoint 'c:/Users/alise/Desktop/VIVADO/PROJECTS/NEXYS_ESP/NEXYS_ESP.srcs/sources_1/bd/design_1/ip/design_1_lmb_bram_0/design_1_lmb_bram_0.dcp' for cell 'design_1_i/microblaze_0_local_memory/lmb_bram'
Netlist sorting complete. Time (s): cpu = 00:00:00 ; elapsed = 00:00:00.851 . Memory (MB): peak = 1029.715 ; gain = 0.000
INFO: [Netlist 29-17] Analyzing 909 Unisim elements for replacement
INFO: [Netlist 29-28] Unisim Transformation completed in 1 CPU seconds
INFO: [Project 1-479] Netlist was created with Vivado 2020.1
INFO: [Project 1-570] Preparing netlist for logic optimization
Parsing XDC File [c:/Users/alise/Desktop/VIVADO/PROJECTS/NEXYS_ESP/NEXYS_ESP.srcs/sources_1/bd/design_1/ip/design_1_axi_uartlite_0_0/design_1_axi_uartlite_0_0_board.xdc] for cell 'design_1_i/axi_uartlite_0/U0'
Finished Parsing XDC File [c:/Users/alise/Desktop/VIVADO/PROJECTS/NEXYS_ESP/NEXYS_ESP.srcs/sources_1/bd/design_1/ip/design_1_axi_uartlite_0_0/design_1_axi_uartlite_0_0_board.xdc] for cell 'design_1_i/axi_uartlite_0/U0'
Parsing XDC File [c:/Users/alise/Desktop/VIVADO/PROJECTS/NEXYS_ESP/NEXYS_ESP.srcs/sources_1/bd/design_1/ip/design_1_axi_uartlite_0_0/design_1_axi_uartlite_0_0.xdc] for cell 'design_1_i/axi_uartlite_0/U0'
Finished Parsing XDC File [c:/Users/alise/Desktop/VIVADO/PROJECTS/NEXYS_ESP/NEXYS_ESP.srcs/sources_1/bd/design_1/ip/design_1_axi_uartlite_0_0/design_1_axi_uartlite_0_0.xdc] for cell 'design_1_i/axi_uartlite_0/U0'
Parsing XDC File [c:/Users/alise/Desktop/VIVADO/PROJECTS/NEXYS_ESP/NEXYS_ESP.srcs/sources_1/bd/design_1/ip/design_1_axi_uartlite_1_0/design_1_axi_uartlite_1_0_board.xdc] for cell 'design_1_i/axi_uartlite_1/U0'
Finished Parsing XDC File [c:/Users/alise/Desktop/VIVADO/PROJECTS/NEXYS_ESP/NEXYS_ESP.srcs/sources_1/bd/design_1/ip/design_1_axi_uartlite_1_0/design_1_axi_uartlite_1_0_board.xdc] for cell 'design_1_i/axi_uartlite_1/U0'
Parsing XDC File [c:/Users/alise/Desktop/VIVADO/PROJECTS/NEXYS_ESP/NEXYS_ESP.srcs/sources_1/bd/design_1/ip/design_1_axi_uartlite_1_0/design_1_axi_uartlite_1_0.xdc] for cell 'design_1_i/axi_uartlite_1/U0'
Finished Parsing XDC File [c:/Users/alise/Desktop/VIVADO/PROJECTS/NEXYS_ESP/NEXYS_ESP.srcs/sources_1/bd/design_1/ip/design_1_axi_uartlite_1_0/design_1_axi_uartlite_1_0.xdc] for cell 'design_1_i/axi_uartlite_1/U0'
Parsing XDC File [c:/Users/alise/Desktop/VIVADO/PROJECTS/NEXYS_ESP/NEXYS_ESP.srcs/sources_1/bd/design_1/ip/design_1_clk_wiz_1_0/design_1_clk_wiz_1_0_board.xdc] for cell 'design_1_i/clk_wiz_1/inst'
Finished Parsing XDC File [c:/Users/alise/Desktop/VIVADO/PROJECTS/NEXYS_ESP/NEXYS_ESP.srcs/sources_1/bd/design_1/ip/design_1_clk_wiz_1_0/design_1_clk_wiz_1_0_board.xdc] for cell 'design_1_i/clk_wiz_1/inst'
Parsing XDC File [c:/Users/alise/Desktop/VIVADO/PROJECTS/NEXYS_ESP/NEXYS_ESP.srcs/sources_1/bd/design_1/ip/design_1_clk_wiz_1_0/design_1_clk_wiz_1_0.xdc] for cell 'design_1_i/clk_wiz_1/inst'
INFO: [Timing 38-35] Done setting XDC timing constraints. [c:/Users/alise/Desktop/VIVADO/PROJECTS/NEXYS_ESP/NEXYS_ESP.srcs/sources_1/bd/design_1/ip/design_1_clk_wiz_1_0/design_1_clk_wiz_1_0.xdc:57]
WARNING: [Timing 38-305] Skipping automatic recalibration of MEMREFCLK_PERIOD on instance design_1_i/mig_7series_0/u_design_1_mig_7series_0_0_mig/u_memc_ui_top_axi/mem_intfc0/ddr_phy_top0/u_ddr_mc_phy_wrapper/u_ddr_mc_phy/ddr_phy_4lanes_0.u_ddr_phy_4lanes/ddr_byte_lane_A.ddr_byte_lane_A/phaser_out because the value of 6.154 obtained from clock propagation is outside the allowed range. [c:/Users/alise/Desktop/VIVADO/PROJECTS/NEXYS_ESP/NEXYS_ESP.srcs/sources_1/bd/design_1/ip/design_1_clk_wiz_1_0/design_1_clk_wiz_1_0.xdc:57]
WARNING: [Timing 38-305] Skipping automatic recalibration of MEMREFCLK_PERIOD on instance design_1_i/mig_7series_0/u_design_1_mig_7series_0_0_mig/u_memc_ui_top_axi/mem_intfc0/ddr_phy_top0/u_ddr_mc_phy_wrapper/u_ddr_mc_phy/ddr_phy_4lanes_0.u_ddr_phy_4lanes/ddr_byte_lane_B.ddr_byte_lane_B/phaser_out because the value of 6.154 obtained from clock propagation is outside the allowed range. [c:/Users/alise/Desktop/VIVADO/PROJECTS/NEXYS_ESP/NEXYS_ESP.srcs/sources_1/bd/design_1/ip/design_1_clk_wiz_1_0/design_1_clk_wiz_1_0.xdc:57]
WARNING: [Timing 38-305] Skipping automatic recalibration of MEMREFCLK_PERIOD on instance design_1_i/mig_7series_0/u_design_1_mig_7series_0_0_mig/u_memc_ui_top_axi/mem_intfc0/ddr_phy_top0/u_ddr_mc_phy_wrapper/u_ddr_mc_phy/ddr_phy_4lanes_0.u_ddr_phy_4lanes/ddr_byte_lane_C.ddr_byte_lane_C/phaser_out because the value of 6.154 obtained from clock propagation is outside the allowed range. [c:/Users/alise/Desktop/VIVADO/PROJECTS/NEXYS_ESP/NEXYS_ESP.srcs/sources_1/bd/design_1/ip/design_1_clk_wiz_1_0/design_1_clk_wiz_1_0.xdc:57]
WARNING: [Timing 38-305] Skipping automatic recalibration of MEMREFCLK_PERIOD on instance design_1_i/mig_7series_0/u_design_1_mig_7series_0_0_mig/u_memc_ui_top_axi/mem_intfc0/ddr_phy_top0/u_ddr_mc_phy_wrapper/u_ddr_mc_phy/ddr_phy_4lanes_0.u_ddr_phy_4lanes/ddr_byte_lane_D.ddr_byte_lane_D/phaser_out because the value of 6.154 obtained from clock propagation is outside the allowed range. [c:/Users/alise/Desktop/VIVADO/PROJECTS/NEXYS_ESP/NEXYS_ESP.srcs/sources_1/bd/design_1/ip/design_1_clk_wiz_1_0/design_1_clk_wiz_1_0.xdc:57]
INFO: [Timing 38-2] Deriving generated clocks [c:/Users/alise/Desktop/VIVADO/PROJECTS/NEXYS_ESP/NEXYS_ESP.srcs/sources_1/bd/design_1/ip/design_1_clk_wiz_1_0/design_1_clk_wiz_1_0.xdc:57]
get_clocks: Time (s): cpu = 00:00:10 ; elapsed = 00:00:09 . Memory (MB): peak = 1580.984 ; gain = 551.270
Finished Parsing XDC File [c:/Users/alise/Desktop/VIVADO/PROJECTS/NEXYS_ESP/NEXYS_ESP.srcs/sources_1/bd/design_1/ip/design_1_clk_wiz_1_0/design_1_clk_wiz_1_0.xdc] for cell 'design_1_i/clk_wiz_1/inst'
Parsing XDC File [c:/Users/alise/Desktop/VIVADO/PROJECTS/NEXYS_ESP/NEXYS_ESP.srcs/sources_1/bd/design_1/ip/design_1_mdm_1_0/design_1_mdm_1_0.xdc] for cell 'design_1_i/mdm_1/U0'
WARNING: [Timing 38-305] Skipping automatic recalibration of MEMREFCLK_PERIOD on instance design_1_i/mig_7series_0/u_design_1_mig_7series_0_0_mig/u_memc_ui_top_axi/mem_intfc0/ddr_phy_top0/u_ddr_mc_phy_wrapper/u_ddr_mc_phy/ddr_phy_4lanes_0.u_ddr_phy_4lanes/ddr_byte_lane_A.ddr_byte_lane_A/phaser_out because the value of 6.154 obtained from clock propagation is outside the allowed range. [c:/Users/alise/Desktop/VIVADO/PROJECTS/NEXYS_ESP/NEXYS_ESP.srcs/sources_1/bd/design_1/ip/design_1_mdm_1_0/design_1_mdm_1_0.xdc:50]
WARNING: [Timing 38-305] Skipping automatic recalibration of MEMREFCLK_PERIOD on instance design_1_i/mig_7series_0/u_design_1_mig_7series_0_0_mig/u_memc_ui_top_axi/mem_intfc0/ddr_phy_top0/u_ddr_mc_phy_wrapper/u_ddr_mc_phy/ddr_phy_4lanes_0.u_ddr_phy_4lanes/ddr_byte_lane_B.ddr_byte_lane_B/phaser_out because the value of 6.154 obtained from clock propagation is outside the allowed range. [c:/Users/alise/Desktop/VIVADO/PROJECTS/NEXYS_ESP/NEXYS_ESP.srcs/sources_1/bd/design_1/ip/design_1_mdm_1_0/design_1_mdm_1_0.xdc:50]
WARNING: [Timing 38-305] Skipping automatic recalibration of MEMREFCLK_PERIOD on instance design_1_i/mig_7series_0/u_design_1_mig_7series_0_0_mig/u_memc_ui_top_axi/mem_intfc0/ddr_phy_top0/u_ddr_mc_phy_wrapper/u_ddr_mc_phy/ddr_phy_4lanes_0.u_ddr_phy_4lanes/ddr_byte_lane_C.ddr_byte_lane_C/phaser_out because the value of 6.154 obtained from clock propagation is outside the allowed range. [c:/Users/alise/Desktop/VIVADO/PROJECTS/NEXYS_ESP/NEXYS_ESP.srcs/sources_1/bd/design_1/ip/design_1_mdm_1_0/design_1_mdm_1_0.xdc:50]
WARNING: [Timing 38-305] Skipping automatic recalibration of MEMREFCLK_PERIOD on instance design_1_i/mig_7series_0/u_design_1_mig_7series_0_0_mig/u_memc_ui_top_axi/mem_intfc0/ddr_phy_top0/u_ddr_mc_phy_wrapper/u_ddr_mc_phy/ddr_phy_4lanes_0.u_ddr_phy_4lanes/ddr_byte_lane_D.ddr_byte_lane_D/phaser_out because the value of 6.154 obtained from clock propagation is outside the allowed range. [c:/Users/alise/Desktop/VIVADO/PROJECTS/NEXYS_ESP/NEXYS_ESP.srcs/sources_1/bd/design_1/ip/design_1_mdm_1_0/design_1_mdm_1_0.xdc:50]
Finished Parsing XDC File [c:/Users/alise/Desktop/VIVADO/PROJECTS/NEXYS_ESP/NEXYS_ESP.srcs/sources_1/bd/design_1/ip/design_1_mdm_1_0/design_1_mdm_1_0.xdc] for cell 'design_1_i/mdm_1/U0'
Parsing XDC File [c:/Users/alise/Desktop/VIVADO/PROJECTS/NEXYS_ESP/NEXYS_ESP.srcs/sources_1/bd/design_1/ip/design_1_microblaze_0_0/design_1_microblaze_0_0.xdc] for cell 'design_1_i/microblaze_0/U0'
Finished Parsing XDC File [c:/Users/alise/Desktop/VIVADO/PROJECTS/NEXYS_ESP/NEXYS_ESP.srcs/sources_1/bd/design_1/ip/design_1_microblaze_0_0/design_1_microblaze_0_0.xdc] for cell 'design_1_i/microblaze_0/U0'
Parsing XDC File [c:/Users/alise/Desktop/VIVADO/PROJECTS/NEXYS_ESP/NEXYS_ESP.srcs/sources_1/bd/design_1/ip/design_1_microblaze_0_axi_intc_0/design_1_microblaze_0_axi_intc_0.xdc] for cell 'design_1_i/microblaze_0_axi_intc/U0'
Finished Parsing XDC File [c:/Users/alise/Desktop/VIVADO/PROJECTS/NEXYS_ESP/NEXYS_ESP.srcs/sources_1/bd/design_1/ip/design_1_microblaze_0_axi_intc_0/design_1_microblaze_0_axi_intc_0.xdc] for cell 'design_1_i/microblaze_0_axi_intc/U0'
Parsing XDC File [c:/Users/alise/Desktop/VIVADO/PROJECTS/NEXYS_ESP/NEXYS_ESP.srcs/sources_1/bd/design_1/ip/design_1_rst_clk_wiz_1_100M_0/design_1_rst_clk_wiz_1_100M_0_board.xdc] for cell 'design_1_i/rst_clk_wiz_1_100M/U0'
Finished Parsing XDC File [c:/Users/alise/Desktop/VIVADO/PROJECTS/NEXYS_ESP/NEXYS_ESP.srcs/sources_1/bd/design_1/ip/design_1_rst_clk_wiz_1_100M_0/design_1_rst_clk_wiz_1_100M_0_board.xdc] for cell 'design_1_i/rst_clk_wiz_1_100M/U0'
Parsing XDC File [c:/Users/alise/Desktop/VIVADO/PROJECTS/NEXYS_ESP/NEXYS_ESP.srcs/sources_1/bd/design_1/ip/design_1_rst_clk_wiz_1_100M_0/design_1_rst_clk_wiz_1_100M_0.xdc] for cell 'design_1_i/rst_clk_wiz_1_100M/U0'
Finished Parsing XDC File [c:/Users/alise/Desktop/VIVADO/PROJECTS/NEXYS_ESP/NEXYS_ESP.srcs/sources_1/bd/design_1/ip/design_1_rst_clk_wiz_1_100M_0/design_1_rst_clk_wiz_1_100M_0.xdc] for cell 'design_1_i/rst_clk_wiz_1_100M/U0'
Parsing XDC File [c:/Users/alise/Desktop/VIVADO/PROJECTS/NEXYS_ESP/NEXYS_ESP.srcs/sources_1/bd/design_1/ip/design_1_mig_7series_0_0/design_1_mig_7series_0_0/user_design/constraints/design_1_mig_7series_0_0.xdc] for cell 'design_1_i/mig_7series_0'
Finished Parsing XDC File [c:/Users/alise/Desktop/VIVADO/PROJECTS/NEXYS_ESP/NEXYS_ESP.srcs/sources_1/bd/design_1/ip/design_1_mig_7series_0_0/design_1_mig_7series_0_0/user_design/constraints/design_1_mig_7series_0_0.xdc] for cell 'design_1_i/mig_7series_0'
Parsing XDC File [c:/Users/alise/Desktop/VIVADO/PROJECTS/NEXYS_ESP/NEXYS_ESP.srcs/sources_1/bd/design_1/ip/design_1_mig_7series_0_0/design_1_mig_7series_0_0_board.xdc] for cell 'design_1_i/mig_7series_0'
Finished Parsing XDC File [c:/Users/alise/Desktop/VIVADO/PROJECTS/NEXYS_ESP/NEXYS_ESP.srcs/sources_1/bd/design_1/ip/design_1_mig_7series_0_0/design_1_mig_7series_0_0_board.xdc] for cell 'design_1_i/mig_7series_0'
Parsing XDC File [c:/Users/alise/Desktop/VIVADO/PROJECTS/NEXYS_ESP/NEXYS_ESP.srcs/sources_1/bd/design_1/ip/design_1_rst_mig_7series_0_81M_0/design_1_rst_mig_7series_0_81M_0_board.xdc] for cell 'design_1_i/rst_mig_7series_0_81M/U0'
Finished Parsing XDC File [c:/Users/alise/Desktop/VIVADO/PROJECTS/NEXYS_ESP/NEXYS_ESP.srcs/sources_1/bd/design_1/ip/design_1_rst_mig_7series_0_81M_0/design_1_rst_mig_7series_0_81M_0_board.xdc] for cell 'design_1_i/rst_mig_7series_0_81M/U0'
Parsing XDC File [c:/Users/alise/Desktop/VIVADO/PROJECTS/NEXYS_ESP/NEXYS_ESP.srcs/sources_1/bd/design_1/ip/design_1_rst_mig_7series_0_81M_0/design_1_rst_mig_7series_0_81M_0.xdc] for cell 'design_1_i/rst_mig_7series_0_81M/U0'
Finished Parsing XDC File [c:/Users/alise/Desktop/VIVADO/PROJECTS/NEXYS_ESP/NEXYS_ESP.srcs/sources_1/bd/design_1/ip/design_1_rst_mig_7series_0_81M_0/design_1_rst_mig_7series_0_81M_0.xdc] for cell 'design_1_i/rst_mig_7series_0_81M/U0'
Parsing XDC File [C:/Users/alise/Desktop/VIVADO/PROJECTS/NEXYS_ESP/NEXYS_ESP.srcs/constrs_1/new/cns.xdc]
Finished Parsing XDC File [C:/Users/alise/Desktop/VIVADO/PROJECTS/NEXYS_ESP/NEXYS_ESP.srcs/constrs_1/new/cns.xdc]
Parsing XDC File [c:/Users/alise/Desktop/VIVADO/PROJECTS/NEXYS_ESP/NEXYS_ESP.srcs/sources_1/bd/design_1/ip/design_1_microblaze_0_axi_intc_0/design_1_microblaze_0_axi_intc_0_clocks.xdc] for cell 'design_1_i/microblaze_0_axi_intc/U0'
Finished Parsing XDC File [c:/Users/alise/Desktop/VIVADO/PROJECTS/NEXYS_ESP/NEXYS_ESP.srcs/sources_1/bd/design_1/ip/design_1_microblaze_0_axi_intc_0/design_1_microblaze_0_axi_intc_0_clocks.xdc] for cell 'design_1_i/microblaze_0_axi_intc/U0'
Parsing XDC File [c:/Users/alise/Desktop/VIVADO/PROJECTS/NEXYS_ESP/NEXYS_ESP.srcs/sources_1/bd/design_1/ip/design_1_auto_us_0/design_1_auto_us_0_clocks.xdc] for cell 'design_1_i/microblaze_0_axi_periph/s00_couplers/auto_us/inst'
Finished Parsing XDC File [c:/Users/alise/Desktop/VIVADO/PROJECTS/NEXYS_ESP/NEXYS_ESP.srcs/sources_1/bd/design_1/ip/design_1_auto_us_0/design_1_auto_us_0_clocks.xdc] for cell 'design_1_i/microblaze_0_axi_periph/s00_couplers/auto_us/inst'
Parsing XDC File [c:/Users/alise/Desktop/VIVADO/PROJECTS/NEXYS_ESP/NEXYS_ESP.srcs/sources_1/bd/design_1/ip/design_1_auto_us_1/design_1_auto_us_1_clocks.xdc] for cell 'design_1_i/microblaze_0_axi_periph/s01_couplers/auto_us/inst'
Finished Parsing XDC File [c:/Users/alise/Desktop/VIVADO/PROJECTS/NEXYS_ESP/NEXYS_ESP.srcs/sources_1/bd/design_1/ip/design_1_auto_us_1/design_1_auto_us_1_clocks.xdc] for cell 'design_1_i/microblaze_0_axi_periph/s01_couplers/auto_us/inst'
Parsing XDC File [c:/Users/alise/Desktop/VIVADO/PROJECTS/NEXYS_ESP/NEXYS_ESP.srcs/sources_1/bd/design_1/ip/design_1_auto_us_2/design_1_auto_us_2_clocks.xdc] for cell 'design_1_i/microblaze_0_axi_periph/s02_couplers/auto_us/inst'
Finished Parsing XDC File [c:/Users/alise/Desktop/VIVADO/PROJECTS/NEXYS_ESP/NEXYS_ESP.srcs/sources_1/bd/design_1/ip/design_1_auto_us_2/design_1_auto_us_2_clocks.xdc] for cell 'design_1_i/microblaze_0_axi_periph/s02_couplers/auto_us/inst'
Parsing XDC File [c:/Users/alise/Desktop/VIVADO/PROJECTS/NEXYS_ESP/NEXYS_ESP.srcs/sources_1/bd/design_1/ip/design_1_auto_ds_0/design_1_auto_ds_0_clocks.xdc] for cell 'design_1_i/microblaze_0_axi_periph/m00_couplers/auto_ds/inst'
Finished Parsing XDC File [c:/Users/alise/Desktop/VIVADO/PROJECTS/NEXYS_ESP/NEXYS_ESP.srcs/sources_1/bd/design_1/ip/design_1_auto_ds_0/design_1_auto_ds_0_clocks.xdc] for cell 'design_1_i/microblaze_0_axi_periph/m00_couplers/auto_ds/inst'
Parsing XDC File [c:/Users/alise/Desktop/VIVADO/PROJECTS/NEXYS_ESP/NEXYS_ESP.srcs/sources_1/bd/design_1/ip/design_1_auto_ds_1/design_1_auto_ds_1_clocks.xdc] for cell 'design_1_i/microblaze_0_axi_periph/m01_couplers/auto_ds/inst'
Finished Parsing XDC File [c:/Users/alise/Desktop/VIVADO/PROJECTS/NEXYS_ESP/NEXYS_ESP.srcs/sources_1/bd/design_1/ip/design_1_auto_ds_1/design_1_auto_ds_1_clocks.xdc] for cell 'design_1_i/microblaze_0_axi_periph/m01_couplers/auto_ds/inst'
Parsing XDC File [c:/Users/alise/Desktop/VIVADO/PROJECTS/NEXYS_ESP/NEXYS_ESP.srcs/sources_1/bd/design_1/ip/design_1_auto_ds_2/design_1_auto_ds_2_clocks.xdc] for cell 'design_1_i/microblaze_0_axi_periph/m02_couplers/auto_ds/inst'
Finished Parsing XDC File [c:/Users/alise/Desktop/VIVADO/PROJECTS/NEXYS_ESP/NEXYS_ESP.srcs/sources_1/bd/design_1/ip/design_1_auto_ds_2/design_1_auto_ds_2_clocks.xdc] for cell 'design_1_i/microblaze_0_axi_periph/m02_couplers/auto_ds/inst'
Parsing XDC File [c:/Users/alise/Desktop/VIVADO/PROJECTS/NEXYS_ESP/NEXYS_ESP.srcs/sources_1/bd/design_1/ip/design_1_auto_cc_0/design_1_auto_cc_0_clocks.xdc] for cell 'design_1_i/microblaze_0_axi_periph/m03_couplers/auto_cc/inst'
Finished Parsing XDC File [c:/Users/alise/Desktop/VIVADO/PROJECTS/NEXYS_ESP/NEXYS_ESP.srcs/sources_1/bd/design_1/ip/design_1_auto_cc_0/design_1_auto_cc_0_clocks.xdc] for cell 'design_1_i/microblaze_0_axi_periph/m03_couplers/auto_cc/inst'
Sourcing Tcl File [C:/Xilinx/Vivado/2020.1/data/ip/xpm/xpm_cdc/tcl/xpm_cdc_async_rst.tcl] for cell 'design_1_i/microblaze_0_axi_periph/m03_couplers/auto_cc/inst/gen_clock_conv.gen_async_conv.asyncfifo_axi/inst_fifo_gen/gaxi_full_lite.gread_ch.grdch2.axi_rdch/grf.rf/rstblk/ngwrdrst.grst.g7serrst.gnsckt_wrst.gic_rst.rst_rd_reg2_inst'
Finished Sourcing Tcl File [C:/Xilinx/Vivado/2020.1/data/ip/xpm/xpm_cdc/tcl/xpm_cdc_async_rst.tcl] for cell 'design_1_i/microblaze_0_axi_periph/m03_couplers/auto_cc/inst/gen_clock_conv.gen_async_conv.asyncfifo_axi/inst_fifo_gen/gaxi_full_lite.gread_ch.grdch2.axi_rdch/grf.rf/rstblk/ngwrdrst.grst.g7serrst.gnsckt_wrst.gic_rst.rst_rd_reg2_inst'
Sourcing Tcl File [C:/Xilinx/Vivado/2020.1/data/ip/xpm/xpm_cdc/tcl/xpm_cdc_async_rst.tcl] for cell 'design_1_i/microblaze_0_axi_periph/m03_couplers/auto_cc/inst/gen_clock_conv.gen_async_conv.asyncfifo_axi/inst_fifo_gen/gaxi_full_lite.gwrite_ch.gwrch2.axi_wrch/grf.rf/rstblk/ngwrdrst.grst.g7serrst.gnsckt_wrst.gic_rst.rst_rd_reg2_inst'
Finished Sourcing Tcl File [C:/Xilinx/Vivado/2020.1/data/ip/xpm/xpm_cdc/tcl/xpm_cdc_async_rst.tcl] for cell 'design_1_i/microblaze_0_axi_periph/m03_couplers/auto_cc/inst/gen_clock_conv.gen_async_conv.asyncfifo_axi/inst_fifo_gen/gaxi_full_lite.gwrite_ch.gwrch2.axi_wrch/grf.rf/rstblk/ngwrdrst.grst.g7serrst.gnsckt_wrst.gic_rst.rst_rd_reg2_inst'
Sourcing Tcl File [C:/Xilinx/Vivado/2020.1/data/ip/xpm/xpm_cdc/tcl/xpm_cdc_async_rst.tcl] for cell 'design_1_i/microblaze_0_axi_periph/m03_couplers/auto_cc/inst/gen_clock_conv.gen_async_conv.asyncfifo_axi/inst_fifo_gen/gaxi_full_lite.gread_ch.grach2.axi_rach/grf.rf/rstblk/ngwrdrst.grst.g7serrst.gnsckt_wrst.rst_wr_reg2_inst'
Finished Sourcing Tcl File [C:/Xilinx/Vivado/2020.1/data/ip/xpm/xpm_cdc/tcl/xpm_cdc_async_rst.tcl] for cell 'design_1_i/microblaze_0_axi_periph/m03_couplers/auto_cc/inst/gen_clock_conv.gen_async_conv.asyncfifo_axi/inst_fifo_gen/gaxi_full_lite.gread_ch.grach2.axi_rach/grf.rf/rstblk/ngwrdrst.grst.g7serrst.gnsckt_wrst.rst_wr_reg2_inst'
Sourcing Tcl File [C:/Xilinx/Vivado/2020.1/data/ip/xpm/xpm_cdc/tcl/xpm_cdc_async_rst.tcl] for cell 'design_1_i/microblaze_0_axi_periph/m03_couplers/auto_cc/inst/gen_clock_conv.gen_async_conv.asyncfifo_axi/inst_fifo_gen/gaxi_full_lite.gread_ch.grach2.axi_rach/grf.rf/rstblk/ngwrdrst.grst.g7serrst.gnsckt_wrst.gic_rst.rst_rd_reg2_inst'
Finished Sourcing Tcl File [C:/Xilinx/Vivado/2020.1/data/ip/xpm/xpm_cdc/tcl/xpm_cdc_async_rst.tcl] for cell 'design_1_i/microblaze_0_axi_periph/m03_couplers/auto_cc/inst/gen_clock_conv.gen_async_conv.asyncfifo_axi/inst_fifo_gen/gaxi_full_lite.gread_ch.grach2.axi_rach/grf.rf/rstblk/ngwrdrst.grst.g7serrst.gnsckt_wrst.gic_rst.rst_rd_reg2_inst'
Sourcing Tcl File [C:/Xilinx/Vivado/2020.1/data/ip/xpm/xpm_cdc/tcl/xpm_cdc_async_rst.tcl] for cell 'design_1_i/microblaze_0_axi_periph/m03_couplers/auto_cc/inst/gen_clock_conv.gen_async_conv.asyncfifo_axi/inst_fifo_gen/gaxi_full_lite.gread_ch.grdch2.axi_rdch/grf.rf/rstblk/ngwrdrst.grst.g7serrst.gnsckt_wrst.rst_wr_reg2_inst'
Finished Sourcing Tcl File [C:/Xilinx/Vivado/2020.1/data/ip/xpm/xpm_cdc/tcl/xpm_cdc_async_rst.tcl] for cell 'design_1_i/microblaze_0_axi_periph/m03_couplers/auto_cc/inst/gen_clock_conv.gen_async_conv.asyncfifo_axi/inst_fifo_gen/gaxi_full_lite.gread_ch.grdch2.axi_rdch/grf.rf/rstblk/ngwrdrst.grst.g7serrst.gnsckt_wrst.rst_wr_reg2_inst'
Sourcing Tcl File [C:/Xilinx/Vivado/2020.1/data/ip/xpm/xpm_cdc/tcl/xpm_cdc_async_rst.tcl] for cell 'design_1_i/microblaze_0_axi_periph/m03_couplers/auto_cc/inst/gen_clock_conv.gen_async_conv.asyncfifo_axi/inst_fifo_gen/gaxi_full_lite.gwrite_ch.gwach2.axi_wach/grf.rf/rstblk/ngwrdrst.grst.g7serrst.gnsckt_wrst.rst_wr_reg2_inst'
Finished Sourcing Tcl File [C:/Xilinx/Vivado/2020.1/data/ip/xpm/xpm_cdc/tcl/xpm_cdc_async_rst.tcl] for cell 'design_1_i/microblaze_0_axi_periph/m03_couplers/auto_cc/inst/gen_clock_conv.gen_async_conv.asyncfifo_axi/inst_fifo_gen/gaxi_full_lite.gwrite_ch.gwach2.axi_wach/grf.rf/rstblk/ngwrdrst.grst.g7serrst.gnsckt_wrst.rst_wr_reg2_inst'
Sourcing Tcl File [C:/Xilinx/Vivado/2020.1/data/ip/xpm/xpm_cdc/tcl/xpm_cdc_async_rst.tcl] for cell 'design_1_i/microblaze_0_axi_periph/m03_couplers/auto_cc/inst/gen_clock_conv.gen_async_conv.asyncfifo_axi/inst_fifo_gen/gaxi_full_lite.gwrite_ch.gwach2.axi_wach/grf.rf/rstblk/ngwrdrst.grst.g7serrst.gnsckt_wrst.gic_rst.rst_rd_reg2_inst'
Finished Sourcing Tcl File [C:/Xilinx/Vivado/2020.1/data/ip/xpm/xpm_cdc/tcl/xpm_cdc_async_rst.tcl] for cell 'design_1_i/microblaze_0_axi_periph/m03_couplers/auto_cc/inst/gen_clock_conv.gen_async_conv.asyncfifo_axi/inst_fifo_gen/gaxi_full_lite.gwrite_ch.gwach2.axi_wach/grf.rf/rstblk/ngwrdrst.grst.g7serrst.gnsckt_wrst.gic_rst.rst_rd_reg2_inst'
Sourcing Tcl File [C:/Xilinx/Vivado/2020.1/data/ip/xpm/xpm_cdc/tcl/xpm_cdc_async_rst.tcl] for cell 'design_1_i/microblaze_0_axi_periph/m03_couplers/auto_cc/inst/gen_clock_conv.gen_async_conv.asyncfifo_axi/inst_fifo_gen/gaxi_full_lite.gwrite_ch.gwdch2.axi_wdch/grf.rf/rstblk/ngwrdrst.grst.g7serrst.gnsckt_wrst.rst_wr_reg2_inst'
Finished Sourcing Tcl File [C:/Xilinx/Vivado/2020.1/data/ip/xpm/xpm_cdc/tcl/xpm_cdc_async_rst.tcl] for cell 'design_1_i/microblaze_0_axi_periph/m03_couplers/auto_cc/inst/gen_clock_conv.gen_async_conv.asyncfifo_axi/inst_fifo_gen/gaxi_full_lite.gwrite_ch.gwdch2.axi_wdch/grf.rf/rstblk/ngwrdrst.grst.g7serrst.gnsckt_wrst.rst_wr_reg2_inst'
Sourcing Tcl File [C:/Xilinx/Vivado/2020.1/data/ip/xpm/xpm_cdc/tcl/xpm_cdc_async_rst.tcl] for cell 'design_1_i/microblaze_0_axi_periph/m03_couplers/auto_cc/inst/gen_clock_conv.gen_async_conv.asyncfifo_axi/inst_fifo_gen/gaxi_full_lite.gwrite_ch.gwdch2.axi_wdch/grf.rf/rstblk/ngwrdrst.grst.g7serrst.gnsckt_wrst.gic_rst.rst_rd_reg2_inst'
Finished Sourcing Tcl File [C:/Xilinx/Vivado/2020.1/data/ip/xpm/xpm_cdc/tcl/xpm_cdc_async_rst.tcl] for cell 'design_1_i/microblaze_0_axi_periph/m03_couplers/auto_cc/inst/gen_clock_conv.gen_async_conv.asyncfifo_axi/inst_fifo_gen/gaxi_full_lite.gwrite_ch.gwdch2.axi_wdch/grf.rf/rstblk/ngwrdrst.grst.g7serrst.gnsckt_wrst.gic_rst.rst_rd_reg2_inst'
Sourcing Tcl File [C:/Xilinx/Vivado/2020.1/data/ip/xpm/xpm_cdc/tcl/xpm_cdc_async_rst.tcl] for cell 'design_1_i/microblaze_0_axi_periph/m03_couplers/auto_cc/inst/gen_clock_conv.gen_async_conv.asyncfifo_axi/inst_fifo_gen/gaxi_full_lite.gwrite_ch.gwrch2.axi_wrch/grf.rf/rstblk/ngwrdrst.grst.g7serrst.gnsckt_wrst.rst_wr_reg2_inst'
Finished Sourcing Tcl File [C:/Xilinx/Vivado/2020.1/data/ip/xpm/xpm_cdc/tcl/xpm_cdc_async_rst.tcl] for cell 'design_1_i/microblaze_0_axi_periph/m03_couplers/auto_cc/inst/gen_clock_conv.gen_async_conv.asyncfifo_axi/inst_fifo_gen/gaxi_full_lite.gwrite_ch.gwrch2.axi_wrch/grf.rf/rstblk/ngwrdrst.grst.g7serrst.gnsckt_wrst.rst_wr_reg2_inst'
Sourcing Tcl File [C:/Xilinx/Vivado/2020.1/data/ip/xpm/xpm_cdc/tcl/xpm_cdc_async_rst.tcl] for cell 'design_1_i/microblaze_0_axi_periph/m00_couplers/auto_ds/inst/gen_downsizer.gen_simple_downsizer.axi_downsizer_inst/USE_READ.read_addr_inst/cmd_queue/inst/fifo_gen_inst/inst_fifo_gen/gconvfifo.rf/grf.rf/rstblk/ngwrdrst.grst.g7serrst.gnsckt_wrst.rst_wr_reg2_inst'
Finished Sourcing Tcl File [C:/Xilinx/Vivado/2020.1/data/ip/xpm/xpm_cdc/tcl/xpm_cdc_async_rst.tcl] for cell 'design_1_i/microblaze_0_axi_periph/m00_couplers/auto_ds/inst/gen_downsizer.gen_simple_downsizer.axi_downsizer_inst/USE_READ.read_addr_inst/cmd_queue/inst/fifo_gen_inst/inst_fifo_gen/gconvfifo.rf/grf.rf/rstblk/ngwrdrst.grst.g7serrst.gnsckt_wrst.rst_wr_reg2_inst'
Sourcing Tcl File [C:/Xilinx/Vivado/2020.1/data/ip/xpm/xpm_cdc/tcl/xpm_cdc_async_rst.tcl] for cell 'design_1_i/microblaze_0_axi_periph/m00_couplers/auto_ds/inst/gen_downsizer.gen_simple_downsizer.axi_downsizer_inst/USE_WRITE.write_addr_inst/USE_B_CHANNEL.cmd_b_queue/inst/fifo_gen_inst/inst_fifo_gen/gconvfifo.rf/grf.rf/rstblk/ngwrdrst.grst.g7serrst.gnsckt_wrst.rst_wr_reg2_inst'
Finished Sourcing Tcl File [C:/Xilinx/Vivado/2020.1/data/ip/xpm/xpm_cdc/tcl/xpm_cdc_async_rst.tcl] for cell 'design_1_i/microblaze_0_axi_periph/m00_couplers/auto_ds/inst/gen_downsizer.gen_simple_downsizer.axi_downsizer_inst/USE_WRITE.write_addr_inst/USE_B_CHANNEL.cmd_b_queue/inst/fifo_gen_inst/inst_fifo_gen/gconvfifo.rf/grf.rf/rstblk/ngwrdrst.grst.g7serrst.gnsckt_wrst.rst_wr_reg2_inst'
Sourcing Tcl File [C:/Xilinx/Vivado/2020.1/data/ip/xpm/xpm_cdc/tcl/xpm_cdc_async_rst.tcl] for cell 'design_1_i/microblaze_0_axi_periph/m00_couplers/auto_ds/inst/gen_downsizer.gen_simple_downsizer.axi_downsizer_inst/USE_WRITE.write_addr_inst/cmd_queue/inst/fifo_gen_inst/inst_fifo_gen/gconvfifo.rf/grf.rf/rstblk/ngwrdrst.grst.g7serrst.gnsckt_wrst.rst_wr_reg2_inst'
Finished Sourcing Tcl File [C:/Xilinx/Vivado/2020.1/data/ip/xpm/xpm_cdc/tcl/xpm_cdc_async_rst.tcl] for cell 'design_1_i/microblaze_0_axi_periph/m00_couplers/auto_ds/inst/gen_downsizer.gen_simple_downsizer.axi_downsizer_inst/USE_WRITE.write_addr_inst/cmd_queue/inst/fifo_gen_inst/inst_fifo_gen/gconvfifo.rf/grf.rf/rstblk/ngwrdrst.grst.g7serrst.gnsckt_wrst.rst_wr_reg2_inst'
Sourcing Tcl File [C:/Xilinx/Vivado/2020.1/data/ip/xpm/xpm_cdc/tcl/xpm_cdc_async_rst.tcl] for cell 'design_1_i/microblaze_0_axi_periph/m01_couplers/auto_ds/inst/gen_downsizer.gen_simple_downsizer.axi_downsizer_inst/USE_READ.read_addr_inst/cmd_queue/inst/fifo_gen_inst/inst_fifo_gen/gconvfifo.rf/grf.rf/rstblk/ngwrdrst.grst.g7serrst.gnsckt_wrst.rst_wr_reg2_inst'
Finished Sourcing Tcl File [C:/Xilinx/Vivado/2020.1/data/ip/xpm/xpm_cdc/tcl/xpm_cdc_async_rst.tcl] for cell 'design_1_i/microblaze_0_axi_periph/m01_couplers/auto_ds/inst/gen_downsizer.gen_simple_downsizer.axi_downsizer_inst/USE_READ.read_addr_inst/cmd_queue/inst/fifo_gen_inst/inst_fifo_gen/gconvfifo.rf/grf.rf/rstblk/ngwrdrst.grst.g7serrst.gnsckt_wrst.rst_wr_reg2_inst'
Sourcing Tcl File [C:/Xilinx/Vivado/2020.1/data/ip/xpm/xpm_cdc/tcl/xpm_cdc_async_rst.tcl] for cell 'design_1_i/microblaze_0_axi_periph/m01_couplers/auto_ds/inst/gen_downsizer.gen_simple_downsizer.axi_downsizer_inst/USE_WRITE.write_addr_inst/USE_B_CHANNEL.cmd_b_queue/inst/fifo_gen_inst/inst_fifo_gen/gconvfifo.rf/grf.rf/rstblk/ngwrdrst.grst.g7serrst.gnsckt_wrst.rst_wr_reg2_inst'
Finished Sourcing Tcl File [C:/Xilinx/Vivado/2020.1/data/ip/xpm/xpm_cdc/tcl/xpm_cdc_async_rst.tcl] for cell 'design_1_i/microblaze_0_axi_periph/m01_couplers/auto_ds/inst/gen_downsizer.gen_simple_downsizer.axi_downsizer_inst/USE_WRITE.write_addr_inst/USE_B_CHANNEL.cmd_b_queue/inst/fifo_gen_inst/inst_fifo_gen/gconvfifo.rf/grf.rf/rstblk/ngwrdrst.grst.g7serrst.gnsckt_wrst.rst_wr_reg2_inst'
Sourcing Tcl File [C:/Xilinx/Vivado/2020.1/data/ip/xpm/xpm_cdc/tcl/xpm_cdc_async_rst.tcl] for cell 'design_1_i/microblaze_0_axi_periph/m01_couplers/auto_ds/inst/gen_downsizer.gen_simple_downsizer.axi_downsizer_inst/USE_WRITE.write_addr_inst/cmd_queue/inst/fifo_gen_inst/inst_fifo_gen/gconvfifo.rf/grf.rf/rstblk/ngwrdrst.grst.g7serrst.gnsckt_wrst.rst_wr_reg2_inst'
Finished Sourcing Tcl File [C:/Xilinx/Vivado/2020.1/data/ip/xpm/xpm_cdc/tcl/xpm_cdc_async_rst.tcl] for cell 'design_1_i/microblaze_0_axi_periph/m01_couplers/auto_ds/inst/gen_downsizer.gen_simple_downsizer.axi_downsizer_inst/USE_WRITE.write_addr_inst/cmd_queue/inst/fifo_gen_inst/inst_fifo_gen/gconvfifo.rf/grf.rf/rstblk/ngwrdrst.grst.g7serrst.gnsckt_wrst.rst_wr_reg2_inst'
Sourcing Tcl File [C:/Xilinx/Vivado/2020.1/data/ip/xpm/xpm_cdc/tcl/xpm_cdc_async_rst.tcl] for cell 'design_1_i/microblaze_0_axi_periph/m02_couplers/auto_ds/inst/gen_downsizer.gen_simple_downsizer.axi_downsizer_inst/USE_READ.read_addr_inst/cmd_queue/inst/fifo_gen_inst/inst_fifo_gen/gconvfifo.rf/grf.rf/rstblk/ngwrdrst.grst.g7serrst.gnsckt_wrst.rst_wr_reg2_inst'
Finished Sourcing Tcl File [C:/Xilinx/Vivado/2020.1/data/ip/xpm/xpm_cdc/tcl/xpm_cdc_async_rst.tcl] for cell 'design_1_i/microblaze_0_axi_periph/m02_couplers/auto_ds/inst/gen_downsizer.gen_simple_downsizer.axi_downsizer_inst/USE_READ.read_addr_inst/cmd_queue/inst/fifo_gen_inst/inst_fifo_gen/gconvfifo.rf/grf.rf/rstblk/ngwrdrst.grst.g7serrst.gnsckt_wrst.rst_wr_reg2_inst'
Sourcing Tcl File [C:/Xilinx/Vivado/2020.1/data/ip/xpm/xpm_cdc/tcl/xpm_cdc_async_rst.tcl] for cell 'design_1_i/microblaze_0_axi_periph/m02_couplers/auto_ds/inst/gen_downsizer.gen_simple_downsizer.axi_downsizer_inst/USE_WRITE.write_addr_inst/USE_B_CHANNEL.cmd_b_queue/inst/fifo_gen_inst/inst_fifo_gen/gconvfifo.rf/grf.rf/rstblk/ngwrdrst.grst.g7serrst.gnsckt_wrst.rst_wr_reg2_inst'
Finished Sourcing Tcl File [C:/Xilinx/Vivado/2020.1/data/ip/xpm/xpm_cdc/tcl/xpm_cdc_async_rst.tcl] for cell 'design_1_i/microblaze_0_axi_periph/m02_couplers/auto_ds/inst/gen_downsizer.gen_simple_downsizer.axi_downsizer_inst/USE_WRITE.write_addr_inst/USE_B_CHANNEL.cmd_b_queue/inst/fifo_gen_inst/inst_fifo_gen/gconvfifo.rf/grf.rf/rstblk/ngwrdrst.grst.g7serrst.gnsckt_wrst.rst_wr_reg2_inst'
Sourcing Tcl File [C:/Xilinx/Vivado/2020.1/data/ip/xpm/xpm_cdc/tcl/xpm_cdc_async_rst.tcl] for cell 'design_1_i/microblaze_0_axi_periph/m02_couplers/auto_ds/inst/gen_downsizer.gen_simple_downsizer.axi_downsizer_inst/USE_WRITE.write_addr_inst/cmd_queue/inst/fifo_gen_inst/inst_fifo_gen/gconvfifo.rf/grf.rf/rstblk/ngwrdrst.grst.g7serrst.gnsckt_wrst.rst_wr_reg2_inst'
Finished Sourcing Tcl File [C:/Xilinx/Vivado/2020.1/data/ip/xpm/xpm_cdc/tcl/xpm_cdc_async_rst.tcl] for cell 'design_1_i/microblaze_0_axi_periph/m02_couplers/auto_ds/inst/gen_downsizer.gen_simple_downsizer.axi_downsizer_inst/USE_WRITE.write_addr_inst/cmd_queue/inst/fifo_gen_inst/inst_fifo_gen/gconvfifo.rf/grf.rf/rstblk/ngwrdrst.grst.g7serrst.gnsckt_wrst.rst_wr_reg2_inst'
Sourcing Tcl File [C:/Xilinx/Vivado/2020.1/data/ip/xpm/xpm_cdc/tcl/xpm_cdc_gray.tcl] for cell 'design_1_i/microblaze_0_axi_periph/m03_couplers/auto_cc/inst/gen_clock_conv.gen_async_conv.asyncfifo_axi/inst_fifo_gen/gaxi_full_lite.gread_ch.grdch2.axi_rdch/grf.rf/gntv_or_sync_fifo.gcx.clkx/rd_pntr_cdc_inst'
Finished Sourcing Tcl File [C:/Xilinx/Vivado/2020.1/data/ip/xpm/xpm_cdc/tcl/xpm_cdc_gray.tcl] for cell 'design_1_i/microblaze_0_axi_periph/m03_couplers/auto_cc/inst/gen_clock_conv.gen_async_conv.asyncfifo_axi/inst_fifo_gen/gaxi_full_lite.gread_ch.grdch2.axi_rdch/grf.rf/gntv_or_sync_fifo.gcx.clkx/rd_pntr_cdc_inst'
Sourcing Tcl File [C:/Xilinx/Vivado/2020.1/data/ip/xpm/xpm_cdc/tcl/xpm_cdc_gray.tcl] for cell 'design_1_i/microblaze_0_axi_periph/m03_couplers/auto_cc/inst/gen_clock_conv.gen_async_conv.asyncfifo_axi/inst_fifo_gen/gaxi_full_lite.gwrite_ch.gwach2.axi_wach/grf.rf/gntv_or_sync_fifo.gcx.clkx/wr_pntr_cdc_inst'
Finished Sourcing Tcl File [C:/Xilinx/Vivado/2020.1/data/ip/xpm/xpm_cdc/tcl/xpm_cdc_gray.tcl] for cell 'design_1_i/microblaze_0_axi_periph/m03_couplers/auto_cc/inst/gen_clock_conv.gen_async_conv.asyncfifo_axi/inst_fifo_gen/gaxi_full_lite.gwrite_ch.gwach2.axi_wach/grf.rf/gntv_or_sync_fifo.gcx.clkx/wr_pntr_cdc_inst'
Sourcing Tcl File [C:/Xilinx/Vivado/2020.1/data/ip/xpm/xpm_cdc/tcl/xpm_cdc_gray.tcl] for cell 'design_1_i/microblaze_0_axi_periph/m03_couplers/auto_cc/inst/gen_clock_conv.gen_async_conv.asyncfifo_axi/inst_fifo_gen/gaxi_full_lite.gwrite_ch.gwach2.axi_wach/grf.rf/gntv_or_sync_fifo.gcx.clkx/rd_pntr_cdc_inst'
Finished Sourcing Tcl File [C:/Xilinx/Vivado/2020.1/data/ip/xpm/xpm_cdc/tcl/xpm_cdc_gray.tcl] for cell 'design_1_i/microblaze_0_axi_periph/m03_couplers/auto_cc/inst/gen_clock_conv.gen_async_conv.asyncfifo_axi/inst_fifo_gen/gaxi_full_lite.gwrite_ch.gwach2.axi_wach/grf.rf/gntv_or_sync_fifo.gcx.clkx/rd_pntr_cdc_inst'
Sourcing Tcl File [C:/Xilinx/Vivado/2020.1/data/ip/xpm/xpm_cdc/tcl/xpm_cdc_gray.tcl] for cell 'design_1_i/microblaze_0_axi_periph/m03_couplers/auto_cc/inst/gen_clock_conv.gen_async_conv.asyncfifo_axi/inst_fifo_gen/gaxi_full_lite.gwrite_ch.gwdch2.axi_wdch/grf.rf/gntv_or_sync_fifo.gcx.clkx/wr_pntr_cdc_inst'
Finished Sourcing Tcl File [C:/Xilinx/Vivado/2020.1/data/ip/xpm/xpm_cdc/tcl/xpm_cdc_gray.tcl] for cell 'design_1_i/microblaze_0_axi_periph/m03_couplers/auto_cc/inst/gen_clock_conv.gen_async_conv.asyncfifo_axi/inst_fifo_gen/gaxi_full_lite.gwrite_ch.gwdch2.axi_wdch/grf.rf/gntv_or_sync_fifo.gcx.clkx/wr_pntr_cdc_inst'
Sourcing Tcl File [C:/Xilinx/Vivado/2020.1/data/ip/xpm/xpm_cdc/tcl/xpm_cdc_gray.tcl] for cell 'design_1_i/microblaze_0_axi_periph/m03_couplers/auto_cc/inst/gen_clock_conv.gen_async_conv.asyncfifo_axi/inst_fifo_gen/gaxi_full_lite.gwrite_ch.gwdch2.axi_wdch/grf.rf/gntv_or_sync_fifo.gcx.clkx/rd_pntr_cdc_inst'
Finished Sourcing Tcl File [C:/Xilinx/Vivado/2020.1/data/ip/xpm/xpm_cdc/tcl/xpm_cdc_gray.tcl] for cell 'design_1_i/microblaze_0_axi_periph/m03_couplers/auto_cc/inst/gen_clock_conv.gen_async_conv.asyncfifo_axi/inst_fifo_gen/gaxi_full_lite.gwrite_ch.gwdch2.axi_wdch/grf.rf/gntv_or_sync_fifo.gcx.clkx/rd_pntr_cdc_inst'
Sourcing Tcl File [C:/Xilinx/Vivado/2020.1/data/ip/xpm/xpm_cdc/tcl/xpm_cdc_gray.tcl] for cell 'design_1_i/microblaze_0_axi_periph/m03_couplers/auto_cc/inst/gen_clock_conv.gen_async_conv.asyncfifo_axi/inst_fifo_gen/gaxi_full_lite.gwrite_ch.gwrch2.axi_wrch/grf.rf/gntv_or_sync_fifo.gcx.clkx/wr_pntr_cdc_inst'
Finished Sourcing Tcl File [C:/Xilinx/Vivado/2020.1/data/ip/xpm/xpm_cdc/tcl/xpm_cdc_gray.tcl] for cell 'design_1_i/microblaze_0_axi_periph/m03_couplers/auto_cc/inst/gen_clock_conv.gen_async_conv.asyncfifo_axi/inst_fifo_gen/gaxi_full_lite.gwrite_ch.gwrch2.axi_wrch/grf.rf/gntv_or_sync_fifo.gcx.clkx/wr_pntr_cdc_inst'
Sourcing Tcl File [C:/Xilinx/Vivado/2020.1/data/ip/xpm/xpm_cdc/tcl/xpm_cdc_gray.tcl] for cell 'design_1_i/microblaze_0_axi_periph/m03_couplers/auto_cc/inst/gen_clock_conv.gen_async_conv.asyncfifo_axi/inst_fifo_gen/gaxi_full_lite.gwrite_ch.gwrch2.axi_wrch/grf.rf/gntv_or_sync_fifo.gcx.clkx/rd_pntr_cdc_inst'
Finished Sourcing Tcl File [C:/Xilinx/Vivado/2020.1/data/ip/xpm/xpm_cdc/tcl/xpm_cdc_gray.tcl] for cell 'design_1_i/microblaze_0_axi_periph/m03_couplers/auto_cc/inst/gen_clock_conv.gen_async_conv.asyncfifo_axi/inst_fifo_gen/gaxi_full_lite.gwrite_ch.gwrch2.axi_wrch/grf.rf/gntv_or_sync_fifo.gcx.clkx/rd_pntr_cdc_inst'
Sourcing Tcl File [C:/Xilinx/Vivado/2020.1/data/ip/xpm/xpm_cdc/tcl/xpm_cdc_gray.tcl] for cell 'design_1_i/microblaze_0_axi_periph/m03_couplers/auto_cc/inst/gen_clock_conv.gen_async_conv.asyncfifo_axi/inst_fifo_gen/gaxi_full_lite.gread_ch.grach2.axi_rach/grf.rf/gntv_or_sync_fifo.gcx.clkx/wr_pntr_cdc_inst'
Finished Sourcing Tcl File [C:/Xilinx/Vivado/2020.1/data/ip/xpm/xpm_cdc/tcl/xpm_cdc_gray.tcl] for cell 'design_1_i/microblaze_0_axi_periph/m03_couplers/auto_cc/inst/gen_clock_conv.gen_async_conv.asyncfifo_axi/inst_fifo_gen/gaxi_full_lite.gread_ch.grach2.axi_rach/grf.rf/gntv_or_sync_fifo.gcx.clkx/wr_pntr_cdc_inst'
Sourcing Tcl File [C:/Xilinx/Vivado/2020.1/data/ip/xpm/xpm_cdc/tcl/xpm_cdc_gray.tcl] for cell 'design_1_i/microblaze_0_axi_periph/m03_couplers/auto_cc/inst/gen_clock_conv.gen_async_conv.asyncfifo_axi/inst_fifo_gen/gaxi_full_lite.gread_ch.grach2.axi_rach/grf.rf/gntv_or_sync_fifo.gcx.clkx/rd_pntr_cdc_inst'
Finished Sourcing Tcl File [C:/Xilinx/Vivado/2020.1/data/ip/xpm/xpm_cdc/tcl/xpm_cdc_gray.tcl] for cell 'design_1_i/microblaze_0_axi_periph/m03_couplers/auto_cc/inst/gen_clock_conv.gen_async_conv.asyncfifo_axi/inst_fifo_gen/gaxi_full_lite.gread_ch.grach2.axi_rach/grf.rf/gntv_or_sync_fifo.gcx.clkx/rd_pntr_cdc_inst'
Sourcing Tcl File [C:/Xilinx/Vivado/2020.1/data/ip/xpm/xpm_cdc/tcl/xpm_cdc_gray.tcl] for cell 'design_1_i/microblaze_0_axi_periph/m03_couplers/auto_cc/inst/gen_clock_conv.gen_async_conv.asyncfifo_axi/inst_fifo_gen/gaxi_full_lite.gread_ch.grdch2.axi_rdch/grf.rf/gntv_or_sync_fifo.gcx.clkx/wr_pntr_cdc_inst'
Finished Sourcing Tcl File [C:/Xilinx/Vivado/2020.1/data/ip/xpm/xpm_cdc/tcl/xpm_cdc_gray.tcl] for cell 'design_1_i/microblaze_0_axi_periph/m03_couplers/auto_cc/inst/gen_clock_conv.gen_async_conv.asyncfifo_axi/inst_fifo_gen/gaxi_full_lite.gread_ch.grdch2.axi_rdch/grf.rf/gntv_or_sync_fifo.gcx.clkx/wr_pntr_cdc_inst'
Sourcing Tcl File [C:/Xilinx/Vivado/2020.1/data/ip/xpm/xpm_cdc/tcl/xpm_cdc_single.tcl] for cell 'design_1_i/microblaze_0_axi_periph/m03_couplers/auto_cc/inst/gen_clock_conv.gen_async_conv.asyncfifo_axi/inst_fifo_gen/gaxi_full_lite.gread_ch.grach2.cdc_wr_rst_busy_ic_3.xpm_cdc_single_inst3'
Finished Sourcing Tcl File [C:/Xilinx/Vivado/2020.1/data/ip/xpm/xpm_cdc/tcl/xpm_cdc_single.tcl] for cell 'design_1_i/microblaze_0_axi_periph/m03_couplers/auto_cc/inst/gen_clock_conv.gen_async_conv.asyncfifo_axi/inst_fifo_gen/gaxi_full_lite.gread_ch.grach2.cdc_wr_rst_busy_ic_3.xpm_cdc_single_inst3'
Sourcing Tcl File [C:/Xilinx/Vivado/2020.1/data/ip/xpm/xpm_cdc/tcl/xpm_cdc_single.tcl] for cell 'design_1_i/microblaze_0_axi_periph/m03_couplers/auto_cc/inst/gen_clock_conv.gen_async_conv.asyncfifo_axi/inst_fifo_gen/gaxi_full_lite.gwrite_ch.gwach2.cdc_wr_rst_busy_ic_1.xpm_cdc_single_inst1'
Finished Sourcing Tcl File [C:/Xilinx/Vivado/2020.1/data/ip/xpm/xpm_cdc/tcl/xpm_cdc_single.tcl] for cell 'design_1_i/microblaze_0_axi_periph/m03_couplers/auto_cc/inst/gen_clock_conv.gen_async_conv.asyncfifo_axi/inst_fifo_gen/gaxi_full_lite.gwrite_ch.gwach2.cdc_wr_rst_busy_ic_1.xpm_cdc_single_inst1'
Sourcing Tcl File [C:/Xilinx/Vivado/2020.1/data/ip/xpm/xpm_cdc/tcl/xpm_cdc_single.tcl] for cell 'design_1_i/microblaze_0_axi_periph/m03_couplers/auto_cc/inst/gen_clock_conv.gen_async_conv.asyncfifo_axi/inst_fifo_gen/gaxi_full_lite.gwrite_ch.gwdch2.cdc_wr_rst_busy_ic_2.xpm_cdc_single_inst2'
Finished Sourcing Tcl File [C:/Xilinx/Vivado/2020.1/data/ip/xpm/xpm_cdc/tcl/xpm_cdc_single.tcl] for cell 'design_1_i/microblaze_0_axi_periph/m03_couplers/auto_cc/inst/gen_clock_conv.gen_async_conv.asyncfifo_axi/inst_fifo_gen/gaxi_full_lite.gwrite_ch.gwdch2.cdc_wr_rst_busy_ic_2.xpm_cdc_single_inst2'
Sourcing Tcl File [C:/Xilinx/Vivado/2020.1/data/ip/xpm/xpm_cdc/tcl/xpm_cdc_single.tcl] for cell 'design_1_i/microblaze_0_axi_periph/m03_couplers/auto_cc/inst/gen_clock_conv.gen_async_conv.asyncfifo_axi/inst_fifo_gen/gaxi_full_lite.gread_ch.grdch2.axi_rdch/grf.rf/rstblk/ngwrdrst.grst.g7serrst.gnsckt_wrst.gic_rst.xpm_cdc_single_inst_rrst_wr'
Finished Sourcing Tcl File [C:/Xilinx/Vivado/2020.1/data/ip/xpm/xpm_cdc/tcl/xpm_cdc_single.tcl] for cell 'design_1_i/microblaze_0_axi_periph/m03_couplers/auto_cc/inst/gen_clock_conv.gen_async_conv.asyncfifo_axi/inst_fifo_gen/gaxi_full_lite.gread_ch.grdch2.axi_rdch/grf.rf/rstblk/ngwrdrst.grst.g7serrst.gnsckt_wrst.gic_rst.xpm_cdc_single_inst_rrst_wr'
Sourcing Tcl File [C:/Xilinx/Vivado/2020.1/data/ip/xpm/xpm_cdc/tcl/xpm_cdc_single.tcl] for cell 'design_1_i/microblaze_0_axi_periph/m03_couplers/auto_cc/inst/gen_clock_conv.gen_async_conv.asyncfifo_axi/inst_fifo_gen/gaxi_full_lite.gwrite_ch.gwach2.axi_wach/grf.rf/rstblk/ngwrdrst.grst.g7serrst.gnsckt_wrst.gic_rst.xpm_cdc_single_inst_wrst_rd'
Finished Sourcing Tcl File [C:/Xilinx/Vivado/2020.1/data/ip/xpm/xpm_cdc/tcl/xpm_cdc_single.tcl] for cell 'design_1_i/microblaze_0_axi_periph/m03_couplers/auto_cc/inst/gen_clock_conv.gen_async_conv.asyncfifo_axi/inst_fifo_gen/gaxi_full_lite.gwrite_ch.gwach2.axi_wach/grf.rf/rstblk/ngwrdrst.grst.g7serrst.gnsckt_wrst.gic_rst.xpm_cdc_single_inst_wrst_rd'
Sourcing Tcl File [C:/Xilinx/Vivado/2020.1/data/ip/xpm/xpm_cdc/tcl/xpm_cdc_single.tcl] for cell 'design_1_i/microblaze_0_axi_periph/m03_couplers/auto_cc/inst/gen_clock_conv.gen_async_conv.asyncfifo_axi/inst_fifo_gen/gaxi_full_lite.gwrite_ch.gwach2.axi_wach/grf.rf/rstblk/ngwrdrst.grst.g7serrst.gnsckt_wrst.gic_rst.xpm_cdc_single_inst_rrst_wr'
Finished Sourcing Tcl File [C:/Xilinx/Vivado/2020.1/data/ip/xpm/xpm_cdc/tcl/xpm_cdc_single.tcl] for cell 'design_1_i/microblaze_0_axi_periph/m03_couplers/auto_cc/inst/gen_clock_conv.gen_async_conv.asyncfifo_axi/inst_fifo_gen/gaxi_full_lite.gwrite_ch.gwach2.axi_wach/grf.rf/rstblk/ngwrdrst.grst.g7serrst.gnsckt_wrst.gic_rst.xpm_cdc_single_inst_rrst_wr'
Sourcing Tcl File [C:/Xilinx/Vivado/2020.1/data/ip/xpm/xpm_cdc/tcl/xpm_cdc_single.tcl] for cell 'design_1_i/microblaze_0_axi_periph/m03_couplers/auto_cc/inst/gen_clock_conv.gen_async_conv.asyncfifo_axi/inst_fifo_gen/gaxi_full_lite.gwrite_ch.gwdch2.axi_wdch/grf.rf/rstblk/ngwrdrst.grst.g7serrst.gnsckt_wrst.gic_rst.xpm_cdc_single_inst_wrst_rd'
Finished Sourcing Tcl File [C:/Xilinx/Vivado/2020.1/data/ip/xpm/xpm_cdc/tcl/xpm_cdc_single.tcl] for cell 'design_1_i/microblaze_0_axi_periph/m03_couplers/auto_cc/inst/gen_clock_conv.gen_async_conv.asyncfifo_axi/inst_fifo_gen/gaxi_full_lite.gwrite_ch.gwdch2.axi_wdch/grf.rf/rstblk/ngwrdrst.grst.g7serrst.gnsckt_wrst.gic_rst.xpm_cdc_single_inst_wrst_rd'
Sourcing Tcl File [C:/Xilinx/Vivado/2020.1/data/ip/xpm/xpm_cdc/tcl/xpm_cdc_single.tcl] for cell 'design_1_i/microblaze_0_axi_periph/m03_couplers/auto_cc/inst/gen_clock_conv.gen_async_conv.asyncfifo_axi/inst_fifo_gen/gaxi_full_lite.gwrite_ch.gwdch2.axi_wdch/grf.rf/rstblk/ngwrdrst.grst.g7serrst.gnsckt_wrst.gic_rst.xpm_cdc_single_inst_rrst_wr'
Finished Sourcing Tcl File [C:/Xilinx/Vivado/2020.1/data/ip/xpm/xpm_cdc/tcl/xpm_cdc_single.tcl] for cell 'design_1_i/microblaze_0_axi_periph/m03_couplers/auto_cc/inst/gen_clock_conv.gen_async_conv.asyncfifo_axi/inst_fifo_gen/gaxi_full_lite.gwrite_ch.gwdch2.axi_wdch/grf.rf/rstblk/ngwrdrst.grst.g7serrst.gnsckt_wrst.gic_rst.xpm_cdc_single_inst_rrst_wr'
Sourcing Tcl File [C:/Xilinx/Vivado/2020.1/data/ip/xpm/xpm_cdc/tcl/xpm_cdc_single.tcl] for cell 'design_1_i/microblaze_0_axi_periph/m03_couplers/auto_cc/inst/gen_clock_conv.gen_async_conv.asyncfifo_axi/inst_fifo_gen/gaxi_full_lite.gwrite_ch.gwrch2.axi_wrch/grf.rf/rstblk/ngwrdrst.grst.g7serrst.gnsckt_wrst.gic_rst.xpm_cdc_single_inst_wrst_rd'
Finished Sourcing Tcl File [C:/Xilinx/Vivado/2020.1/data/ip/xpm/xpm_cdc/tcl/xpm_cdc_single.tcl] for cell 'design_1_i/microblaze_0_axi_periph/m03_couplers/auto_cc/inst/gen_clock_conv.gen_async_conv.asyncfifo_axi/inst_fifo_gen/gaxi_full_lite.gwrite_ch.gwrch2.axi_wrch/grf.rf/rstblk/ngwrdrst.grst.g7serrst.gnsckt_wrst.gic_rst.xpm_cdc_single_inst_wrst_rd'
Sourcing Tcl File [C:/Xilinx/Vivado/2020.1/data/ip/xpm/xpm_cdc/tcl/xpm_cdc_single.tcl] for cell 'design_1_i/microblaze_0_axi_periph/m03_couplers/auto_cc/inst/gen_clock_conv.gen_async_conv.asyncfifo_axi/inst_fifo_gen/gaxi_full_lite.gwrite_ch.gwrch2.axi_wrch/grf.rf/rstblk/ngwrdrst.grst.g7serrst.gnsckt_wrst.gic_rst.xpm_cdc_single_inst_rrst_wr'
Finished Sourcing Tcl File [C:/Xilinx/Vivado/2020.1/data/ip/xpm/xpm_cdc/tcl/xpm_cdc_single.tcl] for cell 'design_1_i/microblaze_0_axi_periph/m03_couplers/auto_cc/inst/gen_clock_conv.gen_async_conv.asyncfifo_axi/inst_fifo_gen/gaxi_full_lite.gwrite_ch.gwrch2.axi_wrch/grf.rf/rstblk/ngwrdrst.grst.g7serrst.gnsckt_wrst.gic_rst.xpm_cdc_single_inst_rrst_wr'
Sourcing Tcl File [C:/Xilinx/Vivado/2020.1/data/ip/xpm/xpm_cdc/tcl/xpm_cdc_single.tcl] for cell 'design_1_i/microblaze_0_axi_periph/m03_couplers/auto_cc/inst/gen_clock_conv.gen_async_conv.asyncfifo_axi/inst_fifo_gen/gaxi_full_lite.gread_ch.grach2.axi_rach/grf.rf/rstblk/ngwrdrst.grst.g7serrst.gnsckt_wrst.gic_rst.xpm_cdc_single_inst_wrst_rd'
Finished Sourcing Tcl File [C:/Xilinx/Vivado/2020.1/data/ip/xpm/xpm_cdc/tcl/xpm_cdc_single.tcl] for cell 'design_1_i/microblaze_0_axi_periph/m03_couplers/auto_cc/inst/gen_clock_conv.gen_async_conv.asyncfifo_axi/inst_fifo_gen/gaxi_full_lite.gread_ch.grach2.axi_rach/grf.rf/rstblk/ngwrdrst.grst.g7serrst.gnsckt_wrst.gic_rst.xpm_cdc_single_inst_wrst_rd'
Sourcing Tcl File [C:/Xilinx/Vivado/2020.1/data/ip/xpm/xpm_cdc/tcl/xpm_cdc_single.tcl] for cell 'design_1_i/microblaze_0_axi_periph/m03_couplers/auto_cc/inst/gen_clock_conv.gen_async_conv.asyncfifo_axi/inst_fifo_gen/gaxi_full_lite.gread_ch.grach2.axi_rach/grf.rf/rstblk/ngwrdrst.grst.g7serrst.gnsckt_wrst.gic_rst.xpm_cdc_single_inst_rrst_wr'
Finished Sourcing Tcl File [C:/Xilinx/Vivado/2020.1/data/ip/xpm/xpm_cdc/tcl/xpm_cdc_single.tcl] for cell 'design_1_i/microblaze_0_axi_periph/m03_couplers/auto_cc/inst/gen_clock_conv.gen_async_conv.asyncfifo_axi/inst_fifo_gen/gaxi_full_lite.gread_ch.grach2.axi_rach/grf.rf/rstblk/ngwrdrst.grst.g7serrst.gnsckt_wrst.gic_rst.xpm_cdc_single_inst_rrst_wr'
Sourcing Tcl File [C:/Xilinx/Vivado/2020.1/data/ip/xpm/xpm_cdc/tcl/xpm_cdc_single.tcl] for cell 'design_1_i/microblaze_0_axi_periph/m03_couplers/auto_cc/inst/gen_clock_conv.gen_async_conv.asyncfifo_axi/inst_fifo_gen/gaxi_full_lite.gread_ch.grdch2.axi_rdch/grf.rf/rstblk/ngwrdrst.grst.g7serrst.gnsckt_wrst.gic_rst.xpm_cdc_single_inst_wrst_rd'
Finished Sourcing Tcl File [C:/Xilinx/Vivado/2020.1/data/ip/xpm/xpm_cdc/tcl/xpm_cdc_single.tcl] for cell 'design_1_i/microblaze_0_axi_periph/m03_couplers/auto_cc/inst/gen_clock_conv.gen_async_conv.asyncfifo_axi/inst_fifo_gen/gaxi_full_lite.gread_ch.grdch2.axi_rdch/grf.rf/rstblk/ngwrdrst.grst.g7serrst.gnsckt_wrst.gic_rst.xpm_cdc_single_inst_wrst_rd'
INFO: [Opt 31-138] Pushed 0 inverter(s) to 0 load pin(s).
Generating merged BMM file for the design top 'design_1_wrapper'...
INFO: [Memdata 28-144] Successfully populated the BRAM INIT strings from the following elf files: c:/Users/alise/Desktop/VIVADO/PROJECTS/NEXYS_ESP/NEXYS_ESP.srcs/sources_1/bd/design_1/ip/design_1_microblaze_0_0/data/mb_bootloop_le.elf 
Netlist sorting complete. Time (s): cpu = 00:00:00 ; elapsed = 00:00:00.018 . Memory (MB): peak = 1616.320 ; gain = 0.000
INFO: [Project 1-111] Unisim Transformation Summary:
  A total of 393 instances were transformed.
  IOBUFDS_INTERMDISABLE => IOBUFDS_INTERMDISABLE (IBUFDS_INTERMDISABLE_INT(x2), INV, OBUFTDS(x2)): 2 instances
  IOBUF_INTERMDISABLE => IOBUF_INTERMDISABLE (IBUF_INTERMDISABLE, OBUFT): 16 instances
  LUT6_2 => LUT6_2 (LUT5, LUT6): 88 instances
  OBUFDS => OBUFDS_DUAL_BUF (INV, OBUFDS(x2)): 1 instance 
  RAM16X1D => RAM32X1D (RAMD32(x2)): 32 instances
  RAM32M => RAM32M (RAMD32(x6), RAMS32(x2)): 222 instances
  RAM32X1D => RAM32X1D (RAMD32(x2)): 32 instances

40 Infos, 8 Warnings, 0 Critical Warnings and 0 Errors encountered.
link_design completed successfully
link_design: Time (s): cpu = 00:00:26 ; elapsed = 00:00:28 . Memory (MB): peak = 1616.320 ; gain = 586.605
Command: opt_design
Attempting to get a license for feature 'Implementation' and/or device 'xc7a100t'
INFO: [Common 17-349] Got license for feature 'Implementation' and/or device 'xc7a100t'
Running DRC as a precondition to command opt_design

Starting DRC Task
INFO: [DRC 23-27] Running DRC with 2 threads
INFO: [Project 1-461] DRC finished with 0 Errors
INFO: [Project 1-462] Please refer to the DRC report (report_drc) for more information.

Time (s): cpu = 00:00:02 ; elapsed = 00:00:01 . Memory (MB): peak = 1616.320 ; gain = 0.000

Starting Cache Timing Information Task
INFO: [Timing 38-35] Done setting XDC timing constraints.
WARNING: [Timing 38-305] Skipping automatic recalibration of MEMREFCLK_PERIOD on instance design_1_i/mig_7series_0/u_design_1_mig_7series_0_0_mig/u_memc_ui_top_axi/mem_intfc0/ddr_phy_top0/u_ddr_mc_phy_wrapper/u_ddr_mc_phy/ddr_phy_4lanes_0.u_ddr_phy_4lanes/ddr_byte_lane_A.ddr_byte_lane_A/phaser_out because the value of 6.154 obtained from clock propagation is outside the allowed range.
WARNING: [Timing 38-305] Skipping automatic recalibration of MEMREFCLK_PERIOD on instance design_1_i/mig_7series_0/u_design_1_mig_7series_0_0_mig/u_memc_ui_top_axi/mem_intfc0/ddr_phy_top0/u_ddr_mc_phy_wrapper/u_ddr_mc_phy/ddr_phy_4lanes_0.u_ddr_phy_4lanes/ddr_byte_lane_B.ddr_byte_lane_B/phaser_out because the value of 6.154 obtained from clock propagation is outside the allowed range.
WARNING: [Timing 38-305] Skipping automatic recalibration of MEMREFCLK_PERIOD on instance design_1_i/mig_7series_0/u_design_1_mig_7series_0_0_mig/u_memc_ui_top_axi/mem_intfc0/ddr_phy_top0/u_ddr_mc_phy_wrapper/u_ddr_mc_phy/ddr_phy_4lanes_0.u_ddr_phy_4lanes/ddr_byte_lane_C.ddr_byte_lane_C/phaser_out because the value of 6.154 obtained from clock propagation is outside the allowed range.
WARNING: [Timing 38-305] Skipping automatic recalibration of MEMREFCLK_PERIOD on instance design_1_i/mig_7series_0/u_design_1_mig_7series_0_0_mig/u_memc_ui_top_axi/mem_intfc0/ddr_phy_top0/u_ddr_mc_phy_wrapper/u_ddr_mc_phy/ddr_phy_4lanes_0.u_ddr_phy_4lanes/ddr_byte_lane_D.ddr_byte_lane_D/phaser_out because the value of 6.154 obtained from clock propagation is outside the allowed range.
Ending Cache Timing Information Task | Checksum: fe30bb92

Time (s): cpu = 00:00:02 ; elapsed = 00:00:01 . Memory (MB): peak = 1616.320 ; gain = 0.000

Starting Logic Optimization Task

Phase 1 Retarget
INFO: [Opt 31-138] Pushed 6 inverter(s) to 7 load pin(s).
INFO: [Opt 31-49] Retargeted 0 cell(s).
Phase 1 Retarget | Checksum: efbfee59

Time (s): cpu = 00:00:02 ; elapsed = 00:00:02 . Memory (MB): peak = 1769.504 ; gain = 0.504
INFO: [Opt 31-389] Phase Retarget created 123 cells and removed 242 cells
INFO: [Opt 31-1021] In phase Retarget, 126 netlist objects are constrained preventing optimization. Please run opt_design with -debug_log to get more detail. 

Phase 2 Constant propagation
INFO: [Opt 31-138] Pushed 7 inverter(s) to 19 load pin(s).
Phase 2 Constant propagation | Checksum: 113bf36f9

Time (s): cpu = 00:00:03 ; elapsed = 00:00:03 . Memory (MB): peak = 1769.504 ; gain = 0.504
INFO: [Opt 31-389] Phase Constant propagation created 864 cells and removed 2890 cells
INFO: [Opt 31-1021] In phase Constant propagation, 103 netlist objects are constrained preventing optimization. Please run opt_design with -debug_log to get more detail. 

Phase 3 Sweep
Phase 3 Sweep | Checksum: ceb18696

Time (s): cpu = 00:00:06 ; elapsed = 00:00:06 . Memory (MB): peak = 1769.504 ; gain = 0.504
INFO: [Opt 31-389] Phase Sweep created 1 cells and removed 2932 cells
INFO: [Opt 31-1021] In phase Sweep, 439 netlist objects are constrained preventing optimization. Please run opt_design with -debug_log to get more detail. 

Phase 4 BUFG optimization
INFO: [Opt 31-194] Inserted BUFG design_1_i/mdm_1/U0/Use_E2.BSCAN_I/Ext_JTAG_UPDATE_BUFG_inst to drive 40 load(s) on clock net design_1_i/mdm_1/U0/Use_E2.BSCAN_I/Ext_JTAG_UPDATE_BUFG
INFO: [Opt 31-193] Inserted 2 BUFG(s) on clock nets
Phase 4 BUFG optimization | Checksum: 127ed8e49

Time (s): cpu = 00:00:06 ; elapsed = 00:00:06 . Memory (MB): peak = 1769.504 ; gain = 0.504
INFO: [Opt 31-662] Phase BUFG optimization created 1 cells of which 1 are BUFGs and removed 0 cells.

Phase 5 Shift Register Optimization
INFO: [Opt 31-1064] SRL Remap converted 0 SRLs to 0 registers and converted 0 registers of register chains to 0 SRLs
Phase 5 Shift Register Optimization | Checksum: 127ed8e49

Time (s): cpu = 00:00:07 ; elapsed = 00:00:07 . Memory (MB): peak = 1769.504 ; gain = 0.504
INFO: [Opt 31-389] Phase Shift Register Optimization created 0 cells and removed 0 cells

Phase 6 Post Processing Netlist
Phase 6 Post Processing Netlist | Checksum: 6bb0d1a2

Time (s): cpu = 00:00:07 ; elapsed = 00:00:07 . Memory (MB): peak = 1769.504 ; gain = 0.504
INFO: [Opt 31-389] Phase Post Processing Netlist created 0 cells and removed 0 cells
INFO: [Opt 31-1021] In phase Post Processing Netlist, 145 netlist objects are constrained preventing optimization. Please run opt_design with -debug_log to get more detail. 
Opt_design Change Summary
=========================


-------------------------------------------------------------------------------------------------------------------------
|  Phase                        |  #Cells created  |  #Cells Removed  |  #Constrained objects preventing optimizations  |
-------------------------------------------------------------------------------------------------------------------------
|  Retarget                     |             123  |             242  |                                            126  |
|  Constant propagation         |             864  |            2890  |                                            103  |
|  Sweep                        |               1  |            2932  |                                            439  |
|  BUFG optimization            |               1  |               0  |                                              0  |
|  Shift Register Optimization  |               0  |               0  |                                              0  |
|  Post Processing Netlist      |               0  |               0  |                                            145  |
-------------------------------------------------------------------------------------------------------------------------



Starting Connectivity Check Task

Time (s): cpu = 00:00:00 ; elapsed = 00:00:00.052 . Memory (MB): peak = 1769.504 ; gain = 0.000
Ending Logic Optimization Task | Checksum: 1042ae2be

Time (s): cpu = 00:00:08 ; elapsed = 00:00:08 . Memory (MB): peak = 1769.504 ; gain = 0.504

Starting Power Optimization Task
INFO: [Pwropt 34-132] Skipping clock gating for clocks with a period < 2.00 ns.
INFO: [Timing 38-35] Done setting XDC timing constraints.
INFO: [Pwropt 34-9] Applying IDT optimizations ...
INFO: [Pwropt 34-10] Applying ODC optimizations ...
WARNING: [Timing 38-305] Skipping automatic recalibration of MEMREFCLK_PERIOD on instance design_1_i/mig_7series_0/u_design_1_mig_7series_0_0_mig/u_memc_ui_top_axi/mem_intfc0/ddr_phy_top0/u_ddr_mc_phy_wrapper/u_ddr_mc_phy/ddr_phy_4lanes_0.u_ddr_phy_4lanes/ddr_byte_lane_A.ddr_byte_lane_A/phaser_out because the value of 6.154 obtained from clock propagation is outside the allowed range.
WARNING: [Timing 38-305] Skipping automatic recalibration of MEMREFCLK_PERIOD on instance design_1_i/mig_7series_0/u_design_1_mig_7series_0_0_mig/u_memc_ui_top_axi/mem_intfc0/ddr_phy_top0/u_ddr_mc_phy_wrapper/u_ddr_mc_phy/ddr_phy_4lanes_0.u_ddr_phy_4lanes/ddr_byte_lane_B.ddr_byte_lane_B/phaser_out because the value of 6.154 obtained from clock propagation is outside the allowed range.
WARNING: [Timing 38-305] Skipping automatic recalibration of MEMREFCLK_PERIOD on instance design_1_i/mig_7series_0/u_design_1_mig_7series_0_0_mig/u_memc_ui_top_axi/mem_intfc0/ddr_phy_top0/u_ddr_mc_phy_wrapper/u_ddr_mc_phy/ddr_phy_4lanes_0.u_ddr_phy_4lanes/ddr_byte_lane_C.ddr_byte_lane_C/phaser_out because the value of 6.154 obtained from clock propagation is outside the allowed range.
WARNING: [Timing 38-305] Skipping automatic recalibration of MEMREFCLK_PERIOD on instance design_1_i/mig_7series_0/u_design_1_mig_7series_0_0_mig/u_memc_ui_top_axi/mem_intfc0/ddr_phy_top0/u_ddr_mc_phy_wrapper/u_ddr_mc_phy/ddr_phy_4lanes_0.u_ddr_phy_4lanes/ddr_byte_lane_D.ddr_byte_lane_D/phaser_out because the value of 6.154 obtained from clock propagation is outside the allowed range.
Running Vector-less Activity Propagation...

Finished Running Vector-less Activity Propagation


Starting PowerOpt Patch Enables Task
INFO: [Pwropt 34-162] WRITE_MODE attribute of 0 BRAM(s) out of a total of 26 has been updated to save power. Run report_power_opt to get a complete listing of the BRAMs updated.
INFO: [Pwropt 34-201] Structural ODC has moved 8 WE to EN ports
Number of BRAM Ports augmented: 8 newly gated: 16 Total Ports: 52
Ending PowerOpt Patch Enables Task | Checksum: d553d8fb

Time (s): cpu = 00:00:00 ; elapsed = 00:00:00.194 . Memory (MB): peak = 2053.676 ; gain = 0.000
Ending Power Optimization Task | Checksum: d553d8fb

Time (s): cpu = 00:00:11 ; elapsed = 00:00:05 . Memory (MB): peak = 2053.676 ; gain = 284.172

Starting Final Cleanup Task

Starting Logic Optimization Task
INFO: [Timing 38-35] Done setting XDC timing constraints.
WARNING: [Timing 38-305] Skipping automatic recalibration of MEMREFCLK_PERIOD on instance design_1_i/mig_7series_0/u_design_1_mig_7series_0_0_mig/u_memc_ui_top_axi/mem_intfc0/ddr_phy_top0/u_ddr_mc_phy_wrapper/u_ddr_mc_phy/ddr_phy_4lanes_0.u_ddr_phy_4lanes/ddr_byte_lane_A.ddr_byte_lane_A/phaser_out because the value of 6.154 obtained from clock propagation is outside the allowed range.
WARNING: [Timing 38-305] Skipping automatic recalibration of MEMREFCLK_PERIOD on instance design_1_i/mig_7series_0/u_design_1_mig_7series_0_0_mig/u_memc_ui_top_axi/mem_intfc0/ddr_phy_top0/u_ddr_mc_phy_wrapper/u_ddr_mc_phy/ddr_phy_4lanes_0.u_ddr_phy_4lanes/ddr_byte_lane_B.ddr_byte_lane_B/phaser_out because the value of 6.154 obtained from clock propagation is outside the allowed range.
WARNING: [Timing 38-305] Skipping automatic recalibration of MEMREFCLK_PERIOD on instance design_1_i/mig_7series_0/u_design_1_mig_7series_0_0_mig/u_memc_ui_top_axi/mem_intfc0/ddr_phy_top0/u_ddr_mc_phy_wrapper/u_ddr_mc_phy/ddr_phy_4lanes_0.u_ddr_phy_4lanes/ddr_byte_lane_C.ddr_byte_lane_C/phaser_out because the value of 6.154 obtained from clock propagation is outside the allowed range.
WARNING: [Timing 38-305] Skipping automatic recalibration of MEMREFCLK_PERIOD on instance design_1_i/mig_7series_0/u_design_1_mig_7series_0_0_mig/u_memc_ui_top_axi/mem_intfc0/ddr_phy_top0/u_ddr_mc_phy_wrapper/u_ddr_mc_phy/ddr_phy_4lanes_0.u_ddr_phy_4lanes/ddr_byte_lane_D.ddr_byte_lane_D/phaser_out because the value of 6.154 obtained from clock propagation is outside the allowed range.
Ending Logic Optimization Task | Checksum: 103e6ce51

Time (s): cpu = 00:00:03 ; elapsed = 00:00:02 . Memory (MB): peak = 2053.676 ; gain = 0.000
Ending Final Cleanup Task | Checksum: 103e6ce51

Time (s): cpu = 00:00:05 ; elapsed = 00:00:04 . Memory (MB): peak = 2053.676 ; gain = 0.000

Starting Netlist Obfuscation Task
Netlist sorting complete. Time (s): cpu = 00:00:00 ; elapsed = 00:00:00.016 . Memory (MB): peak = 2053.676 ; gain = 0.000
Ending Netlist Obfuscation Task | Checksum: 103e6ce51

Time (s): cpu = 00:00:00 ; elapsed = 00:00:00.016 . Memory (MB): peak = 2053.676 ; gain = 0.000
INFO: [Common 17-83] Releasing license: Implementation
69 Infos, 20 Warnings, 0 Critical Warnings and 0 Errors encountered.
opt_design completed successfully
opt_design: Time (s): cpu = 00:00:30 ; elapsed = 00:00:22 . Memory (MB): peak = 2053.676 ; gain = 437.355
INFO: [Timing 38-35] Done setting XDC timing constraints.
WARNING: [Timing 38-305] Skipping automatic recalibration of MEMREFCLK_PERIOD on instance design_1_i/mig_7series_0/u_design_1_mig_7series_0_0_mig/u_memc_ui_top_axi/mem_intfc0/ddr_phy_top0/u_ddr_mc_phy_wrapper/u_ddr_mc_phy/ddr_phy_4lanes_0.u_ddr_phy_4lanes/ddr_byte_lane_A.ddr_byte_lane_A/phaser_out because the value of 6.154 obtained from clock propagation is outside the allowed range.
WARNING: [Timing 38-305] Skipping automatic recalibration of MEMREFCLK_PERIOD on instance design_1_i/mig_7series_0/u_design_1_mig_7series_0_0_mig/u_memc_ui_top_axi/mem_intfc0/ddr_phy_top0/u_ddr_mc_phy_wrapper/u_ddr_mc_phy/ddr_phy_4lanes_0.u_ddr_phy_4lanes/ddr_byte_lane_B.ddr_byte_lane_B/phaser_out because the value of 6.154 obtained from clock propagation is outside the allowed range.
WARNING: [Timing 38-305] Skipping automatic recalibration of MEMREFCLK_PERIOD on instance design_1_i/mig_7series_0/u_design_1_mig_7series_0_0_mig/u_memc_ui_top_axi/mem_intfc0/ddr_phy_top0/u_ddr_mc_phy_wrapper/u_ddr_mc_phy/ddr_phy_4lanes_0.u_ddr_phy_4lanes/ddr_byte_lane_C.ddr_byte_lane_C/phaser_out because the value of 6.154 obtained from clock propagation is outside the allowed range.
WARNING: [Timing 38-305] Skipping automatic recalibration of MEMREFCLK_PERIOD on instance design_1_i/mig_7series_0/u_design_1_mig_7series_0_0_mig/u_memc_ui_top_axi/mem_intfc0/ddr_phy_top0/u_ddr_mc_phy_wrapper/u_ddr_mc_phy/ddr_phy_4lanes_0.u_ddr_phy_4lanes/ddr_byte_lane_D.ddr_byte_lane_D/phaser_out because the value of 6.154 obtained from clock propagation is outside the allowed range.
INFO: [Timing 38-480] Writing timing data to binary archive.
Writing placer database...
Writing XDEF routing.
Writing XDEF routing logical nets.
Writing XDEF routing special nets.
Write XDEF Complete: Time (s): cpu = 00:00:01 ; elapsed = 00:00:00.070 . Memory (MB): peak = 2053.676 ; gain = 0.000
INFO: [Common 17-1381] The checkpoint 'C:/Users/alise/Desktop/VIVADO/PROJECTS/NEXYS_ESP/NEXYS_ESP.runs/impl_1/design_1_wrapper_opt.dcp' has been generated.
write_checkpoint: Time (s): cpu = 00:00:09 ; elapsed = 00:00:06 . Memory (MB): peak = 2053.676 ; gain = 0.000
INFO: [runtcl-4] Executing : report_drc -file design_1_wrapper_drc_opted.rpt -pb design_1_wrapper_drc_opted.pb -rpx design_1_wrapper_drc_opted.rpx
Command: report_drc -file design_1_wrapper_drc_opted.rpt -pb design_1_wrapper_drc_opted.pb -rpx design_1_wrapper_drc_opted.rpx
INFO: [IP_Flow 19-1839] IP Catalog is up to date.
INFO: [DRC 23-27] Running DRC with 2 threads
INFO: [Coretcl 2-168] The results of DRC are in file C:/Users/alise/Desktop/VIVADO/PROJECTS/NEXYS_ESP/NEXYS_ESP.runs/impl_1/design_1_wrapper_drc_opted.rpt.
report_drc completed successfully
Command: place_design
Attempting to get a license for feature 'Implementation' and/or device 'xc7a100t'
INFO: [Common 17-349] Got license for feature 'Implementation' and/or device 'xc7a100t'
INFO: [DRC 23-27] Running DRC with 2 threads
INFO: [Vivado_Tcl 4-198] DRC finished with 0 Errors
INFO: [Vivado_Tcl 4-199] Please refer to the DRC report (report_drc) for more information.
Running DRC as a precondition to command place_design
INFO: [DRC 23-27] Running DRC with 2 threads
CRITICAL WARNING: [DRC AVAL-46] v7v8_mmcm_fvco_rule1: The current computed target frequency, FVCO, is out of range for cell design_1_i/mig_7series_0/u_design_1_mig_7series_0_0_mig/u_ddr2_infrastructure/gen_ui_extra_clocks.mmcm_i. The computed FVCO is 568.750 MHz. The valid FVCO range for speed grade -1 is 600MHz to 1200MHz. The cell attribute values used to compute FVCO are CLKFBOUT_MULT_F = 14.000, CLKIN1_PERIOD = 24.61539, and DIVCLK_DIVIDE = 1 (FVCO = 1000 * CLKFBOUT_MULT_F/(CLKIN1_PERIOD * DIVCLK_DIVIDE)).
This violation may be corrected by:
  1. The timer uses timing constraints for clock period or clock frequency that affect CLKIN1 to set cell attribute CLKIN1_PERIOD, over-riding any previous value. This may already be in place and, if so this violation will be resolved once Timing is run.  Otherwise, consider modifying timing constraints to adjust the CLKIN1_PERIOD and bring FVCO into the allowed range.
  2. In the absence of timing constraints that affect CLKIN1, consider modifying the cell CLKIN1_PERIOD to bring FVCO into the allowed range.
  3. If CLKIN1_PERIOD is satisfactory, modify the CLKFBOUT_MULT_F or DIVCLK_DIVIDE cell attributes to bring FVCO into the allowed range.
  4. The MMCM configuration may be dynamically modified by use of DRP which is recognized by an ACTIVE signal on DCLK pin.
INFO: [Vivado_Tcl 4-198] DRC finished with 0 Errors, 1 Critical Warnings
INFO: [Vivado_Tcl 4-199] Please refer to the DRC report (report_drc) for more information.

Starting Placer Task
INFO: [Place 30-611] Multithreading enabled for place_design using a maximum of 2 CPUs

Phase 1 Placer Initialization

Phase 1.1 Placer Initialization Netlist Sorting
Netlist sorting complete. Time (s): cpu = 00:00:00 ; elapsed = 00:00:00.018 . Memory (MB): peak = 2053.676 ; gain = 0.000
Phase 1.1 Placer Initialization Netlist Sorting | Checksum: e6436426

Time (s): cpu = 00:00:00 ; elapsed = 00:00:00.027 . Memory (MB): peak = 2053.676 ; gain = 0.000
Netlist sorting complete. Time (s): cpu = 00:00:00 ; elapsed = 00:00:00.016 . Memory (MB): peak = 2053.676 ; gain = 0.000

Phase 1.2 IO Placement/ Clock Placement/ Build Placer Device
Phase 1.2 IO Placement/ Clock Placement/ Build Placer Device | Checksum: 1473aa4fb

Time (s): cpu = 00:00:04 ; elapsed = 00:00:03 . Memory (MB): peak = 2053.676 ; gain = 0.000

Phase 1.3 Build Placer Netlist Model
Phase 1.3 Build Placer Netlist Model | Checksum: 1b6a0ae90

Time (s): cpu = 00:00:12 ; elapsed = 00:00:08 . Memory (MB): peak = 2053.676 ; gain = 0.000

Phase 1.4 Constrain Clocks/Macros
Phase 1.4 Constrain Clocks/Macros | Checksum: 1b6a0ae90

Time (s): cpu = 00:00:12 ; elapsed = 00:00:08 . Memory (MB): peak = 2053.676 ; gain = 0.000
Phase 1 Placer Initialization | Checksum: 1b6a0ae90

Time (s): cpu = 00:00:13 ; elapsed = 00:00:08 . Memory (MB): peak = 2053.676 ; gain = 0.000

Phase 2 Global Placement

Phase 2.1 Floorplanning
Phase 2.1 Floorplanning | Checksum: 1c197630e

Time (s): cpu = 00:00:15 ; elapsed = 00:00:09 . Memory (MB): peak = 2053.676 ; gain = 0.000

Phase 2.2 Global Placement Core

Phase 2.2.1 Physical Synthesis In Placer
INFO: [Physopt 32-1035] Found 0 LUTNM shape to break, 1462 LUT instances to create LUTNM shape
INFO: [Physopt 32-1044] Break lutnm for timing: one critical 0, two critical 0, total 0, new lutff created 0
INFO: [Physopt 32-775] End 1 Pass. Optimized 619 nets or cells. Created 0 new cell, deleted 619 existing cells and moved 0 existing cell
INFO: [Physopt 32-65] No nets found for high-fanout optimization.
INFO: [Physopt 32-232] Optimized 0 net. Created 0 new instance.
INFO: [Physopt 32-775] End 1 Pass. Optimized 0 net or cell. Created 0 new cell, deleted 0 existing cell and moved 0 existing cell
INFO: [Physopt 32-456] No candidate cells for DSP register optimization found in the design.
INFO: [Physopt 32-775] End 2 Pass. Optimized 0 net or cell. Created 0 new cell, deleted 0 existing cell and moved 0 existing cell
INFO: [Physopt 32-1123] No candidate cells found for Shift Register to Pipeline optimization
INFO: [Physopt 32-775] End 1 Pass. Optimized 0 net or cell. Created 0 new cell, deleted 0 existing cell and moved 0 existing cell
INFO: [Physopt 32-677] No candidate cells for Shift Register optimization found in the design
INFO: [Physopt 32-775] End 1 Pass. Optimized 0 net or cell. Created 0 new cell, deleted 0 existing cell and moved 0 existing cell
INFO: [Physopt 32-526] No candidate cells for BRAM register optimization found in the design
INFO: [Physopt 32-775] End 1 Pass. Optimized 0 net or cell. Created 0 new cell, deleted 0 existing cell and moved 0 existing cell
INFO: [Physopt 32-846] No candidate cells for URAM register optimization found in the design
INFO: [Physopt 32-775] End 2 Pass. Optimized 0 net or cell. Created 0 new cell, deleted 0 existing cell and moved 0 existing cell
INFO: [Physopt 32-949] No candidate nets found for HD net replication
INFO: [Physopt 32-775] End 1 Pass. Optimized 0 net or cell. Created 0 new cell, deleted 0 existing cell and moved 0 existing cell
Netlist sorting complete. Time (s): cpu = 00:00:00 ; elapsed = 00:00:00.018 . Memory (MB): peak = 2053.676 ; gain = 0.000

Summary of Physical Synthesis Optimizations
============================================


-----------------------------------------------------------------------------------------------------------------------------------------------------------
|  Optimization                                     |  Added Cells  |  Removed Cells  |  Optimized Cells/Nets  |  Dont Touch  |  Iterations  |  Elapsed   |
-----------------------------------------------------------------------------------------------------------------------------------------------------------
|  LUT Combining                                    |            0  |            619  |                   619  |           0  |           1  |  00:00:01  |
|  Very High Fanout                                 |            0  |              0  |                     0  |           0  |           1  |  00:00:00  |
|  DSP Register                                     |            0  |              0  |                     0  |           0  |           1  |  00:00:00  |
|  Shift Register to Pipeline                       |            0  |              0  |                     0  |           0  |           1  |  00:00:00  |
|  Shift Register                                   |            0  |              0  |                     0  |           0  |           1  |  00:00:00  |
|  BRAM Register                                    |            0  |              0  |                     0  |           0  |           1  |  00:00:00  |
|  URAM Register                                    |            0  |              0  |                     0  |           0  |           1  |  00:00:00  |
|  Dynamic/Static Region Interface Net Replication  |            0  |              0  |                     0  |           0  |           1  |  00:00:00  |
|  Total                                            |            0  |            619  |                   619  |           0  |           8  |  00:00:01  |
-----------------------------------------------------------------------------------------------------------------------------------------------------------


Phase 2.2.1 Physical Synthesis In Placer | Checksum: 1200b478c

Time (s): cpu = 00:00:41 ; elapsed = 00:00:24 . Memory (MB): peak = 2053.676 ; gain = 0.000
Phase 2.2 Global Placement Core | Checksum: 1dbc703cd

Time (s): cpu = 00:00:42 ; elapsed = 00:00:25 . Memory (MB): peak = 2053.676 ; gain = 0.000
Phase 2 Global Placement | Checksum: 1dbc703cd

Time (s): cpu = 00:00:42 ; elapsed = 00:00:25 . Memory (MB): peak = 2053.676 ; gain = 0.000

Phase 3 Detail Placement

Phase 3.1 Commit Multi Column Macros
Phase 3.1 Commit Multi Column Macros | Checksum: 1af6b7761

Time (s): cpu = 00:00:45 ; elapsed = 00:00:26 . Memory (MB): peak = 2053.676 ; gain = 0.000

Phase 3.2 Commit Most Macros & LUTRAMs
Phase 3.2 Commit Most Macros & LUTRAMs | Checksum: 1e7bb7510

Time (s): cpu = 00:00:49 ; elapsed = 00:00:29 . Memory (MB): peak = 2053.676 ; gain = 0.000

Phase 3.3 Area Swap Optimization
Phase 3.3 Area Swap Optimization | Checksum: 24e648611

Time (s): cpu = 00:00:50 ; elapsed = 00:00:29 . Memory (MB): peak = 2053.676 ; gain = 0.000

Phase 3.4 Pipeline Register Optimization
Phase 3.4 Pipeline Register Optimization | Checksum: 20a9e481a

Time (s): cpu = 00:00:50 ; elapsed = 00:00:29 . Memory (MB): peak = 2053.676 ; gain = 0.000

Phase 3.5 Fast Optimization
Phase 3.5 Fast Optimization | Checksum: 1b250d55f

Time (s): cpu = 00:00:54 ; elapsed = 00:00:32 . Memory (MB): peak = 2053.676 ; gain = 0.000

Phase 3.6 Small Shape Detail Placement
Phase 3.6 Small Shape Detail Placement | Checksum: d5337a2b

Time (s): cpu = 00:01:00 ; elapsed = 00:00:37 . Memory (MB): peak = 2053.676 ; gain = 0.000

Phase 3.7 Re-assign LUT pins
Phase 3.7 Re-assign LUT pins | Checksum: dc7e9e3b

Time (s): cpu = 00:01:01 ; elapsed = 00:00:38 . Memory (MB): peak = 2053.676 ; gain = 0.000

Phase 3.8 Pipeline Register Optimization
Phase 3.8 Pipeline Register Optimization | Checksum: 1cb79a51d

Time (s): cpu = 00:01:01 ; elapsed = 00:00:38 . Memory (MB): peak = 2053.676 ; gain = 0.000

Phase 3.9 Fast Optimization
Phase 3.9 Fast Optimization | Checksum: 11705aad1

Time (s): cpu = 00:01:08 ; elapsed = 00:00:43 . Memory (MB): peak = 2053.676 ; gain = 0.000
Phase 3 Detail Placement | Checksum: 11705aad1

Time (s): cpu = 00:01:08 ; elapsed = 00:00:43 . Memory (MB): peak = 2053.676 ; gain = 0.000

Phase 4 Post Placement Optimization and Clean-Up

Phase 4.1 Post Commit Optimization
INFO: [Timing 38-35] Done setting XDC timing constraints.
WARNING: [Timing 38-305] Skipping automatic recalibration of MEMREFCLK_PERIOD on instance design_1_i/mig_7series_0/u_design_1_mig_7series_0_0_mig/u_memc_ui_top_axi/mem_intfc0/ddr_phy_top0/u_ddr_mc_phy_wrapper/u_ddr_mc_phy/ddr_phy_4lanes_0.u_ddr_phy_4lanes/ddr_byte_lane_A.ddr_byte_lane_A/phaser_out because the value of 6.154 obtained from clock propagation is outside the allowed range.
WARNING: [Timing 38-305] Skipping automatic recalibration of MEMREFCLK_PERIOD on instance design_1_i/mig_7series_0/u_design_1_mig_7series_0_0_mig/u_memc_ui_top_axi/mem_intfc0/ddr_phy_top0/u_ddr_mc_phy_wrapper/u_ddr_mc_phy/ddr_phy_4lanes_0.u_ddr_phy_4lanes/ddr_byte_lane_B.ddr_byte_lane_B/phaser_out because the value of 6.154 obtained from clock propagation is outside the allowed range.
WARNING: [Timing 38-305] Skipping automatic recalibration of MEMREFCLK_PERIOD on instance design_1_i/mig_7series_0/u_design_1_mig_7series_0_0_mig/u_memc_ui_top_axi/mem_intfc0/ddr_phy_top0/u_ddr_mc_phy_wrapper/u_ddr_mc_phy/ddr_phy_4lanes_0.u_ddr_phy_4lanes/ddr_byte_lane_C.ddr_byte_lane_C/phaser_out because the value of 6.154 obtained from clock propagation is outside the allowed range.
WARNING: [Timing 38-305] Skipping automatic recalibration of MEMREFCLK_PERIOD on instance design_1_i/mig_7series_0/u_design_1_mig_7series_0_0_mig/u_memc_ui_top_axi/mem_intfc0/ddr_phy_top0/u_ddr_mc_phy_wrapper/u_ddr_mc_phy/ddr_phy_4lanes_0.u_ddr_phy_4lanes/ddr_byte_lane_D.ddr_byte_lane_D/phaser_out because the value of 6.154 obtained from clock propagation is outside the allowed range.

Phase 4.1.1 Post Placement Optimization
Post Placement Optimization Initialization | Checksum: 145c0d7eb

Phase 4.1.1.1 BUFG Insertion

Starting Physical Synthesis Task

Phase 1 Physical Synthesis Initialization
INFO: [Physopt 32-721] Multithreading enabled for phys_opt_design using a maximum of 2 CPUs
INFO: [Physopt 32-619] Estimated Timing Summary | WNS=-1.300 | TNS=-135.478 |
Phase 1 Physical Synthesis Initialization | Checksum: d7120e3c

Time (s): cpu = 00:00:02 ; elapsed = 00:00:01 . Memory (MB): peak = 2053.676 ; gain = 0.000
INFO: [Place 46-56] BUFG insertion identified 0 candidate nets. Inserted BUFG: 0, Replicated BUFG Driver: 0, Skipped due to Placement/Routing Conflicts: 0, Skipped due to Timing Degradation: 0, Skipped due to Illegal Netlist: 0.
Ending Physical Synthesis Task | Checksum: e6766143

Time (s): cpu = 00:00:02 ; elapsed = 00:00:01 . Memory (MB): peak = 2053.676 ; gain = 0.000
Phase 4.1.1.1 BUFG Insertion | Checksum: 145c0d7eb

Time (s): cpu = 00:01:19 ; elapsed = 00:00:50 . Memory (MB): peak = 2053.676 ; gain = 0.000
INFO: [Place 30-746] Post Placement Timing Summary WNS=0.113. For the most accurate timing information please run report_timing.
Phase 4.1.1 Post Placement Optimization | Checksum: 132fe38b6

Time (s): cpu = 00:01:36 ; elapsed = 00:01:03 . Memory (MB): peak = 2053.676 ; gain = 0.000
Phase 4.1 Post Commit Optimization | Checksum: 132fe38b6

Time (s): cpu = 00:01:36 ; elapsed = 00:01:03 . Memory (MB): peak = 2053.676 ; gain = 0.000

Phase 4.2 Post Placement Cleanup
Phase 4.2 Post Placement Cleanup | Checksum: 132fe38b6

Time (s): cpu = 00:01:36 ; elapsed = 00:01:03 . Memory (MB): peak = 2053.676 ; gain = 0.000

Phase 4.3 Placer Reporting
Phase 4.3 Placer Reporting | Checksum: 132fe38b6

Time (s): cpu = 00:01:36 ; elapsed = 00:01:03 . Memory (MB): peak = 2053.676 ; gain = 0.000

Phase 4.4 Final Placement Cleanup
Netlist sorting complete. Time (s): cpu = 00:00:00 ; elapsed = 00:00:00.027 . Memory (MB): peak = 2053.676 ; gain = 0.000
Phase 4.4 Final Placement Cleanup | Checksum: 1d3690a5d

Time (s): cpu = 00:01:36 ; elapsed = 00:01:04 . Memory (MB): peak = 2053.676 ; gain = 0.000
Phase 4 Post Placement Optimization and Clean-Up | Checksum: 1d3690a5d

Time (s): cpu = 00:01:36 ; elapsed = 00:01:04 . Memory (MB): peak = 2053.676 ; gain = 0.000
Ending Placer Task | Checksum: 1c8cd1bad

Time (s): cpu = 00:01:36 ; elapsed = 00:01:04 . Memory (MB): peak = 2053.676 ; gain = 0.000
INFO: [Common 17-83] Releasing license: Implementation
108 Infos, 28 Warnings, 1 Critical Warnings and 0 Errors encountered.
place_design completed successfully
place_design: Time (s): cpu = 00:01:41 ; elapsed = 00:01:06 . Memory (MB): peak = 2053.676 ; gain = 0.000
INFO: [Timing 38-480] Writing timing data to binary archive.
Writing placer database...
Writing XDEF routing.
Writing XDEF routing logical nets.
Writing XDEF routing special nets.
Write XDEF Complete: Time (s): cpu = 00:00:07 ; elapsed = 00:00:02 . Memory (MB): peak = 2053.676 ; gain = 0.000
INFO: [Common 17-1381] The checkpoint 'C:/Users/alise/Desktop/VIVADO/PROJECTS/NEXYS_ESP/NEXYS_ESP.runs/impl_1/design_1_wrapper_placed.dcp' has been generated.
write_checkpoint: Time (s): cpu = 00:00:10 ; elapsed = 00:00:06 . Memory (MB): peak = 2053.676 ; gain = 0.000
INFO: [runtcl-4] Executing : report_io -file design_1_wrapper_io_placed.rpt
report_io: Time (s): cpu = 00:00:00 ; elapsed = 00:00:00.043 . Memory (MB): peak = 2053.676 ; gain = 0.000
INFO: [runtcl-4] Executing : report_utilization -file design_1_wrapper_utilization_placed.rpt -pb design_1_wrapper_utilization_placed.pb
INFO: [runtcl-4] Executing : report_control_sets -verbose -file design_1_wrapper_control_sets_placed.rpt
report_control_sets: Time (s): cpu = 00:00:00 ; elapsed = 00:00:00.075 . Memory (MB): peak = 2053.676 ; gain = 0.000
Command: phys_opt_design
Attempting to get a license for feature 'Implementation' and/or device 'xc7a100t'
INFO: [Common 17-349] Got license for feature 'Implementation' and/or device 'xc7a100t'
INFO: [Vivado_Tcl 4-383] Design worst setup slack (WNS) is greater than or equal to 0.000 ns. Skipping all physical synthesis optimizations.
INFO: [Vivado_Tcl 4-232] No setup violation found. The netlist was not modified.
INFO: [Common 17-83] Releasing license: Implementation
117 Infos, 28 Warnings, 1 Critical Warnings and 0 Errors encountered.
phys_opt_design completed successfully
phys_opt_design: Time (s): cpu = 00:00:09 ; elapsed = 00:00:05 . Memory (MB): peak = 2053.676 ; gain = 0.000
INFO: [Timing 38-480] Writing timing data to binary archive.
Writing placer database...
Writing XDEF routing.
Writing XDEF routing logical nets.
Writing XDEF routing special nets.
Write XDEF Complete: Time (s): cpu = 00:00:07 ; elapsed = 00:00:02 . Memory (MB): peak = 2053.676 ; gain = 0.000
INFO: [Common 17-1381] The checkpoint 'C:/Users/alise/Desktop/VIVADO/PROJECTS/NEXYS_ESP/NEXYS_ESP.runs/impl_1/design_1_wrapper_physopt.dcp' has been generated.
write_checkpoint: Time (s): cpu = 00:00:11 ; elapsed = 00:00:06 . Memory (MB): peak = 2053.676 ; gain = 0.000
Command: route_design
Attempting to get a license for feature 'Implementation' and/or device 'xc7a100t'
INFO: [Common 17-349] Got license for feature 'Implementation' and/or device 'xc7a100t'
Running DRC as a precondition to command route_design
INFO: [DRC 23-27] Running DRC with 2 threads
ERROR: [DRC PDRC-34] MMCM_adv_ClkFrequency_div_no_dclk: The computed value 568.750 MHz (CLKIN1_PERIOD, net pll_clk3) for the VCO operating frequency of the MMCME2_ADV site MMCME2_ADV_X1Y1 (cell design_1_i/mig_7series_0/u_design_1_mig_7series_0_0_mig/u_ddr2_infrastructure/gen_ui_extra_clocks.mmcm_i) falls outside the operating range of the MMCM VCO frequency for this device (600.000 - 1200.000 MHz). The computed value is (CLKFBOUT_MULT_F * 1000 / (CLKINx_PERIOD * DIVCLK_DIVIDE)). Please run update_timing to update the MMCM settings. If that does not work, adjust either the input period CLKINx_PERIOD (24.615385), multiplication factor CLKFBOUT_MULT_F (14.000000) or the division factor DIVCLK_DIVIDE (1), in order to achieve a VCO frequency within the rated operating range for this device.
ERROR: [DRC PDRC-43] PLL_adv_ClkFrequency_div_no_dclk: The computed value 650.000 MHz (CLKIN1_PERIOD, net clk_out1) for the VCO operating frequency of the PLLE2_ADV site PLLE2_ADV_X1Y1 (cell design_1_i/mig_7series_0/u_design_1_mig_7series_0_0_mig/u_ddr2_infrastructure/plle2_i) falls outside the operating range of the PLL VCO frequency for this device (800.000 - 1600.000 MHz). The computed value is (CLKFBOUT_MULT_F * 1000 / (CLKINx_PERIOD * DIVCLK_DIVIDE)). Please adjust either the input period CLKINx_PERIOD (10.000000), multiplication factor CLKFBOUT_MULT_F (13) or the division factor DIVCLK_DIVIDE (2), in order to achieve a VCO frequency within the rated operating range for this device.
INFO: [Vivado_Tcl 4-198] DRC finished with 2 Errors
INFO: [Vivado_Tcl 4-199] Please refer to the DRC report (report_drc) for more information.
ERROR: [Vivado_Tcl 4-16] Error(s) found during DRC. Router not run.
INFO: [Common 17-83] Releasing license: Implementation
124 Infos, 28 Warnings, 1 Critical Warnings and 3 Errors encountered.
route_design failed
INFO: [Timing 38-480] Writing timing data to binary archive.
Writing placer database...
Writing XDEF routing.
Writing XDEF routing logical nets.
Writing XDEF routing special nets.
Write XDEF Complete: Time (s): cpu = 00:00:07 ; elapsed = 00:00:02 . Memory (MB): peak = 2053.676 ; gain = 0.000
INFO: [Common 17-1381] The checkpoint 'C:/Users/alise/Desktop/VIVADO/PROJECTS/NEXYS_ESP/NEXYS_ESP.runs/impl_1/design_1_wrapper_routed_error.dcp' has been generated.
write_checkpoint: Time (s): cpu = 00:00:12 ; elapsed = 00:00:06 . Memory (MB): peak = 2053.676 ; gain = 0.000
ERROR: [Common 17-39] 'route_design' failed due to earlier errors.

INFO: [Common 17-206] Exiting Vivado at Fri Dec  1 21:46:36 2023...
