20:12:45 INFO  : Registering command handlers for Vitis TCF services
20:12:45 INFO  : Launching XSCT server: xsct.bat -n  -interactive C:\Users\alise\Desktop\VIVADO\PROJECTS\NEXYS_ESP\PS\temp_xsdb_launch_script.tcl
20:12:48 INFO  : XSCT server has started successfully.
20:12:48 INFO  : plnx-install-location is set to ''
20:12:49 INFO  : Platform repository initialization has completed.
20:12:50 INFO  : Successfully done setting XSCT server connection channel  
20:12:50 INFO  : Successfully done query RDI_DATADIR 
20:12:50 INFO  : Successfully done setting workspace for the tool. 
20:13:14 INFO  : Result from executing command 'getProjects': design_1_wrapper
20:13:14 INFO  : Result from executing command 'getPlatforms': 
20:13:14 INFO  : Platform 'design_1_wrapper' is added to custom repositories.
20:13:16 INFO  : Platform 'design_1_wrapper' is added to custom repositories.
20:14:00 INFO  : Result from executing command 'getProjects': design_1_wrapper
20:14:00 INFO  : Result from executing command 'getPlatforms': design_1_wrapper|C:/Users/alise/Desktop/VIVADO/PROJECTS/NEXYS_ESP/PS/design_1_wrapper/export/design_1_wrapper/design_1_wrapper.xpfm
20:14:00 INFO  : Checking for BSP changes to sync application flags for project 'ESP_APP'...
20:15:40 INFO  : Checking for BSP changes to sync application flags for project 'ESP_APP'...
20:15:58 INFO  : Connected to target on host '127.0.0.1' and port '3121'.
20:16:01 INFO  : Connected to target on host '127.0.0.1' and port '3121'.
20:16:01 INFO  : Jtag cable 'Digilent Nexys4DDR 210292A6EFB1A' is selected.
20:16:01 INFO  : 'jtag frequency' command is executed.
20:16:01 INFO  : 'targets -set -filter {jtag_cable_name =~ "Digilent Nexys4DDR 210292A6EFB1A" && level==0 && jtag_device_ctx=="jsn-Nexys4DDR-210292A6EFB1A-13631093-0"}' command is executed.
20:16:04 INFO  : FPGA configured successfully with bitstream "C:/Users/alise/Desktop/VIVADO/PROJECTS/NEXYS_ESP/PS/ESP_APP/_ide/bitstream/design_1_wrapper.bit"
20:16:04 INFO  : Context for processor 'microblaze_0' is selected.
20:16:04 INFO  : Hardware design and registers information is loaded from 'C:/Users/alise/Desktop/VIVADO/PROJECTS/NEXYS_ESP/PS/design_1_wrapper/export/design_1_wrapper/hw/design_1_wrapper.xsa'.
20:16:04 INFO  : 'configparams mdm-detect-bscan-mask 2' command is executed.
20:16:04 INFO  : Context for processor 'microblaze_0' is selected.
20:16:04 INFO  : System reset is completed.
20:16:07 INFO  : 'after 3000' command is executed.
20:16:07 INFO  : Context for processor 'microblaze_0' is selected.
20:16:07 INFO  : The application 'C:/Users/alise/Desktop/VIVADO/PROJECTS/NEXYS_ESP/PS/ESP_APP/Debug/ESP_APP.elf' is downloaded to processor 'microblaze_0'.
20:16:07 INFO  : ----------------XSDB Script----------------
connect -url tcp:127.0.0.1:3121
targets -set -filter {jtag_cable_name =~ "Digilent Nexys4DDR 210292A6EFB1A" && level==0 && jtag_device_ctx=="jsn-Nexys4DDR-210292A6EFB1A-13631093-0"}
fpga -file C:/Users/alise/Desktop/VIVADO/PROJECTS/NEXYS_ESP/PS/ESP_APP/_ide/bitstream/design_1_wrapper.bit
targets -set -nocase -filter {name =~ "*microblaze*#0" && bscan=="USER2" }
loadhw -hw C:/Users/alise/Desktop/VIVADO/PROJECTS/NEXYS_ESP/PS/design_1_wrapper/export/design_1_wrapper/hw/design_1_wrapper.xsa -regs
configparams mdm-detect-bscan-mask 2
targets -set -nocase -filter {name =~ "*microblaze*#0" && bscan=="USER2" }
rst -system
after 3000
targets -set -nocase -filter {name =~ "*microblaze*#0" && bscan=="USER2" }
dow C:/Users/alise/Desktop/VIVADO/PROJECTS/NEXYS_ESP/PS/ESP_APP/Debug/ESP_APP.elf
----------------End of Script----------------

20:16:07 INFO  : Context for processor 'microblaze_0' is selected.
20:16:07 INFO  : 'con' command is executed.
20:16:07 INFO  : ----------------XSDB Script (After Launch)----------------
targets -set -nocase -filter {name =~ "*microblaze*#0" && bscan=="USER2" }
con
----------------End of Script----------------

20:16:07 INFO  : Launch script is exported to file 'C:\Users\alise\Desktop\VIVADO\PROJECTS\NEXYS_ESP\PS\.sdk\launch_scripts\single_application_debug\debugger_esp_app-default.tcl'
20:18:16 INFO  : Checking for BSP changes to sync application flags for project 'ESP_APP'...
20:18:26 INFO  : Disconnected from the channel tcfchan#2.
20:18:27 INFO  : Connected to target on host '127.0.0.1' and port '3121'.
20:18:27 INFO  : Jtag cable 'Digilent Nexys4DDR 210292A6EFB1A' is selected.
20:18:27 INFO  : 'jtag frequency' command is executed.
20:18:27 INFO  : 'targets -set -filter {jtag_cable_name =~ "Digilent Nexys4DDR 210292A6EFB1A" && level==0 && jtag_device_ctx=="jsn-Nexys4DDR-210292A6EFB1A-13631093-0"}' command is executed.
20:18:30 INFO  : FPGA configured successfully with bitstream "C:/Users/alise/Desktop/VIVADO/PROJECTS/NEXYS_ESP/PS/ESP_APP/_ide/bitstream/design_1_wrapper.bit"
20:18:30 INFO  : Context for processor 'microblaze_0' is selected.
20:18:30 INFO  : Hardware design and registers information is loaded from 'C:/Users/alise/Desktop/VIVADO/PROJECTS/NEXYS_ESP/PS/design_1_wrapper/export/design_1_wrapper/hw/design_1_wrapper.xsa'.
20:18:30 INFO  : 'configparams mdm-detect-bscan-mask 2' command is executed.
20:18:30 INFO  : Context for processor 'microblaze_0' is selected.
20:18:30 INFO  : System reset is completed.
20:18:33 INFO  : 'after 3000' command is executed.
20:18:33 INFO  : Context for processor 'microblaze_0' is selected.
20:18:33 INFO  : The application 'C:/Users/alise/Desktop/VIVADO/PROJECTS/NEXYS_ESP/PS/ESP_APP/Debug/ESP_APP.elf' is downloaded to processor 'microblaze_0'.
20:18:33 INFO  : ----------------XSDB Script----------------
connect -url tcp:127.0.0.1:3121
targets -set -filter {jtag_cable_name =~ "Digilent Nexys4DDR 210292A6EFB1A" && level==0 && jtag_device_ctx=="jsn-Nexys4DDR-210292A6EFB1A-13631093-0"}
fpga -file C:/Users/alise/Desktop/VIVADO/PROJECTS/NEXYS_ESP/PS/ESP_APP/_ide/bitstream/design_1_wrapper.bit
targets -set -nocase -filter {name =~ "*microblaze*#0" && bscan=="USER2" }
loadhw -hw C:/Users/alise/Desktop/VIVADO/PROJECTS/NEXYS_ESP/PS/design_1_wrapper/export/design_1_wrapper/hw/design_1_wrapper.xsa -regs
configparams mdm-detect-bscan-mask 2
targets -set -nocase -filter {name =~ "*microblaze*#0" && bscan=="USER2" }
rst -system
after 3000
targets -set -nocase -filter {name =~ "*microblaze*#0" && bscan=="USER2" }
dow C:/Users/alise/Desktop/VIVADO/PROJECTS/NEXYS_ESP/PS/ESP_APP/Debug/ESP_APP.elf
----------------End of Script----------------

20:18:33 INFO  : Context for processor 'microblaze_0' is selected.
20:18:33 INFO  : 'con' command is executed.
20:18:33 INFO  : ----------------XSDB Script (After Launch)----------------
targets -set -nocase -filter {name =~ "*microblaze*#0" && bscan=="USER2" }
con
----------------End of Script----------------

20:18:33 INFO  : Launch script is exported to file 'C:\Users\alise\Desktop\VIVADO\PROJECTS\NEXYS_ESP\PS\.sdk\launch_scripts\single_application_debug\debugger_esp_app-default.tcl'
20:19:15 INFO  : Checking for BSP changes to sync application flags for project 'ESP_APP'...
20:19:18 INFO  : Disconnected from the channel tcfchan#3.
20:19:20 INFO  : Connected to target on host '127.0.0.1' and port '3121'.
20:19:20 INFO  : Jtag cable 'Digilent Nexys4DDR 210292A6EFB1A' is selected.
20:19:20 INFO  : 'jtag frequency' command is executed.
20:19:20 INFO  : 'targets -set -filter {jtag_cable_name =~ "Digilent Nexys4DDR 210292A6EFB1A" && level==0 && jtag_device_ctx=="jsn-Nexys4DDR-210292A6EFB1A-13631093-0"}' command is executed.
20:19:23 INFO  : FPGA configured successfully with bitstream "C:/Users/alise/Desktop/VIVADO/PROJECTS/NEXYS_ESP/PS/ESP_APP/_ide/bitstream/design_1_wrapper.bit"
20:19:23 INFO  : Context for processor 'microblaze_0' is selected.
20:19:23 INFO  : Hardware design and registers information is loaded from 'C:/Users/alise/Desktop/VIVADO/PROJECTS/NEXYS_ESP/PS/design_1_wrapper/export/design_1_wrapper/hw/design_1_wrapper.xsa'.
20:19:23 INFO  : 'configparams mdm-detect-bscan-mask 2' command is executed.
20:19:23 INFO  : Context for processor 'microblaze_0' is selected.
20:19:23 INFO  : System reset is completed.
20:19:26 INFO  : 'after 3000' command is executed.
20:19:26 INFO  : Context for processor 'microblaze_0' is selected.
20:19:26 INFO  : The application 'C:/Users/alise/Desktop/VIVADO/PROJECTS/NEXYS_ESP/PS/ESP_APP/Debug/ESP_APP.elf' is downloaded to processor 'microblaze_0'.
20:19:26 INFO  : ----------------XSDB Script----------------
connect -url tcp:127.0.0.1:3121
targets -set -filter {jtag_cable_name =~ "Digilent Nexys4DDR 210292A6EFB1A" && level==0 && jtag_device_ctx=="jsn-Nexys4DDR-210292A6EFB1A-13631093-0"}
fpga -file C:/Users/alise/Desktop/VIVADO/PROJECTS/NEXYS_ESP/PS/ESP_APP/_ide/bitstream/design_1_wrapper.bit
targets -set -nocase -filter {name =~ "*microblaze*#0" && bscan=="USER2" }
loadhw -hw C:/Users/alise/Desktop/VIVADO/PROJECTS/NEXYS_ESP/PS/design_1_wrapper/export/design_1_wrapper/hw/design_1_wrapper.xsa -regs
configparams mdm-detect-bscan-mask 2
targets -set -nocase -filter {name =~ "*microblaze*#0" && bscan=="USER2" }
rst -system
after 3000
targets -set -nocase -filter {name =~ "*microblaze*#0" && bscan=="USER2" }
dow C:/Users/alise/Desktop/VIVADO/PROJECTS/NEXYS_ESP/PS/ESP_APP/Debug/ESP_APP.elf
----------------End of Script----------------

20:19:26 INFO  : Context for processor 'microblaze_0' is selected.
20:19:26 INFO  : 'con' command is executed.
20:19:26 INFO  : ----------------XSDB Script (After Launch)----------------
targets -set -nocase -filter {name =~ "*microblaze*#0" && bscan=="USER2" }
con
----------------End of Script----------------

20:19:26 INFO  : Launch script is exported to file 'C:\Users\alise\Desktop\VIVADO\PROJECTS\NEXYS_ESP\PS\.sdk\launch_scripts\single_application_debug\debugger_esp_app-default.tcl'
20:19:58 INFO  : Disconnected from the channel tcfchan#4.
20:20:02 INFO  : Successfully done sdx_reload_mss "C:/Users/alise/Desktop/VIVADO/PROJECTS/NEXYS_ESP/PS/design_1_wrapper/microblaze_0/domain_microblaze_0/bsp/system.mss"
20:20:05 INFO  : Successfully done sdx_reload_mss "C:/Users/alise/Desktop/VIVADO/PROJECTS/NEXYS_ESP/PS/design_1_wrapper/microblaze_0/domain_microblaze_0/bsp/system.mss"
20:20:05 INFO  : No changes in MSS file content so sources will not be generated.
20:20:29 INFO  : (SwPlaform) Successfully done setParamInSpec 
20:20:33 INFO  : (SwPlaform) Successfully done setParamInSpec 
20:20:33 INFO  : (SwPlatform) Successfully done update_mss 
20:20:33 INFO  : Successfully done sdx_reload_mss "C:/Users/alise/Desktop/VIVADO/PROJECTS/NEXYS_ESP/PS/design_1_wrapper/microblaze_0/domain_microblaze_0/bsp/system.mss"
20:20:43 INFO  : Result from executing command 'getProjects': design_1_wrapper
20:20:43 INFO  : Result from executing command 'getPlatforms': design_1_wrapper|C:/Users/alise/Desktop/VIVADO/PROJECTS/NEXYS_ESP/PS/design_1_wrapper/export/design_1_wrapper/design_1_wrapper.xpfm
20:20:43 INFO  : Checking for BSP changes to sync application flags for project 'ESP_APP'...
20:20:43 INFO  : Updating application flags with new BSP settings...
20:20:43 INFO  : Successfully updated application flags for project ESP_APP.
20:20:47 INFO  : Connected to target on host '127.0.0.1' and port '3121'.
20:20:47 INFO  : Jtag cable 'Digilent Nexys4DDR 210292A6EFB1A' is selected.
20:20:47 INFO  : 'jtag frequency' command is executed.
20:20:47 INFO  : 'targets -set -filter {jtag_cable_name =~ "Digilent Nexys4DDR 210292A6EFB1A" && level==0 && jtag_device_ctx=="jsn-Nexys4DDR-210292A6EFB1A-13631093-0"}' command is executed.
20:20:50 INFO  : FPGA configured successfully with bitstream "C:/Users/alise/Desktop/VIVADO/PROJECTS/NEXYS_ESP/PS/ESP_APP/_ide/bitstream/design_1_wrapper.bit"
20:20:50 INFO  : Context for processor 'microblaze_0' is selected.
20:20:50 INFO  : Hardware design and registers information is loaded from 'C:/Users/alise/Desktop/VIVADO/PROJECTS/NEXYS_ESP/PS/design_1_wrapper/export/design_1_wrapper/hw/design_1_wrapper.xsa'.
20:20:50 INFO  : 'configparams mdm-detect-bscan-mask 2' command is executed.
20:20:50 INFO  : Context for processor 'microblaze_0' is selected.
20:20:50 INFO  : System reset is completed.
20:20:53 INFO  : 'after 3000' command is executed.
20:20:53 INFO  : Context for processor 'microblaze_0' is selected.
20:20:53 INFO  : The application 'C:/Users/alise/Desktop/VIVADO/PROJECTS/NEXYS_ESP/PS/ESP_APP/Debug/ESP_APP.elf' is downloaded to processor 'microblaze_0'.
20:20:53 INFO  : ----------------XSDB Script----------------
connect -url tcp:127.0.0.1:3121
targets -set -filter {jtag_cable_name =~ "Digilent Nexys4DDR 210292A6EFB1A" && level==0 && jtag_device_ctx=="jsn-Nexys4DDR-210292A6EFB1A-13631093-0"}
fpga -file C:/Users/alise/Desktop/VIVADO/PROJECTS/NEXYS_ESP/PS/ESP_APP/_ide/bitstream/design_1_wrapper.bit
targets -set -nocase -filter {name =~ "*microblaze*#0" && bscan=="USER2" }
loadhw -hw C:/Users/alise/Desktop/VIVADO/PROJECTS/NEXYS_ESP/PS/design_1_wrapper/export/design_1_wrapper/hw/design_1_wrapper.xsa -regs
configparams mdm-detect-bscan-mask 2
targets -set -nocase -filter {name =~ "*microblaze*#0" && bscan=="USER2" }
rst -system
after 3000
targets -set -nocase -filter {name =~ "*microblaze*#0" && bscan=="USER2" }
dow C:/Users/alise/Desktop/VIVADO/PROJECTS/NEXYS_ESP/PS/ESP_APP/Debug/ESP_APP.elf
----------------End of Script----------------

20:20:53 INFO  : Context for processor 'microblaze_0' is selected.
20:20:53 INFO  : 'con' command is executed.
20:20:53 INFO  : ----------------XSDB Script (After Launch)----------------
targets -set -nocase -filter {name =~ "*microblaze*#0" && bscan=="USER2" }
con
----------------End of Script----------------

20:20:53 INFO  : Launch script is exported to file 'C:\Users\alise\Desktop\VIVADO\PROJECTS\NEXYS_ESP\PS\.sdk\launch_scripts\single_application_debug\debugger_esp_app-default.tcl'
20:22:25 INFO  : Checking for BSP changes to sync application flags for project 'ESP_APP'...
20:22:26 INFO  : Disconnected from the channel tcfchan#6.
20:22:28 INFO  : Connected to target on host '127.0.0.1' and port '3121'.
20:22:28 INFO  : Jtag cable 'Digilent Nexys4DDR 210292A6EFB1A' is selected.
20:22:28 INFO  : 'jtag frequency' command is executed.
20:22:28 INFO  : 'targets -set -filter {jtag_cable_name =~ "Digilent Nexys4DDR 210292A6EFB1A" && level==0 && jtag_device_ctx=="jsn-Nexys4DDR-210292A6EFB1A-13631093-0"}' command is executed.
20:22:30 INFO  : FPGA configured successfully with bitstream "C:/Users/alise/Desktop/VIVADO/PROJECTS/NEXYS_ESP/PS/ESP_APP/_ide/bitstream/design_1_wrapper.bit"
20:22:30 INFO  : Context for processor 'microblaze_0' is selected.
20:22:30 INFO  : Hardware design and registers information is loaded from 'C:/Users/alise/Desktop/VIVADO/PROJECTS/NEXYS_ESP/PS/design_1_wrapper/export/design_1_wrapper/hw/design_1_wrapper.xsa'.
20:22:30 INFO  : 'configparams mdm-detect-bscan-mask 2' command is executed.
20:22:30 INFO  : Context for processor 'microblaze_0' is selected.
20:22:30 INFO  : System reset is completed.
20:22:33 INFO  : 'after 3000' command is executed.
20:22:33 INFO  : Context for processor 'microblaze_0' is selected.
20:22:33 INFO  : The application 'C:/Users/alise/Desktop/VIVADO/PROJECTS/NEXYS_ESP/PS/ESP_APP/Debug/ESP_APP.elf' is downloaded to processor 'microblaze_0'.
20:22:33 INFO  : ----------------XSDB Script----------------
connect -url tcp:127.0.0.1:3121
targets -set -filter {jtag_cable_name =~ "Digilent Nexys4DDR 210292A6EFB1A" && level==0 && jtag_device_ctx=="jsn-Nexys4DDR-210292A6EFB1A-13631093-0"}
fpga -file C:/Users/alise/Desktop/VIVADO/PROJECTS/NEXYS_ESP/PS/ESP_APP/_ide/bitstream/design_1_wrapper.bit
targets -set -nocase -filter {name =~ "*microblaze*#0" && bscan=="USER2" }
loadhw -hw C:/Users/alise/Desktop/VIVADO/PROJECTS/NEXYS_ESP/PS/design_1_wrapper/export/design_1_wrapper/hw/design_1_wrapper.xsa -regs
configparams mdm-detect-bscan-mask 2
targets -set -nocase -filter {name =~ "*microblaze*#0" && bscan=="USER2" }
rst -system
after 3000
targets -set -nocase -filter {name =~ "*microblaze*#0" && bscan=="USER2" }
dow C:/Users/alise/Desktop/VIVADO/PROJECTS/NEXYS_ESP/PS/ESP_APP/Debug/ESP_APP.elf
----------------End of Script----------------

20:22:33 INFO  : Context for processor 'microblaze_0' is selected.
20:22:34 INFO  : 'con' command is executed.
20:22:34 INFO  : ----------------XSDB Script (After Launch)----------------
targets -set -nocase -filter {name =~ "*microblaze*#0" && bscan=="USER2" }
con
----------------End of Script----------------

20:22:34 INFO  : Launch script is exported to file 'C:\Users\alise\Desktop\VIVADO\PROJECTS\NEXYS_ESP\PS\.sdk\launch_scripts\single_application_debug\debugger_esp_app-default.tcl'
20:25:55 INFO  : Checking for BSP changes to sync application flags for project 'ESP_APP'...
20:25:57 INFO  : Disconnected from the channel tcfchan#7.
20:25:58 INFO  : Connected to target on host '127.0.0.1' and port '3121'.
20:25:58 INFO  : Jtag cable 'Digilent Nexys4DDR 210292A6EFB1A' is selected.
20:25:58 INFO  : 'jtag frequency' command is executed.
20:25:58 INFO  : 'targets -set -filter {jtag_cable_name =~ "Digilent Nexys4DDR 210292A6EFB1A" && level==0 && jtag_device_ctx=="jsn-Nexys4DDR-210292A6EFB1A-13631093-0"}' command is executed.
20:26:00 INFO  : FPGA configured successfully with bitstream "C:/Users/alise/Desktop/VIVADO/PROJECTS/NEXYS_ESP/PS/ESP_APP/_ide/bitstream/design_1_wrapper.bit"
20:26:00 INFO  : Context for processor 'microblaze_0' is selected.
20:26:00 INFO  : Hardware design and registers information is loaded from 'C:/Users/alise/Desktop/VIVADO/PROJECTS/NEXYS_ESP/PS/design_1_wrapper/export/design_1_wrapper/hw/design_1_wrapper.xsa'.
20:26:00 INFO  : 'configparams mdm-detect-bscan-mask 2' command is executed.
20:26:00 INFO  : Context for processor 'microblaze_0' is selected.
20:26:00 INFO  : System reset is completed.
20:26:03 INFO  : 'after 3000' command is executed.
20:26:03 INFO  : Context for processor 'microblaze_0' is selected.
20:26:03 INFO  : The application 'C:/Users/alise/Desktop/VIVADO/PROJECTS/NEXYS_ESP/PS/ESP_APP/Debug/ESP_APP.elf' is downloaded to processor 'microblaze_0'.
20:26:03 INFO  : ----------------XSDB Script----------------
connect -url tcp:127.0.0.1:3121
targets -set -filter {jtag_cable_name =~ "Digilent Nexys4DDR 210292A6EFB1A" && level==0 && jtag_device_ctx=="jsn-Nexys4DDR-210292A6EFB1A-13631093-0"}
fpga -file C:/Users/alise/Desktop/VIVADO/PROJECTS/NEXYS_ESP/PS/ESP_APP/_ide/bitstream/design_1_wrapper.bit
targets -set -nocase -filter {name =~ "*microblaze*#0" && bscan=="USER2" }
loadhw -hw C:/Users/alise/Desktop/VIVADO/PROJECTS/NEXYS_ESP/PS/design_1_wrapper/export/design_1_wrapper/hw/design_1_wrapper.xsa -regs
configparams mdm-detect-bscan-mask 2
targets -set -nocase -filter {name =~ "*microblaze*#0" && bscan=="USER2" }
rst -system
after 3000
targets -set -nocase -filter {name =~ "*microblaze*#0" && bscan=="USER2" }
dow C:/Users/alise/Desktop/VIVADO/PROJECTS/NEXYS_ESP/PS/ESP_APP/Debug/ESP_APP.elf
----------------End of Script----------------

20:26:03 INFO  : Context for processor 'microblaze_0' is selected.
20:26:04 INFO  : 'con' command is executed.
20:26:04 INFO  : ----------------XSDB Script (After Launch)----------------
targets -set -nocase -filter {name =~ "*microblaze*#0" && bscan=="USER2" }
con
----------------End of Script----------------

20:26:04 INFO  : Launch script is exported to file 'C:\Users\alise\Desktop\VIVADO\PROJECTS\NEXYS_ESP\PS\.sdk\launch_scripts\single_application_debug\debugger_esp_app-default.tcl'
20:26:25 INFO  : Disconnected from the channel tcfchan#8.
20:26:45 INFO  : Checking for BSP changes to sync application flags for project 'ESP_APP'...
20:26:49 INFO  : Connected to target on host '127.0.0.1' and port '3121'.
20:26:49 INFO  : Jtag cable 'Digilent Nexys4DDR 210292A6EFB1A' is selected.
20:26:49 INFO  : 'jtag frequency' command is executed.
20:26:49 INFO  : 'targets -set -filter {jtag_cable_name =~ "Digilent Nexys4DDR 210292A6EFB1A" && level==0 && jtag_device_ctx=="jsn-Nexys4DDR-210292A6EFB1A-13631093-0"}' command is executed.
20:26:51 ERROR : 'fpga -file C:/Users/alise/Desktop/VIVADO/PROJECTS/NEXYS_ESP/PS/ESP_APP/_ide/bitstream/design_1_wrapper.bit' is cancelled.
20:26:51 ERROR : Exception occured while running Program FPGA.
java.lang.RuntimeException: 'fpga -file C:/Users/alise/Desktop/VIVADO/PROJECTS/NEXYS_ESP/PS/ESP_APP/_ide/bitstream/design_1_wrapper.bit' is cancelled.
20:26:51 INFO  : ----------------XSDB Script----------------
connect -url tcp:127.0.0.1:3121
----------------End of Script----------------

20:26:51 ERROR : 'fpga -file C:/Users/alise/Desktop/VIVADO/PROJECTS/NEXYS_ESP/PS/ESP_APP/_ide/bitstream/design_1_wrapper.bit' is cancelled.
20:27:43 INFO  : Checking for BSP changes to sync application flags for project 'ESP_APP'...
20:35:03 INFO  : Checking for BSP changes to sync application flags for project 'ESP_APP'...
20:35:06 INFO  : Connected to target on host '127.0.0.1' and port '3121'.
20:35:06 INFO  : Jtag cable 'Digilent Nexys4DDR 210292A6EFB1A' is selected.
20:35:06 INFO  : 'jtag frequency' command is executed.
20:35:06 INFO  : 'targets -set -filter {jtag_cable_name =~ "Digilent Nexys4DDR 210292A6EFB1A" && level==0 && jtag_device_ctx=="jsn-Nexys4DDR-210292A6EFB1A-13631093-0"}' command is executed.
20:35:08 INFO  : FPGA configured successfully with bitstream "C:/Users/alise/Desktop/VIVADO/PROJECTS/NEXYS_ESP/PS/ESP_APP/_ide/bitstream/design_1_wrapper.bit"
20:35:09 INFO  : Context for processor 'microblaze_0' is selected.
20:35:09 INFO  : Hardware design and registers information is loaded from 'C:/Users/alise/Desktop/VIVADO/PROJECTS/NEXYS_ESP/PS/design_1_wrapper/export/design_1_wrapper/hw/design_1_wrapper.xsa'.
20:35:09 INFO  : 'configparams mdm-detect-bscan-mask 2' command is executed.
20:35:09 INFO  : Context for processor 'microblaze_0' is selected.
20:35:09 INFO  : System reset is completed.
20:35:12 INFO  : 'after 3000' command is executed.
20:35:12 INFO  : Context for processor 'microblaze_0' is selected.
20:35:12 INFO  : The application 'C:/Users/alise/Desktop/VIVADO/PROJECTS/NEXYS_ESP/PS/ESP_APP/Debug/ESP_APP.elf' is downloaded to processor 'microblaze_0'.
20:35:12 INFO  : ----------------XSDB Script----------------
connect -url tcp:127.0.0.1:3121
targets -set -filter {jtag_cable_name =~ "Digilent Nexys4DDR 210292A6EFB1A" && level==0 && jtag_device_ctx=="jsn-Nexys4DDR-210292A6EFB1A-13631093-0"}
fpga -file C:/Users/alise/Desktop/VIVADO/PROJECTS/NEXYS_ESP/PS/ESP_APP/_ide/bitstream/design_1_wrapper.bit
targets -set -nocase -filter {name =~ "*microblaze*#0" && bscan=="USER2" }
loadhw -hw C:/Users/alise/Desktop/VIVADO/PROJECTS/NEXYS_ESP/PS/design_1_wrapper/export/design_1_wrapper/hw/design_1_wrapper.xsa -regs
configparams mdm-detect-bscan-mask 2
targets -set -nocase -filter {name =~ "*microblaze*#0" && bscan=="USER2" }
rst -system
after 3000
targets -set -nocase -filter {name =~ "*microblaze*#0" && bscan=="USER2" }
dow C:/Users/alise/Desktop/VIVADO/PROJECTS/NEXYS_ESP/PS/ESP_APP/Debug/ESP_APP.elf
----------------End of Script----------------

20:35:12 INFO  : Context for processor 'microblaze_0' is selected.
20:35:12 INFO  : 'con' command is executed.
20:35:12 INFO  : ----------------XSDB Script (After Launch)----------------
targets -set -nocase -filter {name =~ "*microblaze*#0" && bscan=="USER2" }
con
----------------End of Script----------------

20:35:12 INFO  : Launch script is exported to file 'C:\Users\alise\Desktop\VIVADO\PROJECTS\NEXYS_ESP\PS\.sdk\launch_scripts\single_application_debug\debugger_esp_app-default.tcl'
20:35:39 INFO  : Checking for BSP changes to sync application flags for project 'ESP_APP'...
20:35:41 INFO  : Disconnected from the channel tcfchan#9.
20:35:43 INFO  : Connected to target on host '127.0.0.1' and port '3121'.
20:35:43 INFO  : Jtag cable 'Digilent Nexys4DDR 210292A6EFB1A' is selected.
20:35:43 INFO  : 'jtag frequency' command is executed.
20:35:43 INFO  : 'targets -set -filter {jtag_cable_name =~ "Digilent Nexys4DDR 210292A6EFB1A" && level==0 && jtag_device_ctx=="jsn-Nexys4DDR-210292A6EFB1A-13631093-0"}' command is executed.
20:35:46 INFO  : FPGA configured successfully with bitstream "C:/Users/alise/Desktop/VIVADO/PROJECTS/NEXYS_ESP/PS/ESP_APP/_ide/bitstream/design_1_wrapper.bit"
20:35:46 INFO  : Context for processor 'microblaze_0' is selected.
20:35:46 INFO  : Hardware design and registers information is loaded from 'C:/Users/alise/Desktop/VIVADO/PROJECTS/NEXYS_ESP/PS/design_1_wrapper/export/design_1_wrapper/hw/design_1_wrapper.xsa'.
20:35:46 INFO  : 'configparams mdm-detect-bscan-mask 2' command is executed.
20:35:46 INFO  : Context for processor 'microblaze_0' is selected.
20:35:46 INFO  : System reset is completed.
20:35:49 INFO  : 'after 3000' command is executed.
20:35:49 INFO  : Context for processor 'microblaze_0' is selected.
20:35:49 INFO  : The application 'C:/Users/alise/Desktop/VIVADO/PROJECTS/NEXYS_ESP/PS/ESP_APP/Debug/ESP_APP.elf' is downloaded to processor 'microblaze_0'.
20:35:49 INFO  : ----------------XSDB Script----------------
connect -url tcp:127.0.0.1:3121
targets -set -filter {jtag_cable_name =~ "Digilent Nexys4DDR 210292A6EFB1A" && level==0 && jtag_device_ctx=="jsn-Nexys4DDR-210292A6EFB1A-13631093-0"}
fpga -file C:/Users/alise/Desktop/VIVADO/PROJECTS/NEXYS_ESP/PS/ESP_APP/_ide/bitstream/design_1_wrapper.bit
targets -set -nocase -filter {name =~ "*microblaze*#0" && bscan=="USER2" }
loadhw -hw C:/Users/alise/Desktop/VIVADO/PROJECTS/NEXYS_ESP/PS/design_1_wrapper/export/design_1_wrapper/hw/design_1_wrapper.xsa -regs
configparams mdm-detect-bscan-mask 2
targets -set -nocase -filter {name =~ "*microblaze*#0" && bscan=="USER2" }
rst -system
after 3000
targets -set -nocase -filter {name =~ "*microblaze*#0" && bscan=="USER2" }
dow C:/Users/alise/Desktop/VIVADO/PROJECTS/NEXYS_ESP/PS/ESP_APP/Debug/ESP_APP.elf
----------------End of Script----------------

20:35:49 INFO  : Context for processor 'microblaze_0' is selected.
20:35:49 INFO  : 'con' command is executed.
20:35:49 INFO  : ----------------XSDB Script (After Launch)----------------
targets -set -nocase -filter {name =~ "*microblaze*#0" && bscan=="USER2" }
con
----------------End of Script----------------

20:35:49 INFO  : Launch script is exported to file 'C:\Users\alise\Desktop\VIVADO\PROJECTS\NEXYS_ESP\PS\.sdk\launch_scripts\single_application_debug\debugger_esp_app-default.tcl'
20:36:31 INFO  : Hardware specification for platform project 'design_1_wrapper' is updated.
20:36:35 INFO  : Result from executing command 'getProjects': design_1_wrapper
20:36:35 INFO  : Result from executing command 'getPlatforms': design_1_wrapper|C:/Users/alise/Desktop/VIVADO/PROJECTS/NEXYS_ESP/PS/design_1_wrapper/export/design_1_wrapper/design_1_wrapper.xpfm
20:36:36 INFO  : Checking for BSP changes to sync application flags for project 'ESP_APP'...
20:36:36 INFO  : The hardware specfication used by project 'ESP_APP' is out of sync with the platform. Resource files extracted from the hardware specfiication will be updated.
20:36:36 INFO  : The file 'C:\Users\alise\Desktop\VIVADO\PROJECTS\NEXYS_ESP\PS\ESP_APP\_ide\bitstream\design_1_wrapper.bit' stored in project is removed.
20:36:36 INFO  : The file 'C:\Users\alise\Desktop\VIVADO\PROJECTS\NEXYS_ESP\PS\ESP_APP\_ide\bitstream\design_1_wrapper.mmi' stored in project is removed.
20:36:36 INFO  : The updated bitstream files are copied from platform to folder 'C:\Users\alise\Desktop\VIVADO\PROJECTS\NEXYS_ESP\PS\ESP_APP\_ide\bitstream' in project 'ESP_APP'.
20:36:39 INFO  : Disconnected from the channel tcfchan#10.
20:36:42 INFO  : Checking for BSP changes to sync application flags for project 'ESP_APP'...
20:36:46 INFO  : Connected to target on host '127.0.0.1' and port '3121'.
20:36:46 INFO  : Jtag cable 'Digilent Nexys4DDR 210292A6EFB1A' is selected.
20:36:46 INFO  : 'jtag frequency' command is executed.
20:36:46 INFO  : 'targets -set -filter {jtag_cable_name =~ "Digilent Nexys4DDR 210292A6EFB1A" && level==0 && jtag_device_ctx=="jsn-Nexys4DDR-210292A6EFB1A-13631093-0"}' command is executed.
20:36:48 ERROR : 'fpga -file C:/Users/alise/Desktop/VIVADO/PROJECTS/NEXYS_ESP/PS/ESP_APP/_ide/bitstream/design_1_wrapper.bit' is cancelled.
20:36:48 ERROR : Exception occured while running Program FPGA.
java.lang.RuntimeException: 'fpga -file C:/Users/alise/Desktop/VIVADO/PROJECTS/NEXYS_ESP/PS/ESP_APP/_ide/bitstream/design_1_wrapper.bit' is cancelled.
20:36:48 INFO  : ----------------XSDB Script----------------
connect -url tcp:127.0.0.1:3121
----------------End of Script----------------

20:36:48 ERROR : 'fpga -file C:/Users/alise/Desktop/VIVADO/PROJECTS/NEXYS_ESP/PS/ESP_APP/_ide/bitstream/design_1_wrapper.bit' is cancelled.
20:37:22 INFO  : Checking for BSP changes to sync application flags for project 'ESP_APP'...
20:37:33 INFO  : Checking for BSP changes to sync application flags for project 'ESP_APP'...
20:37:47 INFO  : Checking for BSP changes to sync application flags for project 'ESP_APP'...
20:37:52 INFO  : Connected to target on host '127.0.0.1' and port '3121'.
20:37:52 INFO  : Jtag cable 'Digilent Nexys4DDR 210292A6EFB1A' is selected.
20:37:52 INFO  : 'jtag frequency' command is executed.
20:37:52 INFO  : 'targets -set -filter {jtag_cable_name =~ "Digilent Nexys4DDR 210292A6EFB1A" && level==0 && jtag_device_ctx=="jsn-Nexys4DDR-210292A6EFB1A-13631093-0"}' command is executed.
20:37:54 INFO  : FPGA configured successfully with bitstream "C:/Users/alise/Desktop/VIVADO/PROJECTS/NEXYS_ESP/PS/ESP_APP/_ide/bitstream/design_1_wrapper.bit"
20:37:54 INFO  : Context for processor 'microblaze_0' is selected.
20:37:54 INFO  : Hardware design and registers information is loaded from 'C:/Users/alise/Desktop/VIVADO/PROJECTS/NEXYS_ESP/PS/design_1_wrapper/export/design_1_wrapper/hw/design_1_wrapper.xsa'.
20:37:54 INFO  : 'configparams mdm-detect-bscan-mask 2' command is executed.
20:37:54 INFO  : Context for processor 'microblaze_0' is selected.
20:37:54 INFO  : System reset is completed.
20:37:57 INFO  : 'after 3000' command is executed.
20:37:57 INFO  : Context for processor 'microblaze_0' is selected.
20:37:57 INFO  : The application 'C:/Users/alise/Desktop/VIVADO/PROJECTS/NEXYS_ESP/PS/ESP_APP/Debug/ESP_APP.elf' is downloaded to processor 'microblaze_0'.
20:37:57 INFO  : ----------------XSDB Script----------------
connect -url tcp:127.0.0.1:3121
targets -set -filter {jtag_cable_name =~ "Digilent Nexys4DDR 210292A6EFB1A" && level==0 && jtag_device_ctx=="jsn-Nexys4DDR-210292A6EFB1A-13631093-0"}
fpga -file C:/Users/alise/Desktop/VIVADO/PROJECTS/NEXYS_ESP/PS/ESP_APP/_ide/bitstream/design_1_wrapper.bit
targets -set -nocase -filter {name =~ "*microblaze*#0" && bscan=="USER2" }
loadhw -hw C:/Users/alise/Desktop/VIVADO/PROJECTS/NEXYS_ESP/PS/design_1_wrapper/export/design_1_wrapper/hw/design_1_wrapper.xsa -regs
configparams mdm-detect-bscan-mask 2
targets -set -nocase -filter {name =~ "*microblaze*#0" && bscan=="USER2" }
rst -system
after 3000
targets -set -nocase -filter {name =~ "*microblaze*#0" && bscan=="USER2" }
dow C:/Users/alise/Desktop/VIVADO/PROJECTS/NEXYS_ESP/PS/ESP_APP/Debug/ESP_APP.elf
----------------End of Script----------------

20:37:57 INFO  : Context for processor 'microblaze_0' is selected.
20:37:58 INFO  : 'con' command is executed.
20:37:58 INFO  : ----------------XSDB Script (After Launch)----------------
targets -set -nocase -filter {name =~ "*microblaze*#0" && bscan=="USER2" }
con
----------------End of Script----------------

20:37:58 INFO  : Launch script is exported to file 'C:\Users\alise\Desktop\VIVADO\PROJECTS\NEXYS_ESP\PS\.sdk\launch_scripts\single_application_debug\debugger_esp_app-default.tcl'
20:38:43 INFO  : Checking for BSP changes to sync application flags for project 'ESP_APP'...
20:38:46 INFO  : Disconnected from the channel tcfchan#12.
20:38:47 INFO  : Connected to target on host '127.0.0.1' and port '3121'.
20:38:47 INFO  : Jtag cable 'Digilent Nexys4DDR 210292A6EFB1A' is selected.
20:38:47 INFO  : 'jtag frequency' command is executed.
20:38:47 INFO  : 'targets -set -filter {jtag_cable_name =~ "Digilent Nexys4DDR 210292A6EFB1A" && level==0 && jtag_device_ctx=="jsn-Nexys4DDR-210292A6EFB1A-13631093-0"}' command is executed.
20:38:49 INFO  : FPGA configured successfully with bitstream "C:/Users/alise/Desktop/VIVADO/PROJECTS/NEXYS_ESP/PS/ESP_APP/_ide/bitstream/design_1_wrapper.bit"
20:38:49 INFO  : Context for processor 'microblaze_0' is selected.
20:38:49 INFO  : Hardware design and registers information is loaded from 'C:/Users/alise/Desktop/VIVADO/PROJECTS/NEXYS_ESP/PS/design_1_wrapper/export/design_1_wrapper/hw/design_1_wrapper.xsa'.
20:38:49 INFO  : 'configparams mdm-detect-bscan-mask 2' command is executed.
20:38:49 INFO  : Context for processor 'microblaze_0' is selected.
20:38:49 INFO  : System reset is completed.
20:38:52 INFO  : 'after 3000' command is executed.
20:38:52 INFO  : Context for processor 'microblaze_0' is selected.
20:38:52 INFO  : The application 'C:/Users/alise/Desktop/VIVADO/PROJECTS/NEXYS_ESP/PS/ESP_APP/Debug/ESP_APP.elf' is downloaded to processor 'microblaze_0'.
20:38:52 INFO  : ----------------XSDB Script----------------
connect -url tcp:127.0.0.1:3121
targets -set -filter {jtag_cable_name =~ "Digilent Nexys4DDR 210292A6EFB1A" && level==0 && jtag_device_ctx=="jsn-Nexys4DDR-210292A6EFB1A-13631093-0"}
fpga -file C:/Users/alise/Desktop/VIVADO/PROJECTS/NEXYS_ESP/PS/ESP_APP/_ide/bitstream/design_1_wrapper.bit
targets -set -nocase -filter {name =~ "*microblaze*#0" && bscan=="USER2" }
loadhw -hw C:/Users/alise/Desktop/VIVADO/PROJECTS/NEXYS_ESP/PS/design_1_wrapper/export/design_1_wrapper/hw/design_1_wrapper.xsa -regs
configparams mdm-detect-bscan-mask 2
targets -set -nocase -filter {name =~ "*microblaze*#0" && bscan=="USER2" }
rst -system
after 3000
targets -set -nocase -filter {name =~ "*microblaze*#0" && bscan=="USER2" }
dow C:/Users/alise/Desktop/VIVADO/PROJECTS/NEXYS_ESP/PS/ESP_APP/Debug/ESP_APP.elf
----------------End of Script----------------

20:38:52 INFO  : Context for processor 'microblaze_0' is selected.
20:38:53 INFO  : 'con' command is executed.
20:38:53 INFO  : ----------------XSDB Script (After Launch)----------------
targets -set -nocase -filter {name =~ "*microblaze*#0" && bscan=="USER2" }
con
----------------End of Script----------------

20:38:53 INFO  : Launch script is exported to file 'C:\Users\alise\Desktop\VIVADO\PROJECTS\NEXYS_ESP\PS\.sdk\launch_scripts\single_application_debug\debugger_esp_app-default.tcl'
20:39:31 INFO  : Checking for BSP changes to sync application flags for project 'ESP_APP'...
20:39:33 INFO  : Disconnected from the channel tcfchan#13.
20:39:35 INFO  : Connected to target on host '127.0.0.1' and port '3121'.
20:39:35 INFO  : Jtag cable 'Digilent Nexys4DDR 210292A6EFB1A' is selected.
20:39:35 INFO  : 'jtag frequency' command is executed.
20:39:35 INFO  : 'targets -set -filter {jtag_cable_name =~ "Digilent Nexys4DDR 210292A6EFB1A" && level==0 && jtag_device_ctx=="jsn-Nexys4DDR-210292A6EFB1A-13631093-0"}' command is executed.
20:39:37 INFO  : FPGA configured successfully with bitstream "C:/Users/alise/Desktop/VIVADO/PROJECTS/NEXYS_ESP/PS/ESP_APP/_ide/bitstream/design_1_wrapper.bit"
20:39:37 INFO  : Context for processor 'microblaze_0' is selected.
20:39:37 INFO  : Hardware design and registers information is loaded from 'C:/Users/alise/Desktop/VIVADO/PROJECTS/NEXYS_ESP/PS/design_1_wrapper/export/design_1_wrapper/hw/design_1_wrapper.xsa'.
20:39:37 INFO  : 'configparams mdm-detect-bscan-mask 2' command is executed.
20:39:37 INFO  : Context for processor 'microblaze_0' is selected.
20:39:37 INFO  : System reset is completed.
20:39:40 INFO  : 'after 3000' command is executed.
20:39:40 INFO  : Context for processor 'microblaze_0' is selected.
20:39:40 INFO  : The application 'C:/Users/alise/Desktop/VIVADO/PROJECTS/NEXYS_ESP/PS/ESP_APP/Debug/ESP_APP.elf' is downloaded to processor 'microblaze_0'.
20:39:40 INFO  : ----------------XSDB Script----------------
connect -url tcp:127.0.0.1:3121
targets -set -filter {jtag_cable_name =~ "Digilent Nexys4DDR 210292A6EFB1A" && level==0 && jtag_device_ctx=="jsn-Nexys4DDR-210292A6EFB1A-13631093-0"}
fpga -file C:/Users/alise/Desktop/VIVADO/PROJECTS/NEXYS_ESP/PS/ESP_APP/_ide/bitstream/design_1_wrapper.bit
targets -set -nocase -filter {name =~ "*microblaze*#0" && bscan=="USER2" }
loadhw -hw C:/Users/alise/Desktop/VIVADO/PROJECTS/NEXYS_ESP/PS/design_1_wrapper/export/design_1_wrapper/hw/design_1_wrapper.xsa -regs
configparams mdm-detect-bscan-mask 2
targets -set -nocase -filter {name =~ "*microblaze*#0" && bscan=="USER2" }
rst -system
after 3000
targets -set -nocase -filter {name =~ "*microblaze*#0" && bscan=="USER2" }
dow C:/Users/alise/Desktop/VIVADO/PROJECTS/NEXYS_ESP/PS/ESP_APP/Debug/ESP_APP.elf
----------------End of Script----------------

20:39:40 INFO  : Context for processor 'microblaze_0' is selected.
20:39:41 INFO  : 'con' command is executed.
20:39:41 INFO  : ----------------XSDB Script (After Launch)----------------
targets -set -nocase -filter {name =~ "*microblaze*#0" && bscan=="USER2" }
con
----------------End of Script----------------

20:39:41 INFO  : Launch script is exported to file 'C:\Users\alise\Desktop\VIVADO\PROJECTS\NEXYS_ESP\PS\.sdk\launch_scripts\single_application_debug\debugger_esp_app-default.tcl'
20:47:27 INFO  : Hardware specification for platform project 'design_1_wrapper' is updated.
20:47:37 INFO  : Successfully done sdx_reload_mss "C:/Users/alise/Desktop/VIVADO/PROJECTS/NEXYS_ESP/PS/design_1_wrapper/microblaze_0/domain_microblaze_0/bsp/system.mss"
20:47:41 INFO  : Result from executing command 'getProjects': design_1_wrapper
20:47:41 INFO  : Result from executing command 'getPlatforms': design_1_wrapper|C:/Users/alise/Desktop/VIVADO/PROJECTS/NEXYS_ESP/PS/design_1_wrapper/export/design_1_wrapper/design_1_wrapper.xpfm
20:47:41 INFO  : Checking for BSP changes to sync application flags for project 'ESP_APP'...
20:47:42 INFO  : The hardware specfication used by project 'ESP_APP' is out of sync with the platform. Resource files extracted from the hardware specfiication will be updated.
20:47:42 INFO  : The file 'C:\Users\alise\Desktop\VIVADO\PROJECTS\NEXYS_ESP\PS\ESP_APP\_ide\bitstream\design_1_wrapper.bit' stored in project is removed.
20:47:42 INFO  : The file 'C:\Users\alise\Desktop\VIVADO\PROJECTS\NEXYS_ESP\PS\ESP_APP\_ide\bitstream\design_1_wrapper.mmi' stored in project is removed.
20:47:42 INFO  : The updated bitstream files are copied from platform to folder 'C:\Users\alise\Desktop\VIVADO\PROJECTS\NEXYS_ESP\PS\ESP_APP\_ide\bitstream' in project 'ESP_APP'.
21:06:26 INFO  : Checking for BSP changes to sync application flags for project 'ESP_APP'...
21:07:12 INFO  : Checking for BSP changes to sync application flags for project 'ESP_APP'...
21:07:22 INFO  : Checking for BSP changes to sync application flags for project 'ESP_APP'...
21:07:51 INFO  : Checking for BSP changes to sync application flags for project 'ESP_APP'...
21:22:42 INFO  : Checking for BSP changes to sync application flags for project 'ESP_APP'...
21:23:18 INFO  : Checking for BSP changes to sync application flags for project 'ESP_APP'...
21:26:28 INFO  : Checking for BSP changes to sync application flags for project 'ESP_APP'...
21:27:12 INFO  : Checking for BSP changes to sync application flags for project 'ESP_APP'...
21:27:20 INFO  : Checking for BSP changes to sync application flags for project 'ESP_APP'...
21:28:02 INFO  : Checking for BSP changes to sync application flags for project 'ESP_APP'...
21:29:30 INFO  : Checking for BSP changes to sync application flags for project 'ESP_APP'...
21:29:47 INFO  : Checking for BSP changes to sync application flags for project 'ESP_APP'...
21:30:33 INFO  : Checking for BSP changes to sync application flags for project 'ESP_APP'...
21:30:47 INFO  : Checking for BSP changes to sync application flags for project 'ESP_APP'...
21:32:51 INFO  : Checking for BSP changes to sync application flags for project 'ESP_APP'...
21:32:59 INFO  : Checking for BSP changes to sync application flags for project 'ESP_APP'...
21:33:41 INFO  : Checking for BSP changes to sync application flags for project 'ESP_APP'...
21:35:02 INFO  : Checking for BSP changes to sync application flags for project 'ESP_APP'...
21:35:16 INFO  : Checking for BSP changes to sync application flags for project 'ESP_APP'...
21:37:43 INFO  : Checking for BSP changes to sync application flags for project 'ESP_APP'...
21:37:48 INFO  : Checking for BSP changes to sync application flags for project 'ESP_APP'...
21:38:09 INFO  : Checking for BSP changes to sync application flags for project 'ESP_APP'...
21:39:25 INFO  : Checking for BSP changes to sync application flags for project 'ESP_APP'...
21:39:47 INFO  : Checking for BSP changes to sync application flags for project 'ESP_APP'...
21:41:36 INFO  : Checking for BSP changes to sync application flags for project 'ESP_APP'...
21:41:56 INFO  : Checking for BSP changes to sync application flags for project 'ESP_APP'...
21:42:39 INFO  : Checking for BSP changes to sync application flags for project 'ESP_APP'...
21:42:47 INFO  : Checking for BSP changes to sync application flags for project 'ESP_APP'...
21:43:55 INFO  : Checking for BSP changes to sync application flags for project 'ESP_APP'...
21:52:37 INFO  : Checking for BSP changes to sync application flags for project 'ESP_APP'...
21:54:07 INFO  : Checking for BSP changes to sync application flags for project 'ESP_APP'...
21:54:23 INFO  : Checking for BSP changes to sync application flags for project 'ESP_APP'...
21:54:46 INFO  : Checking for BSP changes to sync application flags for project 'ESP_APP'...
21:54:51 INFO  : Disconnected from the channel tcfchan#14.
21:54:52 INFO  : Connected to target on host '127.0.0.1' and port '3121'.
21:54:52 INFO  : Jtag cable 'Digilent Nexys4DDR 210292A6EFB1A' is selected.
21:54:52 INFO  : 'jtag frequency' command is executed.
21:54:52 INFO  : 'targets -set -filter {jtag_cable_name =~ "Digilent Nexys4DDR 210292A6EFB1A" && level==0 && jtag_device_ctx=="jsn-Nexys4DDR-210292A6EFB1A-13631093-0"}' command is executed.
21:54:54 INFO  : FPGA configured successfully with bitstream "C:/Users/alise/Desktop/VIVADO/PROJECTS/NEXYS_ESP/PS/ESP_APP/_ide/bitstream/design_1_wrapper.bit"
21:54:54 INFO  : Context for processor 'microblaze_0' is selected.
21:54:54 INFO  : Hardware design and registers information is loaded from 'C:/Users/alise/Desktop/VIVADO/PROJECTS/NEXYS_ESP/PS/design_1_wrapper/export/design_1_wrapper/hw/design_1_wrapper.xsa'.
21:54:54 INFO  : 'configparams mdm-detect-bscan-mask 2' command is executed.
21:54:54 INFO  : Context for processor 'microblaze_0' is selected.
21:54:54 INFO  : System reset is completed.
21:54:57 INFO  : 'after 3000' command is executed.
21:54:57 INFO  : Context for processor 'microblaze_0' is selected.
21:54:57 INFO  : The application 'C:/Users/alise/Desktop/VIVADO/PROJECTS/NEXYS_ESP/PS/ESP_APP/Debug/ESP_APP.elf' is downloaded to processor 'microblaze_0'.
21:54:57 INFO  : ----------------XSDB Script----------------
connect -url tcp:127.0.0.1:3121
targets -set -filter {jtag_cable_name =~ "Digilent Nexys4DDR 210292A6EFB1A" && level==0 && jtag_device_ctx=="jsn-Nexys4DDR-210292A6EFB1A-13631093-0"}
fpga -file C:/Users/alise/Desktop/VIVADO/PROJECTS/NEXYS_ESP/PS/ESP_APP/_ide/bitstream/design_1_wrapper.bit
targets -set -nocase -filter {name =~ "*microblaze*#0" && bscan=="USER2" }
loadhw -hw C:/Users/alise/Desktop/VIVADO/PROJECTS/NEXYS_ESP/PS/design_1_wrapper/export/design_1_wrapper/hw/design_1_wrapper.xsa -regs
configparams mdm-detect-bscan-mask 2
targets -set -nocase -filter {name =~ "*microblaze*#0" && bscan=="USER2" }
rst -system
after 3000
targets -set -nocase -filter {name =~ "*microblaze*#0" && bscan=="USER2" }
dow C:/Users/alise/Desktop/VIVADO/PROJECTS/NEXYS_ESP/PS/ESP_APP/Debug/ESP_APP.elf
----------------End of Script----------------

21:54:57 INFO  : Context for processor 'microblaze_0' is selected.
21:54:58 INFO  : 'con' command is executed.
21:54:58 INFO  : ----------------XSDB Script (After Launch)----------------
targets -set -nocase -filter {name =~ "*microblaze*#0" && bscan=="USER2" }
con
----------------End of Script----------------

21:54:58 INFO  : Launch script is exported to file 'C:\Users\alise\Desktop\VIVADO\PROJECTS\NEXYS_ESP\PS\.sdk\launch_scripts\single_application_debug\debugger_esp_app-default.tcl'
21:59:29 INFO  : Hardware specification for platform project 'design_1_wrapper' is updated.
21:59:33 INFO  : Result from executing command 'getProjects': design_1_wrapper
21:59:33 INFO  : Result from executing command 'getPlatforms': design_1_wrapper|C:/Users/alise/Desktop/VIVADO/PROJECTS/NEXYS_ESP/PS/design_1_wrapper/export/design_1_wrapper/design_1_wrapper.xpfm
21:59:33 INFO  : Checking for BSP changes to sync application flags for project 'ESP_APP'...
21:59:34 INFO  : The hardware specfication used by project 'ESP_APP' is out of sync with the platform. Resource files extracted from the hardware specfiication will be updated.
21:59:34 INFO  : The file 'C:\Users\alise\Desktop\VIVADO\PROJECTS\NEXYS_ESP\PS\ESP_APP\_ide\bitstream\design_1_wrapper.bit' stored in project is removed.
21:59:34 INFO  : The file 'C:\Users\alise\Desktop\VIVADO\PROJECTS\NEXYS_ESP\PS\ESP_APP\_ide\bitstream\design_1_wrapper.mmi' stored in project is removed.
21:59:34 INFO  : The updated bitstream files are copied from platform to folder 'C:\Users\alise\Desktop\VIVADO\PROJECTS\NEXYS_ESP\PS\ESP_APP\_ide\bitstream' in project 'ESP_APP'.
22:01:45 INFO  : Hardware specification for platform project 'design_1_wrapper' is updated.
22:01:55 INFO  : Result from executing command 'getProjects': design_1_wrapper
22:01:55 INFO  : Result from executing command 'getPlatforms': design_1_wrapper|C:/Users/alise/Desktop/VIVADO/PROJECTS/NEXYS_ESP/PS/design_1_wrapper/export/design_1_wrapper/design_1_wrapper.xpfm
22:01:55 INFO  : Checking for BSP changes to sync application flags for project 'ESP_APP'...
22:03:14 INFO  : Checking for BSP changes to sync application flags for project 'ESP_APP'...
22:03:35 INFO  : Checking for BSP changes to sync application flags for project 'ESP_APP'...
22:03:46 INFO  : Checking for BSP changes to sync application flags for project 'ESP_APP'...
22:03:51 INFO  : Checking for BSP changes to sync application flags for project 'ESP_APP'...
22:03:58 INFO  : Disconnected from the channel tcfchan#16.
22:03:59 INFO  : Connected to target on host '127.0.0.1' and port '3121'.
22:03:59 INFO  : Jtag cable 'Digilent Nexys4DDR 210292A6EFB1A' is selected.
22:03:59 INFO  : 'jtag frequency' command is executed.
22:03:59 INFO  : 'targets -set -filter {jtag_cable_name =~ "Digilent Nexys4DDR 210292A6EFB1A" && level==0 && jtag_device_ctx=="jsn-Nexys4DDR-210292A6EFB1A-13631093-0"}' command is executed.
22:04:01 INFO  : FPGA configured successfully with bitstream "C:/Users/alise/Desktop/VIVADO/PROJECTS/NEXYS_ESP/PS/ESP_APP/_ide/bitstream/design_1_wrapper.bit"
22:04:01 INFO  : Context for processor 'microblaze_0' is selected.
22:04:01 INFO  : Hardware design and registers information is loaded from 'C:/Users/alise/Desktop/VIVADO/PROJECTS/NEXYS_ESP/PS/design_1_wrapper/export/design_1_wrapper/hw/design_1_wrapper.xsa'.
22:04:01 INFO  : 'configparams mdm-detect-bscan-mask 2' command is executed.
22:04:01 INFO  : Context for processor 'microblaze_0' is selected.
22:04:01 INFO  : System reset is completed.
22:04:04 INFO  : 'after 3000' command is executed.
22:04:04 INFO  : Context for processor 'microblaze_0' is selected.
22:04:04 INFO  : The application 'C:/Users/alise/Desktop/VIVADO/PROJECTS/NEXYS_ESP/PS/ESP_APP/Debug/ESP_APP.elf' is downloaded to processor 'microblaze_0'.
22:04:04 INFO  : ----------------XSDB Script----------------
connect -url tcp:127.0.0.1:3121
targets -set -filter {jtag_cable_name =~ "Digilent Nexys4DDR 210292A6EFB1A" && level==0 && jtag_device_ctx=="jsn-Nexys4DDR-210292A6EFB1A-13631093-0"}
fpga -file C:/Users/alise/Desktop/VIVADO/PROJECTS/NEXYS_ESP/PS/ESP_APP/_ide/bitstream/design_1_wrapper.bit
targets -set -nocase -filter {name =~ "*microblaze*#0" && bscan=="USER2" }
loadhw -hw C:/Users/alise/Desktop/VIVADO/PROJECTS/NEXYS_ESP/PS/design_1_wrapper/export/design_1_wrapper/hw/design_1_wrapper.xsa -regs
configparams mdm-detect-bscan-mask 2
targets -set -nocase -filter {name =~ "*microblaze*#0" && bscan=="USER2" }
rst -system
after 3000
targets -set -nocase -filter {name =~ "*microblaze*#0" && bscan=="USER2" }
dow C:/Users/alise/Desktop/VIVADO/PROJECTS/NEXYS_ESP/PS/ESP_APP/Debug/ESP_APP.elf
----------------End of Script----------------

22:04:04 INFO  : Context for processor 'microblaze_0' is selected.
22:04:05 INFO  : 'con' command is executed.
22:04:05 INFO  : ----------------XSDB Script (After Launch)----------------
targets -set -nocase -filter {name =~ "*microblaze*#0" && bscan=="USER2" }
con
----------------End of Script----------------

22:04:05 INFO  : Launch script is exported to file 'C:\Users\alise\Desktop\VIVADO\PROJECTS\NEXYS_ESP\PS\.sdk\launch_scripts\single_application_debug\debugger_esp_app-default.tcl'
22:05:12 INFO  : Checking for BSP changes to sync application flags for project 'ESP_APP'...
22:05:16 INFO  : Disconnected from the channel tcfchan#21.
22:05:17 INFO  : Connected to target on host '127.0.0.1' and port '3121'.
22:05:18 INFO  : Jtag cable 'Digilent Nexys4DDR 210292A6EFB1A' is selected.
22:05:18 INFO  : 'jtag frequency' command is executed.
22:05:18 INFO  : 'targets -set -filter {jtag_cable_name =~ "Digilent Nexys4DDR 210292A6EFB1A" && level==0 && jtag_device_ctx=="jsn-Nexys4DDR-210292A6EFB1A-13631093-0"}' command is executed.
22:05:20 INFO  : FPGA configured successfully with bitstream "C:/Users/alise/Desktop/VIVADO/PROJECTS/NEXYS_ESP/PS/ESP_APP/_ide/bitstream/design_1_wrapper.bit"
22:05:20 INFO  : Context for processor 'microblaze_0' is selected.
22:05:20 INFO  : Hardware design and registers information is loaded from 'C:/Users/alise/Desktop/VIVADO/PROJECTS/NEXYS_ESP/PS/design_1_wrapper/export/design_1_wrapper/hw/design_1_wrapper.xsa'.
22:05:20 INFO  : 'configparams mdm-detect-bscan-mask 2' command is executed.
22:05:20 INFO  : Context for processor 'microblaze_0' is selected.
22:05:20 INFO  : System reset is completed.
22:05:23 INFO  : 'after 3000' command is executed.
22:05:23 INFO  : Context for processor 'microblaze_0' is selected.
22:05:23 INFO  : The application 'C:/Users/alise/Desktop/VIVADO/PROJECTS/NEXYS_ESP/PS/ESP_APP/Debug/ESP_APP.elf' is downloaded to processor 'microblaze_0'.
22:05:23 INFO  : ----------------XSDB Script----------------
connect -url tcp:127.0.0.1:3121
targets -set -filter {jtag_cable_name =~ "Digilent Nexys4DDR 210292A6EFB1A" && level==0 && jtag_device_ctx=="jsn-Nexys4DDR-210292A6EFB1A-13631093-0"}
fpga -file C:/Users/alise/Desktop/VIVADO/PROJECTS/NEXYS_ESP/PS/ESP_APP/_ide/bitstream/design_1_wrapper.bit
targets -set -nocase -filter {name =~ "*microblaze*#0" && bscan=="USER2" }
loadhw -hw C:/Users/alise/Desktop/VIVADO/PROJECTS/NEXYS_ESP/PS/design_1_wrapper/export/design_1_wrapper/hw/design_1_wrapper.xsa -regs
configparams mdm-detect-bscan-mask 2
targets -set -nocase -filter {name =~ "*microblaze*#0" && bscan=="USER2" }
rst -system
after 3000
targets -set -nocase -filter {name =~ "*microblaze*#0" && bscan=="USER2" }
dow C:/Users/alise/Desktop/VIVADO/PROJECTS/NEXYS_ESP/PS/ESP_APP/Debug/ESP_APP.elf
----------------End of Script----------------

22:05:23 INFO  : Context for processor 'microblaze_0' is selected.
22:05:23 INFO  : 'con' command is executed.
22:05:23 INFO  : ----------------XSDB Script (After Launch)----------------
targets -set -nocase -filter {name =~ "*microblaze*#0" && bscan=="USER2" }
con
----------------End of Script----------------

22:05:23 INFO  : Launch script is exported to file 'C:\Users\alise\Desktop\VIVADO\PROJECTS\NEXYS_ESP\PS\.sdk\launch_scripts\single_application_debug\debugger_esp_app-default.tcl'
22:06:46 INFO  : Disconnected from the channel tcfchan#22.
22:07:14 INFO  : Hardware specification for platform project 'design_1_wrapper' is updated.
22:07:28 INFO  : Result from executing command 'getProjects': design_1_wrapper
22:07:28 INFO  : Result from executing command 'getPlatforms': design_1_wrapper|C:/Users/alise/Desktop/VIVADO/PROJECTS/NEXYS_ESP/PS/design_1_wrapper/export/design_1_wrapper/design_1_wrapper.xpfm
22:07:28 INFO  : Checking for BSP changes to sync application flags for project 'ESP_APP'...
22:07:29 INFO  : The hardware specfication used by project 'ESP_APP' is out of sync with the platform. Resource files extracted from the hardware specfiication will be updated.
22:07:29 INFO  : The file 'C:\Users\alise\Desktop\VIVADO\PROJECTS\NEXYS_ESP\PS\ESP_APP\_ide\bitstream\design_1_wrapper.bit' stored in project is removed.
22:07:29 INFO  : The file 'C:\Users\alise\Desktop\VIVADO\PROJECTS\NEXYS_ESP\PS\ESP_APP\_ide\bitstream\design_1_wrapper.mmi' stored in project is removed.
22:07:30 INFO  : The updated bitstream files are copied from platform to folder 'C:\Users\alise\Desktop\VIVADO\PROJECTS\NEXYS_ESP\PS\ESP_APP\_ide\bitstream' in project 'ESP_APP'.
22:08:34 INFO  : Checking for BSP changes to sync application flags for project 'ESP_APP'...
22:08:39 INFO  : Connected to target on host '127.0.0.1' and port '3121'.
22:08:39 INFO  : Jtag cable 'Digilent Nexys4DDR 210292A6EFB1A' is selected.
22:08:39 INFO  : 'jtag frequency' command is executed.
22:08:40 INFO  : 'targets -set -filter {jtag_cable_name =~ "Digilent Nexys4DDR 210292A6EFB1A" && level==0 && jtag_device_ctx=="jsn-Nexys4DDR-210292A6EFB1A-13631093-0"}' command is executed.
22:08:42 INFO  : FPGA configured successfully with bitstream "C:/Users/alise/Desktop/VIVADO/PROJECTS/NEXYS_ESP/PS/ESP_APP/_ide/bitstream/design_1_wrapper.bit"
22:08:42 INFO  : Context for processor 'microblaze_0' is selected.
22:08:42 INFO  : Hardware design and registers information is loaded from 'C:/Users/alise/Desktop/VIVADO/PROJECTS/NEXYS_ESP/PS/design_1_wrapper/export/design_1_wrapper/hw/design_1_wrapper.xsa'.
22:08:42 INFO  : 'configparams mdm-detect-bscan-mask 2' command is executed.
22:08:42 INFO  : Context for processor 'microblaze_0' is selected.
22:08:42 INFO  : System reset is completed.
22:08:45 INFO  : 'after 3000' command is executed.
22:08:45 INFO  : Context for processor 'microblaze_0' is selected.
22:08:45 INFO  : The application 'C:/Users/alise/Desktop/VIVADO/PROJECTS/NEXYS_ESP/PS/ESP_APP/Debug/ESP_APP.elf' is downloaded to processor 'microblaze_0'.
22:08:45 INFO  : ----------------XSDB Script----------------
connect -url tcp:127.0.0.1:3121
targets -set -filter {jtag_cable_name =~ "Digilent Nexys4DDR 210292A6EFB1A" && level==0 && jtag_device_ctx=="jsn-Nexys4DDR-210292A6EFB1A-13631093-0"}
fpga -file C:/Users/alise/Desktop/VIVADO/PROJECTS/NEXYS_ESP/PS/ESP_APP/_ide/bitstream/design_1_wrapper.bit
targets -set -nocase -filter {name =~ "*microblaze*#0" && bscan=="USER2" }
loadhw -hw C:/Users/alise/Desktop/VIVADO/PROJECTS/NEXYS_ESP/PS/design_1_wrapper/export/design_1_wrapper/hw/design_1_wrapper.xsa -regs
configparams mdm-detect-bscan-mask 2
targets -set -nocase -filter {name =~ "*microblaze*#0" && bscan=="USER2" }
rst -system
after 3000
targets -set -nocase -filter {name =~ "*microblaze*#0" && bscan=="USER2" }
dow C:/Users/alise/Desktop/VIVADO/PROJECTS/NEXYS_ESP/PS/ESP_APP/Debug/ESP_APP.elf
----------------End of Script----------------

22:08:45 INFO  : Context for processor 'microblaze_0' is selected.
22:08:45 INFO  : 'con' command is executed.
22:08:45 INFO  : ----------------XSDB Script (After Launch)----------------
targets -set -nocase -filter {name =~ "*microblaze*#0" && bscan=="USER2" }
con
----------------End of Script----------------

22:08:45 INFO  : Launch script is exported to file 'C:\Users\alise\Desktop\VIVADO\PROJECTS\NEXYS_ESP\PS\.sdk\launch_scripts\single_application_debug\debugger_esp_app-default.tcl'
22:09:11 INFO  : Checking for BSP changes to sync application flags for project 'ESP_APP'...
22:09:14 INFO  : Disconnected from the channel tcfchan#24.
22:09:16 INFO  : Connected to target on host '127.0.0.1' and port '3121'.
22:09:16 INFO  : Jtag cable 'Digilent Nexys4DDR 210292A6EFB1A' is selected.
22:09:16 INFO  : 'jtag frequency' command is executed.
22:09:16 INFO  : 'targets -set -filter {jtag_cable_name =~ "Digilent Nexys4DDR 210292A6EFB1A" && level==0 && jtag_device_ctx=="jsn-Nexys4DDR-210292A6EFB1A-13631093-0"}' command is executed.
22:09:18 INFO  : FPGA configured successfully with bitstream "C:/Users/alise/Desktop/VIVADO/PROJECTS/NEXYS_ESP/PS/ESP_APP/_ide/bitstream/design_1_wrapper.bit"
22:09:18 INFO  : Context for processor 'microblaze_0' is selected.
22:09:18 INFO  : Hardware design and registers information is loaded from 'C:/Users/alise/Desktop/VIVADO/PROJECTS/NEXYS_ESP/PS/design_1_wrapper/export/design_1_wrapper/hw/design_1_wrapper.xsa'.
22:09:18 INFO  : 'configparams mdm-detect-bscan-mask 2' command is executed.
22:09:18 INFO  : Context for processor 'microblaze_0' is selected.
22:09:18 INFO  : System reset is completed.
22:09:21 INFO  : 'after 3000' command is executed.
22:09:21 INFO  : Context for processor 'microblaze_0' is selected.
22:09:21 INFO  : The application 'C:/Users/alise/Desktop/VIVADO/PROJECTS/NEXYS_ESP/PS/ESP_APP/Debug/ESP_APP.elf' is downloaded to processor 'microblaze_0'.
22:09:21 INFO  : ----------------XSDB Script----------------
connect -url tcp:127.0.0.1:3121
targets -set -filter {jtag_cable_name =~ "Digilent Nexys4DDR 210292A6EFB1A" && level==0 && jtag_device_ctx=="jsn-Nexys4DDR-210292A6EFB1A-13631093-0"}
fpga -file C:/Users/alise/Desktop/VIVADO/PROJECTS/NEXYS_ESP/PS/ESP_APP/_ide/bitstream/design_1_wrapper.bit
targets -set -nocase -filter {name =~ "*microblaze*#0" && bscan=="USER2" }
loadhw -hw C:/Users/alise/Desktop/VIVADO/PROJECTS/NEXYS_ESP/PS/design_1_wrapper/export/design_1_wrapper/hw/design_1_wrapper.xsa -regs
configparams mdm-detect-bscan-mask 2
targets -set -nocase -filter {name =~ "*microblaze*#0" && bscan=="USER2" }
rst -system
after 3000
targets -set -nocase -filter {name =~ "*microblaze*#0" && bscan=="USER2" }
dow C:/Users/alise/Desktop/VIVADO/PROJECTS/NEXYS_ESP/PS/ESP_APP/Debug/ESP_APP.elf
----------------End of Script----------------

22:09:21 INFO  : Context for processor 'microblaze_0' is selected.
22:09:22 INFO  : 'con' command is executed.
22:09:22 INFO  : ----------------XSDB Script (After Launch)----------------
targets -set -nocase -filter {name =~ "*microblaze*#0" && bscan=="USER2" }
con
----------------End of Script----------------

22:09:22 INFO  : Launch script is exported to file 'C:\Users\alise\Desktop\VIVADO\PROJECTS\NEXYS_ESP\PS\.sdk\launch_scripts\single_application_debug\debugger_esp_app-default.tcl'
22:15:23 INFO  : Hardware specification for platform project 'design_1_wrapper' is updated.
22:15:29 INFO  : Result from executing command 'getProjects': design_1_wrapper
22:15:29 INFO  : Result from executing command 'getPlatforms': design_1_wrapper|C:/Users/alise/Desktop/VIVADO/PROJECTS/NEXYS_ESP/PS/design_1_wrapper/export/design_1_wrapper/design_1_wrapper.xpfm
22:15:29 INFO  : Checking for BSP changes to sync application flags for project 'ESP_APP'...
22:15:29 INFO  : The hardware specfication used by project 'ESP_APP' is out of sync with the platform. Resource files extracted from the hardware specfiication will be updated.
22:15:29 INFO  : The file 'C:\Users\alise\Desktop\VIVADO\PROJECTS\NEXYS_ESP\PS\ESP_APP\_ide\bitstream\design_1_wrapper.bit' stored in project is removed.
22:15:29 INFO  : The file 'C:\Users\alise\Desktop\VIVADO\PROJECTS\NEXYS_ESP\PS\ESP_APP\_ide\bitstream\design_1_wrapper.mmi' stored in project is removed.
22:15:29 INFO  : The updated bitstream files are copied from platform to folder 'C:\Users\alise\Desktop\VIVADO\PROJECTS\NEXYS_ESP\PS\ESP_APP\_ide\bitstream' in project 'ESP_APP'.
22:15:37 INFO  : Disconnected from the channel tcfchan#25.
22:15:38 INFO  : Connected to target on host '127.0.0.1' and port '3121'.
22:15:39 INFO  : Jtag cable 'Digilent Nexys4DDR 210292A6EFB1A' is selected.
22:15:39 INFO  : 'jtag frequency' command is executed.
22:15:39 INFO  : 'targets -set -filter {jtag_cable_name =~ "Digilent Nexys4DDR 210292A6EFB1A" && level==0 && jtag_device_ctx=="jsn-Nexys4DDR-210292A6EFB1A-13631093-0"}' command is executed.
22:15:41 INFO  : FPGA configured successfully with bitstream "C:/Users/alise/Desktop/VIVADO/PROJECTS/NEXYS_ESP/PS/ESP_APP/_ide/bitstream/design_1_wrapper.bit"
22:15:41 INFO  : Context for processor 'microblaze_0' is selected.
22:15:41 INFO  : Hardware design and registers information is loaded from 'C:/Users/alise/Desktop/VIVADO/PROJECTS/NEXYS_ESP/PS/design_1_wrapper/export/design_1_wrapper/hw/design_1_wrapper.xsa'.
22:15:41 INFO  : 'configparams mdm-detect-bscan-mask 2' command is executed.
22:15:41 INFO  : Context for processor 'microblaze_0' is selected.
22:15:41 INFO  : System reset is completed.
22:15:44 INFO  : 'after 3000' command is executed.
22:15:44 INFO  : Context for processor 'microblaze_0' is selected.
22:15:44 INFO  : The application 'C:/Users/alise/Desktop/VIVADO/PROJECTS/NEXYS_ESP/PS/ESP_APP/Debug/ESP_APP.elf' is downloaded to processor 'microblaze_0'.
22:15:44 INFO  : ----------------XSDB Script----------------
connect -url tcp:127.0.0.1:3121
targets -set -filter {jtag_cable_name =~ "Digilent Nexys4DDR 210292A6EFB1A" && level==0 && jtag_device_ctx=="jsn-Nexys4DDR-210292A6EFB1A-13631093-0"}
fpga -file C:/Users/alise/Desktop/VIVADO/PROJECTS/NEXYS_ESP/PS/ESP_APP/_ide/bitstream/design_1_wrapper.bit
targets -set -nocase -filter {name =~ "*microblaze*#0" && bscan=="USER2" }
loadhw -hw C:/Users/alise/Desktop/VIVADO/PROJECTS/NEXYS_ESP/PS/design_1_wrapper/export/design_1_wrapper/hw/design_1_wrapper.xsa -regs
configparams mdm-detect-bscan-mask 2
targets -set -nocase -filter {name =~ "*microblaze*#0" && bscan=="USER2" }
rst -system
after 3000
targets -set -nocase -filter {name =~ "*microblaze*#0" && bscan=="USER2" }
dow C:/Users/alise/Desktop/VIVADO/PROJECTS/NEXYS_ESP/PS/ESP_APP/Debug/ESP_APP.elf
----------------End of Script----------------

22:15:44 INFO  : Context for processor 'microblaze_0' is selected.
22:15:44 INFO  : 'con' command is executed.
22:15:44 INFO  : ----------------XSDB Script (After Launch)----------------
targets -set -nocase -filter {name =~ "*microblaze*#0" && bscan=="USER2" }
con
----------------End of Script----------------

22:15:44 INFO  : Launch script is exported to file 'C:\Users\alise\Desktop\VIVADO\PROJECTS\NEXYS_ESP\PS\.sdk\launch_scripts\single_application_debug\debugger_esp_app-default.tcl'
22:16:15 INFO  : Disconnected from the channel tcfchan#27.
